#
# A fatal error has been detected by the Java Runtime Environment:
#
#  EXCEPTION_ACCESS_VIOLATION (0xc0000005) at pc=0x00007ffcf5df3d19, pid=11328, tid=10444
#
# JRE version: Java(TM) SE Runtime Environment (17.0.10+11) (build 17.0.10+11-LTS-240)
# Java VM: Java HotSpot(TM) 64-Bit Server VM (17.0.10+11-LTS-240, mixed mode, sharing, tiered, compressed oops, compressed class ptrs, g1 gc, windows-amd64)
# Problematic frame:
# C  [imgui-java64.dll+0x53d19]
#
# No core dump will be written. Minidumps are not enabled by default on client versions of Windows
#
# If you would like to submit a bug report, please visit:
#   https://bugreport.java.com/bugreport/crash.jsp
# The crash happened outside the Java Virtual Machine in native code.
# See problematic frame for where to report the bug.
#

---------------  S U M M A R Y ------------

Command Line: -agentlib:jdwp=transport=dt_socket,server=n,suspend=y,address=localhost:61485 -XX:+ShowCodeDetailsInExceptionMessages org.PiEngine.Main

Host: AMD Ryzen 7 5800H with Radeon Graphics         , 16 cores, 15G,  Windows 11 , 64 bit Build 22621 (10.0.22621.2428)
Time: Tue Apr  8 20:33:37 2025 India Standard Time elapsed time: 0.706431 seconds (0d 0h 0m 0s)

---------------  T H R E A D  ---------------

Current thread (0x0000019c0414e1d0):  JavaThread "main" [_thread_in_native, id=10444, stack(0x000000254d200000,0x000000254d300000)]

Stack: [0x000000254d200000,0x000000254d300000],  sp=0x000000254d2fef60,  free space=1019k
Native frames: (J=compiled Java code, j=interpreted, Vv=VM code, C=native code)
C  [imgui-java64.dll+0x53d19]

Java frames: (J=compiled Java code, j=interpreted, Vv=VM code)
j  imgui.ImGui.nBegin(Ljava/lang/String;)Z+0
j  imgui.ImGui.begin(Ljava/lang/String;)Z+1
j  org.PiEngine.Editor.HierarchyWindow.onRender()V+4
j  org.PiEngine.Editor.Editor.render()V+24
j  org.PiEngine.Main.main([Ljava/lang/String;)V+639
v  ~StubRoutines::call_stub

siginfo: EXCEPTION_ACCESS_VIOLATION (0xc0000005), reading address 0x0000000000003f80


Registers:
RAX=0x0000000000000000, RBX=0x0000019c0414e480, RCX=0x0000019c738b31f0, RDX=0x0000000000000000
RSP=0x000000254d2fef60, RBP=0x000000254d2ff2d8, RSI=0x000000254d2ff2f8, RDI=0x0000000000000000
R8 =0x0000000000000000, R9 =0x0000000000000001, R10=0x0000019c738b31f9, R11=0x0000019c738b31f0
R12=0x0000000000000000, R13=0x0000019c695c72a0, R14=0x000000254d2ff2f8, R15=0x0000019c0414e1d0
RIP=0x00007ffcf5df3d19, EFLAGS=0x0000000000010206


Register to memory mapping:

RIP=0x00007ffcf5df3d19 imgui-java64.dll
RAX=0x0 is NULL
RBX=0x0000019c0414e480 points into unknown readable memory: 0x0000019c6d2b8290 | 90 82 2b 6d 9c 01 00 00
RCX=0x0000019c738b31f0 points into unknown readable memory: 0x6863726172656948 | 48 69 65 72 61 72 63 68
RDX=0x0 is NULL
RSP=0x000000254d2fef60 is pointing into the stack for thread: 0x0000019c0414e1d0
RBP=0x000000254d2ff2d8 is pointing into the stack for thread: 0x0000019c0414e1d0
RSI=0x000000254d2ff2f8 is pointing into the stack for thread: 0x0000019c0414e1d0
RDI=0x0 is NULL
R8 =0x0 is NULL
R9 =0x0000000000000001 is an unknown value
R10=0x0000019c738b31f9 points into unknown readable memory: 00 00 00 00 00 00 00
R11=0x0000019c738b31f0 points into unknown readable memory: 0x6863726172656948 | 48 69 65 72 61 72 63 68
R12=0x0 is NULL
R13={method} {0x0000019c695c72a8} 'nBegin' '(Ljava/lang/String;)Z' in 'imgui/ImGui'
R14=0x000000254d2ff2f8 is pointing into the stack for thread: 0x0000019c0414e1d0
R15=0x0000019c0414e1d0 is a thread


Top of Stack: (sp=0x000000254d2fef60)
0x000000254d2fef60:   0000000100000010 0000019c04149580
0x000000254d2fef70:   0000019c01f802a8 0000000000000020
0x000000254d2fef80:   0000019c01f80d20 00007ffd76deddef
0x000000254d2fef90:   0000000000000000 000000000000000a
0x000000254d2fefa0:   0000000000000000 0000000000000000
0x000000254d2fefb0:   0000000000000000 0000000000000002
0x000000254d2fefc0:   0000000000000000 000000254d2ff079
0x000000254d2fefd0:   0000019c01e80000 00007ffd76e0c7aa
0x000000254d2fefe0:   0000019c01f80000 00007ffc00000002
0x000000254d2feff0:   000000000000000a 0000002500000000
0x000000254d2ff000:   0000000700000008 000000254d2c7000
0x000000254d2ff010:   0000002500000002 000000254d2ff1d0
0x000000254d2ff020:   00007ffcf6319000 0000000000000000
0x000000254d2ff030:   00026bf800000000 0000000000000000
0x000000254d2ff040:   000000254d2ff010 0000000000000000
0x000000254d2ff050:   000000254d2ff210 000000254d2ff071 

Instructions: (pc=0x00007ffcf5df3d19)
0x00007ffcf5df3c19:   a8 f8 00 00 00 01 48 8b 15 e2 5b 58 00 ff 15 c4
0x00007ffcf5df3c29:   95 4b 00 48 89 bb 30 01 00 00 48 63 83 28 01 00
0x00007ffcf5df3c39:   00 89 ab 2c 01 00 00 e9 43 ff ff ff 0f 1f 00 89
0x00007ffcf5df3c49:   c2 c1 ea 1f 01 c2 d1 fa 01 c2 39 ca 0f 4d ca 89
0x00007ffcf5df3c59:   cd 39 c8 0f 8d 1f ff ff ff e9 50 ff ff ff 66 0f
0x00007ffcf5df3c69:   1f 84 00 00 00 00 00 41 57 41 56 41 55 41 54 55
0x00007ffcf5df3c79:   57 56 53 48 81 ec 68 02 00 00 0f 11 b4 24 c0 01
0x00007ffcf5df3c89:   00 00 0f 11 bc 24 d0 01 00 00 44 0f 11 84 24 e0
0x00007ffcf5df3c99:   01 00 00 44 0f 11 8c 24 f0 01 00 00 44 0f 11 94
0x00007ffcf5df3ca9:   24 00 02 00 00 44 0f 11 9c 24 10 02 00 00 44 0f
0x00007ffcf5df3cb9:   11 a4 24 20 02 00 00 44 0f 11 ac 24 30 02 00 00
0x00007ffcf5df3cc9:   44 0f 11 b4 24 40 02 00 00 44 0f 11 bc 24 50 02
0x00007ffcf5df3cd9:   00 00 48 8b 05 86 5a 58 00 48 89 8c 24 b0 02 00
0x00007ffcf5df3ce9:   00 44 89 c7 48 89 94 24 b8 02 00 00 48 89 44 24
0x00007ffcf5df3cf9:   48 48 85 c9 0f 84 ad 39 00 00 48 8b 84 24 b0 02
0x00007ffcf5df3d09:   00 00 80 38 00 0f 84 c4 01 00 00 48 8b 44 24 48
0x00007ffcf5df3d19:   80 b8 80 3f 00 00 00 0f 84 2a 14 00 00 48 8b 44
0x00007ffcf5df3d29:   24 48 8b b0 70 3f 00 00 39 b0 74 3f 00 00 0f 84
0x00007ffcf5df3d39:   c3 15 00 00 48 8b 8c 24 b0 02 00 00 e8 c6 83 fd
0x00007ffcf5df3d49:   ff 48 85 c0 48 89 44 24 70 48 89 c3 0f 94 44 24
0x00007ffcf5df3d59:   67 0f 84 80 39 00 00 89 fa 89 f8 f7 d2 83 c8 06
0x00007ffcf5df3d69:   81 e2 00 02 0c 00 0f 44 f8 f7 c7 00 00 80 00 74
0x00007ffcf5df3d79:   0c f7 c7 00 00 00 01 0f 84 7a 16 00 00 48 8b 4c
0x00007ffcf5df3d89:   24 48 44 8b b3 98 02 00 00 31 c0 44 8b b9 e8 3f
0x00007ffcf5df3d99:   00 00 44 8b a9 70 3f 00 00 45 85 ff 0f 84 1d 01
0x00007ffcf5df3da9:   00 00 88 83 f3 00 00 00 41 8d 45 ff 41 39 c6 0f
0x00007ffcf5df3db9:   9c 44 24 66 f7 c7 00 00 00 04 0f 85 07 13 00 00
0x00007ffcf5df3dc9:   0f b6 ab f1 00 00 00 45 39 ee 0f 85 17 02 00 00
0x00007ffcf5df3dd9:   8b 7b 14 48 83 bb 48 04 00 00 00 74 32 48 83 bb
0x00007ffcf5df3de9:   50 04 00 00 00 74 28 e8 ab 88 1a 00 84 c0 0f 85
0x00007ffcf5df3df9:   63 3c 00 00 48 83 bb 48 04 00 00 00 74 11 48 83
0x00007ffcf5df3e09:   bb 50 04 00 00 00 0f 85 d5 57 00 00 0f 1f 00 48 


Stack slot to memory mapping:
stack at sp + 0 slots: 0x0000000100000010 is an unknown value
stack at sp + 1 slots: 0x0000019c04149580 points into unknown readable memory: 0x0000000000000000 | 00 00 00 00 00 00 00 00
stack at sp + 2 slots: 0x0000019c01f802a8 points into unknown readable memory: 0x0002000301010002 | 02 00 01 01 03 00 02 00
stack at sp + 3 slots: 0x0000000000000020 is an unknown value
stack at sp + 4 slots: 0x0000019c01f80d20 points into unknown readable memory: 0x0000000000030000 | 00 00 03 00 00 00 00 00
stack at sp + 5 slots: 0x00007ffd76deddef ntdll.dll
stack at sp + 6 slots: 0x0 is NULL
stack at sp + 7 slots: 0x000000000000000a is an unknown value


---------------  P R O C E S S  ---------------

Threads class SMR info:
_java_thread_list=0x0000019c7371d2d0, length=19, elements={
0x0000019c0414e1d0, 0x0000019c2758c600, 0x0000019c2758d190, 0x0000019c276a30a0,
0x0000019c276a4980, 0x0000019c276a5250, 0x0000019c276a5b20, 0x0000019c276a84b0,
0x0000019c276ac370, 0x0000019c276ad070, 0x0000019c277d8ec0, 0x0000019c277db3f0,
0x0000019c277fc4b0, 0x0000019c27814570, 0x0000019c27814a60, 0x0000019c27819470,
0x0000019c2784d2e0, 0x0000019c736af2f0, 0x0000019c736c37e0
}

Java Threads: ( => current thread )
=>0x0000019c0414e1d0 JavaThread "main" [_thread_in_native, id=10444, stack(0x000000254d200000,0x000000254d300000)]
  0x0000019c2758c600 JavaThread "Reference Handler" daemon [_thread_blocked, id=10244, stack(0x000000254d900000,0x000000254da00000)]
  0x0000019c2758d190 JavaThread "Finalizer" daemon [_thread_blocked, id=9856, stack(0x000000254da00000,0x000000254db00000)]
  0x0000019c276a30a0 JavaThread "Signal Dispatcher" daemon [_thread_blocked, id=9692, stack(0x000000254db00000,0x000000254dc00000)]
  0x0000019c276a4980 JavaThread "Attach Listener" daemon [_thread_blocked, id=1832, stack(0x000000254dc00000,0x000000254dd00000)]
  0x0000019c276a5250 JavaThread "Service Thread" daemon [_thread_blocked, id=11272, stack(0x000000254dd00000,0x000000254de00000)]
  0x0000019c276a5b20 JavaThread "Monitor Deflation Thread" daemon [_thread_blocked, id=3984, stack(0x000000254de00000,0x000000254df00000)]
  0x0000019c276a84b0 JavaThread "C2 CompilerThread0" daemon [_thread_blocked, id=7504, stack(0x000000254df00000,0x000000254e000000)]
  0x0000019c276ac370 JavaThread "C1 CompilerThread0" daemon [_thread_blocked, id=2628, stack(0x000000254e000000,0x000000254e100000)]
  0x0000019c276ad070 JavaThread "Sweeper thread" daemon [_thread_blocked, id=15564, stack(0x000000254e100000,0x000000254e200000)]
  0x0000019c277d8ec0 JavaThread "C1 CompilerThread1" daemon [_thread_blocked, id=5160, stack(0x000000254e200000,0x000000254e300000)]
  0x0000019c277db3f0 JavaThread "C1 CompilerThread2" daemon [_thread_blocked, id=8912, stack(0x000000254e300000,0x000000254e400000)]
  0x0000019c277fc4b0 JavaThread "JDWP Transport Listener: dt_socket" daemon [_thread_blocked, id=8916, stack(0x000000254e400000,0x000000254e500000)]
  0x0000019c27814570 JavaThread "JDWP Event Helper Thread" daemon [_thread_blocked, id=15560, stack(0x000000254e500000,0x000000254e600000)]
  0x0000019c27814a60 JavaThread "JDWP Command Reader" daemon [_thread_in_native, id=7692, stack(0x000000254e600000,0x000000254e700000)]
  0x0000019c27819470 JavaThread "Notification Thread" daemon [_thread_blocked, id=8124, stack(0x000000254e700000,0x000000254e800000)]
  0x0000019c2784d2e0 JavaThread "Common-Cleaner" daemon [_thread_blocked, id=9276, stack(0x000000254e900000,0x000000254ea00000)]
  0x0000019c736af2f0 JavaThread "C1 CompilerThread3" daemon [_thread_blocked, id=8956, stack(0x000000254ea00000,0x000000254eb00000)]
  0x0000019c736c37e0 JavaThread "C2 CompilerThread1" daemon [_thread_blocked, id=1008, stack(0x000000254ee00000,0x000000254ef00000)]

Other Threads:
  0x0000019c27588bf0 VMThread "VM Thread" [stack: 0x000000254d800000,0x000000254d900000] [id=16280]
  0x0000019c041e1620 WatcherThread [stack: 0x000000254e800000,0x000000254e900000] [id=3372]
  0x0000019c041b7bc0 GCTaskThread "GC Thread#0" [stack: 0x000000254d300000,0x000000254d400000] [id=2036]
  0x0000019c041c80a0 ConcurrentGCThread "G1 Main Marker" [stack: 0x000000254d400000,0x000000254d500000] [id=5492]
  0x0000019c041ca170 ConcurrentGCThread "G1 Conc#0" [stack: 0x000000254d500000,0x000000254d600000] [id=1236]
  0x0000019c0421e650 ConcurrentGCThread "G1 Refine#0" [stack: 0x000000254d600000,0x000000254d700000] [id=16008]
  0x0000019c2743e550 ConcurrentGCThread "G1 Service" [stack: 0x000000254d700000,0x000000254d800000] [id=300]

Threads with active compile tasks:

VM state: not at safepoint (normal execution)

VM Mutex/Monitor currently owned by a thread: None

Heap address: 0x0000000709800000, size: 3944 MB, Compressed Oops mode: Zero based, Oop shift amount: 3

CDS archive(s) mapped at: [0x0000019c28000000-0x0000019c28bd0000-0x0000019c28bd0000), size 12386304, SharedBaseAddress: 0x0000019c28000000, ArchiveRelocationMode: 1.
Compressed class space mapped at: 0x0000019c29000000-0x0000019c69000000, reserved size: 1073741824
Narrow klass base: 0x0000019c28000000, Narrow klass shift: 0, Narrow klass range: 0x100000000

GC Precious Log:
 CPUs: 16 total, 16 available
 Memory: 15773M
 Large Page Support: Disabled
 NUMA Support: Disabled
 Compressed Oops: Enabled (Zero based)
 Heap Region Size: 2M
 Heap Min Capacity: 8M
 Heap Initial Capacity: 248M
 Heap Max Capacity: 3944M
 Pre-touch: Disabled
 Parallel Workers: 13
 Concurrent Workers: 3
 Concurrent Refinement Workers: 13
 Periodic GC: Disabled

Heap:
 garbage-first heap   total 253952K, used 10240K [0x0000000709800000, 0x0000000800000000)
  region size 2048K, 6 young (12288K), 0 survivors (0K)
 Metaspace       used 4524K, committed 4800K, reserved 1114112K
  class space    used 238K, committed 384K, reserved 1048576K

Heap Regions: E=young(eden), S=young(survivor), O=old, HS=humongous(starts), HC=humongous(continues), CS=collection set, F=free, OA=open archive, CA=closed archive, TAMS=top-at-mark-start (previous, next)
|   0|0x0000000709800000, 0x0000000709800000, 0x0000000709a00000|  0%| F|  |TAMS 0x0000000709800000, 0x0000000709800000| Untracked 
|   1|0x0000000709a00000, 0x0000000709a00000, 0x0000000709c00000|  0%| F|  |TAMS 0x0000000709a00000, 0x0000000709a00000| Untracked 
|   2|0x0000000709c00000, 0x0000000709c00000, 0x0000000709e00000|  0%| F|  |TAMS 0x0000000709c00000, 0x0000000709c00000| Untracked 
|   3|0x0000000709e00000, 0x0000000709e00000, 0x000000070a000000|  0%| F|  |TAMS 0x0000000709e00000, 0x0000000709e00000| Untracked 
|   4|0x000000070a000000, 0x000000070a000000, 0x000000070a200000|  0%| F|  |TAMS 0x000000070a000000, 0x000000070a000000| Untracked 
|   5|0x000000070a200000, 0x000000070a200000, 0x000000070a400000|  0%| F|  |TAMS 0x000000070a200000, 0x000000070a200000| Untracked 
|   6|0x000000070a400000, 0x000000070a400000, 0x000000070a600000|  0%| F|  |TAMS 0x000000070a400000, 0x000000070a400000| Untracked 
|   7|0x000000070a600000, 0x000000070a600000, 0x000000070a800000|  0%| F|  |TAMS 0x000000070a600000, 0x000000070a600000| Untracked 
|   8|0x000000070a800000, 0x000000070a800000, 0x000000070aa00000|  0%| F|  |TAMS 0x000000070a800000, 0x000000070a800000| Untracked 
|   9|0x000000070aa00000, 0x000000070aa00000, 0x000000070ac00000|  0%| F|  |TAMS 0x000000070aa00000, 0x000000070aa00000| Untracked 
|  10|0x000000070ac00000, 0x000000070ac00000, 0x000000070ae00000|  0%| F|  |TAMS 0x000000070ac00000, 0x000000070ac00000| Untracked 
|  11|0x000000070ae00000, 0x000000070ae00000, 0x000000070b000000|  0%| F|  |TAMS 0x000000070ae00000, 0x000000070ae00000| Untracked 
|  12|0x000000070b000000, 0x000000070b000000, 0x000000070b200000|  0%| F|  |TAMS 0x000000070b000000, 0x000000070b000000| Untracked 
|  13|0x000000070b200000, 0x000000070b200000, 0x000000070b400000|  0%| F|  |TAMS 0x000000070b200000, 0x000000070b200000| Untracked 
|  14|0x000000070b400000, 0x000000070b400000, 0x000000070b600000|  0%| F|  |TAMS 0x000000070b400000, 0x000000070b400000| Untracked 
|  15|0x000000070b600000, 0x000000070b600000, 0x000000070b800000|  0%| F|  |TAMS 0x000000070b600000, 0x000000070b600000| Untracked 
|  16|0x000000070b800000, 0x000000070b800000, 0x000000070ba00000|  0%| F|  |TAMS 0x000000070b800000, 0x000000070b800000| Untracked 
|  17|0x000000070ba00000, 0x000000070ba00000, 0x000000070bc00000|  0%| F|  |TAMS 0x000000070ba00000, 0x000000070ba00000| Untracked 
|  18|0x000000070bc00000, 0x000000070bc00000, 0x000000070be00000|  0%| F|  |TAMS 0x000000070bc00000, 0x000000070bc00000| Untracked 
|  19|0x000000070be00000, 0x000000070be00000, 0x000000070c000000|  0%| F|  |TAMS 0x000000070be00000, 0x000000070be00000| Untracked 
|  20|0x000000070c000000, 0x000000070c000000, 0x000000070c200000|  0%| F|  |TAMS 0x000000070c000000, 0x000000070c000000| Untracked 
|  21|0x000000070c200000, 0x000000070c200000, 0x000000070c400000|  0%| F|  |TAMS 0x000000070c200000, 0x000000070c200000| Untracked 
|  22|0x000000070c400000, 0x000000070c400000, 0x000000070c600000|  0%| F|  |TAMS 0x000000070c400000, 0x000000070c400000| Untracked 
|  23|0x000000070c600000, 0x000000070c600000, 0x000000070c800000|  0%| F|  |TAMS 0x000000070c600000, 0x000000070c600000| Untracked 
|  24|0x000000070c800000, 0x000000070c800000, 0x000000070ca00000|  0%| F|  |TAMS 0x000000070c800000, 0x000000070c800000| Untracked 
|  25|0x000000070ca00000, 0x000000070ca00000, 0x000000070cc00000|  0%| F|  |TAMS 0x000000070ca00000, 0x000000070ca00000| Untracked 
|  26|0x000000070cc00000, 0x000000070cc00000, 0x000000070ce00000|  0%| F|  |TAMS 0x000000070cc00000, 0x000000070cc00000| Untracked 
|  27|0x000000070ce00000, 0x000000070ce00000, 0x000000070d000000|  0%| F|  |TAMS 0x000000070ce00000, 0x000000070ce00000| Untracked 
|  28|0x000000070d000000, 0x000000070d000000, 0x000000070d200000|  0%| F|  |TAMS 0x000000070d000000, 0x000000070d000000| Untracked 
|  29|0x000000070d200000, 0x000000070d200000, 0x000000070d400000|  0%| F|  |TAMS 0x000000070d200000, 0x000000070d200000| Untracked 
|  30|0x000000070d400000, 0x000000070d400000, 0x000000070d600000|  0%| F|  |TAMS 0x000000070d400000, 0x000000070d400000| Untracked 
|  31|0x000000070d600000, 0x000000070d600000, 0x000000070d800000|  0%| F|  |TAMS 0x000000070d600000, 0x000000070d600000| Untracked 
|  32|0x000000070d800000, 0x000000070d800000, 0x000000070da00000|  0%| F|  |TAMS 0x000000070d800000, 0x000000070d800000| Untracked 
|  33|0x000000070da00000, 0x000000070da00000, 0x000000070dc00000|  0%| F|  |TAMS 0x000000070da00000, 0x000000070da00000| Untracked 
|  34|0x000000070dc00000, 0x000000070dc00000, 0x000000070de00000|  0%| F|  |TAMS 0x000000070dc00000, 0x000000070dc00000| Untracked 
|  35|0x000000070de00000, 0x000000070de00000, 0x000000070e000000|  0%| F|  |TAMS 0x000000070de00000, 0x000000070de00000| Untracked 
|  36|0x000000070e000000, 0x000000070e000000, 0x000000070e200000|  0%| F|  |TAMS 0x000000070e000000, 0x000000070e000000| Untracked 
|  37|0x000000070e200000, 0x000000070e200000, 0x000000070e400000|  0%| F|  |TAMS 0x000000070e200000, 0x000000070e200000| Untracked 
|  38|0x000000070e400000, 0x000000070e400000, 0x000000070e600000|  0%| F|  |TAMS 0x000000070e400000, 0x000000070e400000| Untracked 
|  39|0x000000070e600000, 0x000000070e600000, 0x000000070e800000|  0%| F|  |TAMS 0x000000070e600000, 0x000000070e600000| Untracked 
|  40|0x000000070e800000, 0x000000070e800000, 0x000000070ea00000|  0%| F|  |TAMS 0x000000070e800000, 0x000000070e800000| Untracked 
|  41|0x000000070ea00000, 0x000000070ea00000, 0x000000070ec00000|  0%| F|  |TAMS 0x000000070ea00000, 0x000000070ea00000| Untracked 
|  42|0x000000070ec00000, 0x000000070ec00000, 0x000000070ee00000|  0%| F|  |TAMS 0x000000070ec00000, 0x000000070ec00000| Untracked 
|  43|0x000000070ee00000, 0x000000070ee00000, 0x000000070f000000|  0%| F|  |TAMS 0x000000070ee00000, 0x000000070ee00000| Untracked 
|  44|0x000000070f000000, 0x000000070f000000, 0x000000070f200000|  0%| F|  |TAMS 0x000000070f000000, 0x000000070f000000| Untracked 
|  45|0x000000070f200000, 0x000000070f200000, 0x000000070f400000|  0%| F|  |TAMS 0x000000070f200000, 0x000000070f200000| Untracked 
|  46|0x000000070f400000, 0x000000070f400000, 0x000000070f600000|  0%| F|  |TAMS 0x000000070f400000, 0x000000070f400000| Untracked 
|  47|0x000000070f600000, 0x000000070f600000, 0x000000070f800000|  0%| F|  |TAMS 0x000000070f600000, 0x000000070f600000| Untracked 
|  48|0x000000070f800000, 0x000000070f800000, 0x000000070fa00000|  0%| F|  |TAMS 0x000000070f800000, 0x000000070f800000| Untracked 
|  49|0x000000070fa00000, 0x000000070fa00000, 0x000000070fc00000|  0%| F|  |TAMS 0x000000070fa00000, 0x000000070fa00000| Untracked 
|  50|0x000000070fc00000, 0x000000070fc00000, 0x000000070fe00000|  0%| F|  |TAMS 0x000000070fc00000, 0x000000070fc00000| Untracked 
|  51|0x000000070fe00000, 0x000000070fe00000, 0x0000000710000000|  0%| F|  |TAMS 0x000000070fe00000, 0x000000070fe00000| Untracked 
|  52|0x0000000710000000, 0x0000000710000000, 0x0000000710200000|  0%| F|  |TAMS 0x0000000710000000, 0x0000000710000000| Untracked 
|  53|0x0000000710200000, 0x0000000710200000, 0x0000000710400000|  0%| F|  |TAMS 0x0000000710200000, 0x0000000710200000| Untracked 
|  54|0x0000000710400000, 0x0000000710400000, 0x0000000710600000|  0%| F|  |TAMS 0x0000000710400000, 0x0000000710400000| Untracked 
|  55|0x0000000710600000, 0x0000000710600000, 0x0000000710800000|  0%| F|  |TAMS 0x0000000710600000, 0x0000000710600000| Untracked 
|  56|0x0000000710800000, 0x0000000710800000, 0x0000000710a00000|  0%| F|  |TAMS 0x0000000710800000, 0x0000000710800000| Untracked 
|  57|0x0000000710a00000, 0x0000000710a00000, 0x0000000710c00000|  0%| F|  |TAMS 0x0000000710a00000, 0x0000000710a00000| Untracked 
|  58|0x0000000710c00000, 0x0000000710c00000, 0x0000000710e00000|  0%| F|  |TAMS 0x0000000710c00000, 0x0000000710c00000| Untracked 
|  59|0x0000000710e00000, 0x0000000710e00000, 0x0000000711000000|  0%| F|  |TAMS 0x0000000710e00000, 0x0000000710e00000| Untracked 
|  60|0x0000000711000000, 0x0000000711000000, 0x0000000711200000|  0%| F|  |TAMS 0x0000000711000000, 0x0000000711000000| Untracked 
|  61|0x0000000711200000, 0x0000000711200000, 0x0000000711400000|  0%| F|  |TAMS 0x0000000711200000, 0x0000000711200000| Untracked 
|  62|0x0000000711400000, 0x0000000711400000, 0x0000000711600000|  0%| F|  |TAMS 0x0000000711400000, 0x0000000711400000| Untracked 
|  63|0x0000000711600000, 0x0000000711600000, 0x0000000711800000|  0%| F|  |TAMS 0x0000000711600000, 0x0000000711600000| Untracked 
|  64|0x0000000711800000, 0x0000000711800000, 0x0000000711a00000|  0%| F|  |TAMS 0x0000000711800000, 0x0000000711800000| Untracked 
|  65|0x0000000711a00000, 0x0000000711a00000, 0x0000000711c00000|  0%| F|  |TAMS 0x0000000711a00000, 0x0000000711a00000| Untracked 
|  66|0x0000000711c00000, 0x0000000711c00000, 0x0000000711e00000|  0%| F|  |TAMS 0x0000000711c00000, 0x0000000711c00000| Untracked 
|  67|0x0000000711e00000, 0x0000000711e00000, 0x0000000712000000|  0%| F|  |TAMS 0x0000000711e00000, 0x0000000711e00000| Untracked 
|  68|0x0000000712000000, 0x0000000712000000, 0x0000000712200000|  0%| F|  |TAMS 0x0000000712000000, 0x0000000712000000| Untracked 
|  69|0x0000000712200000, 0x0000000712200000, 0x0000000712400000|  0%| F|  |TAMS 0x0000000712200000, 0x0000000712200000| Untracked 
|  70|0x0000000712400000, 0x0000000712400000, 0x0000000712600000|  0%| F|  |TAMS 0x0000000712400000, 0x0000000712400000| Untracked 
|  71|0x0000000712600000, 0x0000000712600000, 0x0000000712800000|  0%| F|  |TAMS 0x0000000712600000, 0x0000000712600000| Untracked 
|  72|0x0000000712800000, 0x0000000712800000, 0x0000000712a00000|  0%| F|  |TAMS 0x0000000712800000, 0x0000000712800000| Untracked 
|  73|0x0000000712a00000, 0x0000000712a00000, 0x0000000712c00000|  0%| F|  |TAMS 0x0000000712a00000, 0x0000000712a00000| Untracked 
|  74|0x0000000712c00000, 0x0000000712c00000, 0x0000000712e00000|  0%| F|  |TAMS 0x0000000712c00000, 0x0000000712c00000| Untracked 
|  75|0x0000000712e00000, 0x0000000712e00000, 0x0000000713000000|  0%| F|  |TAMS 0x0000000712e00000, 0x0000000712e00000| Untracked 
|  76|0x0000000713000000, 0x0000000713000000, 0x0000000713200000|  0%| F|  |TAMS 0x0000000713000000, 0x0000000713000000| Untracked 
|  77|0x0000000713200000, 0x0000000713200000, 0x0000000713400000|  0%| F|  |TAMS 0x0000000713200000, 0x0000000713200000| Untracked 
|  78|0x0000000713400000, 0x0000000713400000, 0x0000000713600000|  0%| F|  |TAMS 0x0000000713400000, 0x0000000713400000| Untracked 
|  79|0x0000000713600000, 0x0000000713600000, 0x0000000713800000|  0%| F|  |TAMS 0x0000000713600000, 0x0000000713600000| Untracked 
|  80|0x0000000713800000, 0x0000000713800000, 0x0000000713a00000|  0%| F|  |TAMS 0x0000000713800000, 0x0000000713800000| Untracked 
|  81|0x0000000713a00000, 0x0000000713a00000, 0x0000000713c00000|  0%| F|  |TAMS 0x0000000713a00000, 0x0000000713a00000| Untracked 
|  82|0x0000000713c00000, 0x0000000713c00000, 0x0000000713e00000|  0%| F|  |TAMS 0x0000000713c00000, 0x0000000713c00000| Untracked 
|  83|0x0000000713e00000, 0x0000000713e00000, 0x0000000714000000|  0%| F|  |TAMS 0x0000000713e00000, 0x0000000713e00000| Untracked 
|  84|0x0000000714000000, 0x0000000714000000, 0x0000000714200000|  0%| F|  |TAMS 0x0000000714000000, 0x0000000714000000| Untracked 
|  85|0x0000000714200000, 0x0000000714200000, 0x0000000714400000|  0%| F|  |TAMS 0x0000000714200000, 0x0000000714200000| Untracked 
|  86|0x0000000714400000, 0x0000000714400000, 0x0000000714600000|  0%| F|  |TAMS 0x0000000714400000, 0x0000000714400000| Untracked 
|  87|0x0000000714600000, 0x0000000714600000, 0x0000000714800000|  0%| F|  |TAMS 0x0000000714600000, 0x0000000714600000| Untracked 
|  88|0x0000000714800000, 0x0000000714800000, 0x0000000714a00000|  0%| F|  |TAMS 0x0000000714800000, 0x0000000714800000| Untracked 
|  89|0x0000000714a00000, 0x0000000714a00000, 0x0000000714c00000|  0%| F|  |TAMS 0x0000000714a00000, 0x0000000714a00000| Untracked 
|  90|0x0000000714c00000, 0x0000000714c00000, 0x0000000714e00000|  0%| F|  |TAMS 0x0000000714c00000, 0x0000000714c00000| Untracked 
|  91|0x0000000714e00000, 0x0000000714e00000, 0x0000000715000000|  0%| F|  |TAMS 0x0000000714e00000, 0x0000000714e00000| Untracked 
|  92|0x0000000715000000, 0x0000000715000000, 0x0000000715200000|  0%| F|  |TAMS 0x0000000715000000, 0x0000000715000000| Untracked 
|  93|0x0000000715200000, 0x0000000715200000, 0x0000000715400000|  0%| F|  |TAMS 0x0000000715200000, 0x0000000715200000| Untracked 
|  94|0x0000000715400000, 0x0000000715400000, 0x0000000715600000|  0%| F|  |TAMS 0x0000000715400000, 0x0000000715400000| Untracked 
|  95|0x0000000715600000, 0x0000000715600000, 0x0000000715800000|  0%| F|  |TAMS 0x0000000715600000, 0x0000000715600000| Untracked 
|  96|0x0000000715800000, 0x0000000715800000, 0x0000000715a00000|  0%| F|  |TAMS 0x0000000715800000, 0x0000000715800000| Untracked 
|  97|0x0000000715a00000, 0x0000000715a00000, 0x0000000715c00000|  0%| F|  |TAMS 0x0000000715a00000, 0x0000000715a00000| Untracked 
|  98|0x0000000715c00000, 0x0000000715c00000, 0x0000000715e00000|  0%| F|  |TAMS 0x0000000715c00000, 0x0000000715c00000| Untracked 
|  99|0x0000000715e00000, 0x0000000715e00000, 0x0000000716000000|  0%| F|  |TAMS 0x0000000715e00000, 0x0000000715e00000| Untracked 
| 100|0x0000000716000000, 0x0000000716000000, 0x0000000716200000|  0%| F|  |TAMS 0x0000000716000000, 0x0000000716000000| Untracked 
| 101|0x0000000716200000, 0x0000000716200000, 0x0000000716400000|  0%| F|  |TAMS 0x0000000716200000, 0x0000000716200000| Untracked 
| 102|0x0000000716400000, 0x0000000716400000, 0x0000000716600000|  0%| F|  |TAMS 0x0000000716400000, 0x0000000716400000| Untracked 
| 103|0x0000000716600000, 0x0000000716600000, 0x0000000716800000|  0%| F|  |TAMS 0x0000000716600000, 0x0000000716600000| Untracked 
| 104|0x0000000716800000, 0x0000000716800000, 0x0000000716a00000|  0%| F|  |TAMS 0x0000000716800000, 0x0000000716800000| Untracked 
| 105|0x0000000716a00000, 0x0000000716a00000, 0x0000000716c00000|  0%| F|  |TAMS 0x0000000716a00000, 0x0000000716a00000| Untracked 
| 106|0x0000000716c00000, 0x0000000716c00000, 0x0000000716e00000|  0%| F|  |TAMS 0x0000000716c00000, 0x0000000716c00000| Untracked 
| 107|0x0000000716e00000, 0x0000000716e00000, 0x0000000717000000|  0%| F|  |TAMS 0x0000000716e00000, 0x0000000716e00000| Untracked 
| 108|0x0000000717000000, 0x0000000717000000, 0x0000000717200000|  0%| F|  |TAMS 0x0000000717000000, 0x0000000717000000| Untracked 
| 109|0x0000000717200000, 0x0000000717200000, 0x0000000717400000|  0%| F|  |TAMS 0x0000000717200000, 0x0000000717200000| Untracked 
| 110|0x0000000717400000, 0x0000000717400000, 0x0000000717600000|  0%| F|  |TAMS 0x0000000717400000, 0x0000000717400000| Untracked 
| 111|0x0000000717600000, 0x0000000717600000, 0x0000000717800000|  0%| F|  |TAMS 0x0000000717600000, 0x0000000717600000| Untracked 
| 112|0x0000000717800000, 0x0000000717800000, 0x0000000717a00000|  0%| F|  |TAMS 0x0000000717800000, 0x0000000717800000| Untracked 
| 113|0x0000000717a00000, 0x0000000717a00000, 0x0000000717c00000|  0%| F|  |TAMS 0x0000000717a00000, 0x0000000717a00000| Untracked 
| 114|0x0000000717c00000, 0x0000000717c00000, 0x0000000717e00000|  0%| F|  |TAMS 0x0000000717c00000, 0x0000000717c00000| Untracked 
| 115|0x0000000717e00000, 0x0000000717e00000, 0x0000000718000000|  0%| F|  |TAMS 0x0000000717e00000, 0x0000000717e00000| Untracked 
| 116|0x0000000718000000, 0x0000000718000000, 0x0000000718200000|  0%| F|  |TAMS 0x0000000718000000, 0x0000000718000000| Untracked 
| 117|0x0000000718200000, 0x0000000718200000, 0x0000000718400000|  0%| F|  |TAMS 0x0000000718200000, 0x0000000718200000| Untracked 
| 118|0x0000000718400000, 0x00000007184e44c8, 0x0000000718600000| 44%| E|  |TAMS 0x0000000718400000, 0x0000000718400000| Complete 
| 119|0x0000000718600000, 0x0000000718800000, 0x0000000718800000|100%| E|CS|TAMS 0x0000000718600000, 0x0000000718600000| Complete 
| 120|0x0000000718800000, 0x0000000718a00000, 0x0000000718a00000|100%| E|CS|TAMS 0x0000000718800000, 0x0000000718800000| Complete 
| 121|0x0000000718a00000, 0x0000000718c00000, 0x0000000718c00000|100%| E|CS|TAMS 0x0000000718a00000, 0x0000000718a00000| Complete 
| 122|0x0000000718c00000, 0x0000000718e00000, 0x0000000718e00000|100%| E|CS|TAMS 0x0000000718c00000, 0x0000000718c00000| Complete 
| 123|0x0000000718e00000, 0x0000000719000000, 0x0000000719000000|100%| E|CS|TAMS 0x0000000718e00000, 0x0000000718e00000| Complete 

Card table byte_map: [0x0000019c1ba50000,0x0000019c1c210000] _byte_map_base: 0x0000019c18204000

Marking Bits (Prev, Next): (CMBitMap*) 0x0000019c041b80f0, (CMBitMap*) 0x0000019c041b8130
 Prev Bits: [0x0000019c1c9d0000, 0x0000019c20770000)
 Next Bits: [0x0000019c20770000, 0x0000019c24510000)

Polling page: 0x0000019c03920000

Metaspace:

Usage:
  Non-class:      4.19 MB used.
      Class:    238.89 KB used.
       Both:      4.42 MB used.

Virtual space:
  Non-class space:       64.00 MB reserved,       4.31 MB (  7%) committed,  1 nodes.
      Class space:        1.00 GB reserved,     384.00 KB ( <1%) committed,  1 nodes.
             Both:        1.06 GB reserved,       4.69 MB ( <1%) committed. 

Chunk freelists:
   Non-Class:  9.48 MB
       Class:  15.61 MB
        Both:  25.09 MB

MaxMetaspaceSize: unlimited
CompressedClassSpaceSize: 1.00 GB
Initial GC threshold: 21.00 MB
Current GC threshold: 21.00 MB
CDS: on
MetaspaceReclaimPolicy: balanced
 - commit_granule_bytes: 65536.
 - commit_granule_words: 8192.
 - virtual_space_node_default_size: 8388608.
 - enlarge_chunks_in_place: 1.
 - new_chunks_are_fully_committed: 0.
 - uncommit_free_chunks: 1.
 - use_allocation_guard: 0.
 - handle_deallocations: 1.


Internal statistics:

num_allocs_failed_limit: 0.
num_arena_births: 116.
num_arena_deaths: 0.
num_vsnodes_births: 2.
num_vsnodes_deaths: 0.
num_space_committed: 73.
num_space_uncommitted: 0.
num_chunks_returned_to_freelist: 0.
num_chunks_taken_from_freelist: 236.
num_chunk_merges: 0.
num_chunk_splits: 155.
num_chunks_enlarged: 93.
num_inconsistent_stats: 0.

CodeHeap 'non-profiled nmethods': size=119168Kb used=237Kb max_used=237Kb free=118930Kb
 bounds [0x0000019c135a0000, 0x0000019c13810000, 0x0000019c1aa00000]
CodeHeap 'profiled nmethods': size=119104Kb used=1601Kb max_used=1601Kb free=117502Kb
 bounds [0x0000019c0ba00000, 0x0000019c0bc70000, 0x0000019c12e50000]
CodeHeap 'non-nmethods': size=7488Kb used=3507Kb max_used=3522Kb free=3980Kb
 bounds [0x0000019c12e50000, 0x0000019c131d0000, 0x0000019c135a0000]
 total_blobs=2121 nmethods=891 adapters=1140
 compilation: enabled
              stopped_count=0, restarted_count=0
 full_count=0

Compilation events (20 events):
Event: 0.688 Thread 0x0000019c736af2f0 nmethod 881 0x0000019c0bb78410 code [0x0000019c0bb785c0, 0x0000019c0bb788b8]
Event: 0.689 Thread 0x0000019c277d8ec0  882       3       java.util.Collections$SetFromMap::remove (19 bytes)
Event: 0.689 Thread 0x0000019c736af2f0  883       3       java.util.WeakHashMap::remove (131 bytes)
Event: 0.689 Thread 0x0000019c277d8ec0 nmethod 882 0x0000019c0bb78990 code [0x0000019c0bb78b40, 0x0000019c0bb78d88]
Event: 0.689 Thread 0x0000019c277d8ec0  884       3       java.lang.StringConcatHelper::newString (67 bytes)
Event: 0.689 Thread 0x0000019c736af2f0 nmethod 883 0x0000019c0bb78e90 code [0x0000019c0bb790e0, 0x0000019c0bb79c98]
Event: 0.689 Thread 0x0000019c277d8ec0 nmethod 884 0x0000019c0bb7a110 code [0x0000019c0bb7a3a0, 0x0000019c0bb7ae48]
Event: 0.691 Thread 0x0000019c277d8ec0  885       3       java.lang.StringConcatHelper::simpleConcat (94 bytes)
Event: 0.691 Thread 0x0000019c277db3f0  886       3       java.lang.StringConcatHelper::initialCoder (14 bytes)
Event: 0.691 Thread 0x0000019c277db3f0 nmethod 886 0x0000019c0bb7b210 code [0x0000019c0bb7b3a0, 0x0000019c0bb7b4b8]
Event: 0.691 Thread 0x0000019c277d8ec0 nmethod 885 0x0000019c0bb7b510 code [0x0000019c0bb7b840, 0x0000019c0bb7ccd8]
Event: 0.693 Thread 0x0000019c277db3f0  887       3       java.lang.String::concat (15 bytes)
Event: 0.694 Thread 0x0000019c277db3f0 nmethod 887 0x0000019c0bb7d490 code [0x0000019c0bb7d7e0, 0x0000019c0bb7ecd8]
Event: 0.695 Thread 0x0000019c736c37e0  888       4       java.nio.ByteOrder::nativeOrder (4 bytes)
Event: 0.695 Thread 0x0000019c736af2f0  889       3       java.lang.ref.Cleaner::register (25 bytes)
Event: 0.695 Thread 0x0000019c277db3f0  890       3       jdk.internal.ref.CleanerImpl$PhantomCleanableRef::<init> (12 bytes)
Event: 0.695 Thread 0x0000019c736c37e0 nmethod 888 0x0000019c135da790 code [0x0000019c135da900, 0x0000019c135da958]
Event: 0.695 Thread 0x0000019c277db3f0 nmethod 890 0x0000019c0bb7f490 code [0x0000019c0bb7f640, 0x0000019c0bb7f808]
Event: 0.695 Thread 0x0000019c736af2f0 nmethod 889 0x0000019c0bb7f890 code [0x0000019c0bb7faa0, 0x0000019c0bb80028]
Event: 0.696 Thread 0x0000019c736c37e0  891       4       java.lang.StringLatin1::indexOf (121 bytes)

GC Heap History (0 events):
No events

Deoptimization events (20 events):
Event: 0.191 Thread 0x0000019c0414e1d0 DEOPT PACKING pc=0x0000019c0ba6a63c sp=0x000000254d2fd460
Event: 0.191 Thread 0x0000019c0414e1d0 DEOPT UNPACKING pc=0x0000019c12ea2b43 sp=0x000000254d2fc940 mode 1
Event: 0.191 Thread 0x0000019c0414e1d0 DEOPT PACKING pc=0x0000019c0ba6a63c sp=0x000000254d2fd460
Event: 0.191 Thread 0x0000019c0414e1d0 DEOPT UNPACKING pc=0x0000019c12ea2b43 sp=0x000000254d2fc940 mode 1
Event: 0.191 Thread 0x0000019c0414e1d0 DEOPT PACKING pc=0x0000019c0ba6a63c sp=0x000000254d2fd460
Event: 0.191 Thread 0x0000019c0414e1d0 DEOPT UNPACKING pc=0x0000019c12ea2b43 sp=0x000000254d2fc940 mode 1
Event: 0.196 Thread 0x0000019c0414e1d0 DEOPT PACKING pc=0x0000019c0ba6a63c sp=0x000000254d2fd3e0
Event: 0.196 Thread 0x0000019c0414e1d0 DEOPT UNPACKING pc=0x0000019c12ea2b43 sp=0x000000254d2fc8c0 mode 1
Event: 0.249 Thread 0x0000019c0414e1d0 DEOPT PACKING pc=0x0000019c0ba6a63c sp=0x000000254d2fc7e0
Event: 0.249 Thread 0x0000019c0414e1d0 DEOPT UNPACKING pc=0x0000019c12ea2b43 sp=0x000000254d2fbcc0 mode 1
Event: 0.249 Thread 0x0000019c0414e1d0 DEOPT PACKING pc=0x0000019c0bac4914 sp=0x000000254d2fcab0
Event: 0.249 Thread 0x0000019c0414e1d0 DEOPT UNPACKING pc=0x0000019c12ea2b43 sp=0x000000254d2fc020 mode 1
Event: 0.249 Thread 0x0000019c0414e1d0 DEOPT PACKING pc=0x0000019c0ba6a63c sp=0x000000254d2fc7e0
Event: 0.249 Thread 0x0000019c0414e1d0 DEOPT UNPACKING pc=0x0000019c12ea2b43 sp=0x000000254d2fbcc0 mode 1
Event: 0.249 Thread 0x0000019c0414e1d0 DEOPT PACKING pc=0x0000019c0bac4914 sp=0x000000254d2fcab0
Event: 0.249 Thread 0x0000019c0414e1d0 DEOPT UNPACKING pc=0x0000019c12ea2b43 sp=0x000000254d2fc020 mode 1
Event: 0.249 Thread 0x0000019c0414e1d0 DEOPT PACKING pc=0x0000019c0ba6a63c sp=0x000000254d2fc7e0
Event: 0.249 Thread 0x0000019c0414e1d0 DEOPT UNPACKING pc=0x0000019c12ea2b43 sp=0x000000254d2fbcc0 mode 1
Event: 0.249 Thread 0x0000019c0414e1d0 DEOPT PACKING pc=0x0000019c0bac4914 sp=0x000000254d2fcab0
Event: 0.249 Thread 0x0000019c0414e1d0 DEOPT UNPACKING pc=0x0000019c12ea2b43 sp=0x000000254d2fc020 mode 1

Classes unloaded (0 events):
No events

Classes redefined (0 events):
No events

Internal exceptions (20 events):
Event: 0.148 Thread 0x0000019c0414e1d0 Exception <a 'java/lang/NoSuchMethodError'{0x0000000718df36f8}: 'void java.lang.invoke.DirectMethodHandle$Holder.invokeSpecial(java.lang.Object, java.lang.Object, java.lang.Object)'> (0x0000000718df36f8) 
thrown [s\open\src\hotspot\share\interpreter\linkResolver.cpp, line 759]
Event: 0.150 Thread 0x0000019c0414e1d0 Exception <a 'java/lang/NoSuchMethodError'{0x0000000718a07320}: 'java.lang.Object java.lang.invoke.DirectMethodHandle$Holder.invokeStatic(java.lang.Object, java.lang.Object, int)'> (0x0000000718a07320) 
thrown [s\open\src\hotspot\share\interpreter\linkResolver.cpp, line 759]
Event: 0.152 Thread 0x0000019c0414e1d0 Exception <a 'java/lang/NoSuchMethodError'{0x0000000718a13090}: 'void java.lang.invoke.DelegatingMethodHandle$Holder.delegate(java.lang.Object, java.lang.Object, int, java.lang.Object)'> (0x0000000718a13090) 
thrown [s\open\src\hotspot\share\interpreter\linkResolver.cpp, line 759]
Event: 0.152 Thread 0x0000019c0414e1d0 Exception <a 'java/lang/NoSuchMethodError'{0x0000000718a172d0}: 'int java.lang.invoke.DirectMethodHandle$Holder.invokeSpecial(java.lang.Object, java.lang.Object, java.lang.Object)'> (0x0000000718a172d0) 
thrown [s\open\src\hotspot\share\interpreter\linkResolver.cpp, line 759]
Event: 0.186 Thread 0x0000019c0414e1d0 Exception <a 'sun/nio/fs/WindowsException'{0x0000000718a98b40}> (0x0000000718a98b40) 
thrown [s\open\src\hotspot\share\prims\jni.cpp, line 516]
Event: 0.186 Thread 0x0000019c0414e1d0 Exception <a 'sun/nio/fs/WindowsException'{0x0000000718a99080}> (0x0000000718a99080) 
thrown [s\open\src\hotspot\share\prims\jni.cpp, line 516]
Event: 0.232 Thread 0x0000019c0414e1d0 Exception <a 'sun/nio/fs/WindowsException'{0x0000000718b51378}> (0x0000000718b51378) 
thrown [s\open\src\hotspot\share\prims\jni.cpp, line 516]
Event: 0.232 Thread 0x0000019c0414e1d0 Exception <a 'sun/nio/fs/WindowsException'{0x0000000718b516d0}> (0x0000000718b516d0) 
thrown [s\open\src\hotspot\share\prims\jni.cpp, line 516]
Event: 0.237 Thread 0x0000019c0414e1d0 Exception <a 'java/lang/NoSuchMethodError'{0x0000000718b8a600}: 'java.lang.Object java.lang.invoke.DirectMethodHandle$Holder.invokeStaticInit(java.lang.Object)'> (0x0000000718b8a600) 
thrown [s\open\src\hotspot\share\interpreter\linkResolver.cpp, line 759]
Event: 0.241 Thread 0x0000019c0414e1d0 Exception <a 'java/lang/NoSuchMethodError'{0x0000000718ba8bc0}: 'int java.lang.invoke.DirectMethodHandle$Holder.invokeStaticInit(java.lang.Object, java.lang.Object, int, long)'> (0x0000000718ba8bc0) 
thrown [s\open\src\hotspot\share\interpreter\linkResolver.cpp, line 759]
Event: 0.242 Thread 0x0000019c0414e1d0 Exception <a 'java/lang/NoSuchMethodError'{0x0000000718bae488}: 'java.lang.Object java.lang.invoke.DirectMethodHandle$Holder.newInvokeSpecial(java.lang.Object, java.lang.Object, int)'> (0x0000000718bae488) 
thrown [s\open\src\hotspot\share\interpreter\linkResolver.cpp, line 759]
Event: 0.243 Thread 0x0000019c0414e1d0 Exception <a 'java/lang/NoSuchMethodError'{0x0000000718bbe780}: 'int java.lang.invoke.DirectMethodHandle$Holder.invokeStaticInit(java.lang.Object, java.lang.Object, long, long)'> (0x0000000718bbe780) 
thrown [s\open\src\hotspot\share\interpreter\linkResolver.cpp, line 759]
Event: 0.244 Thread 0x0000019c0414e1d0 Exception <a 'java/lang/NoSuchMethodError'{0x0000000718bc4890}: 'java.lang.Object java.lang.invoke.DirectMethodHandle$Holder.newInvokeSpecial(java.lang.Object, java.lang.Object, long)'> (0x0000000718bc4890) 
thrown [s\open\src\hotspot\share\interpreter\linkResolver.cpp, line 759]
Event: 0.245 Thread 0x0000019c0414e1d0 Exception <a 'java/lang/NoSuchMethodError'{0x0000000718bc8d40}: 'java.lang.Object java.lang.invoke.Invokers$Holder.linkToTargetMethod(java.lang.Object, long, java.lang.Object)'> (0x0000000718bc8d40) 
thrown [s\open\src\hotspot\share\interpreter\linkResolver.cpp, line 759]
Event: 0.245 Thread 0x0000019c0414e1d0 Exception <a 'java/lang/NoSuchMethodError'{0x0000000718bd0458}: 'int java.lang.invoke.DirectMethodHandle$Holder.invokeStaticInit(java.lang.Object, java.lang.Object, java.lang.Object, long)'> (0x0000000718bd0458) 
thrown [s\open\src\hotspot\share\interpreter\linkResolver.cpp, line 759]
Event: 0.542 Thread 0x0000019c0414e1d0 Exception <a 'sun/nio/fs/WindowsException'{0x0000000718875e38}> (0x0000000718875e38) 
thrown [s\open\src\hotspot\share\prims\jni.cpp, line 516]
Event: 0.542 Thread 0x0000019c0414e1d0 Exception <a 'sun/nio/fs/WindowsException'{0x00000007188761c8}> (0x00000007188761c8) 
thrown [s\open\src\hotspot\share\prims\jni.cpp, line 516]
Event: 0.547 Thread 0x0000019c0414e1d0 Exception <a 'sun/nio/fs/WindowsException'{0x0000000718880ca0}> (0x0000000718880ca0) 
thrown [s\open\src\hotspot\share\prims\jni.cpp, line 516]
Event: 0.547 Thread 0x0000019c0414e1d0 Exception <a 'sun/nio/fs/WindowsException'{0x0000000718880f70}> (0x0000000718880f70) 
thrown [s\open\src\hotspot\share\prims\jni.cpp, line 516]
Event: 0.636 Thread 0x0000019c0414e1d0 Exception <a 'sun/nio/fs/WindowsException'{0x0000000718749ed8}> (0x0000000718749ed8) 
thrown [s\open\src\hotspot\share\prims\jni.cpp, line 516]

VM Operations (8 events):
Event: 0.062 Executing VM operation: ChangeBreakpoints
Event: 0.062 Executing VM operation: ChangeBreakpoints done
Event: 0.111 Executing VM operation: HandshakeAllThreads
Event: 0.111 Executing VM operation: HandshakeAllThreads done
Event: 0.174 Executing VM operation: HandshakeAllThreads
Event: 0.174 Executing VM operation: HandshakeAllThreads done
Event: 0.202 Executing VM operation: HandshakeAllThreads
Event: 0.202 Executing VM operation: HandshakeAllThreads done

Events (20 events):
Event: 0.242 loading class jdk/internal/access/foreign/MemorySegmentProxy done
Event: 0.246 loading class java/nio/InvalidMarkException
Event: 0.246 loading class java/nio/InvalidMarkException done
Event: 0.246 loading class java/nio/BufferUnderflowException
Event: 0.246 loading class java/nio/BufferUnderflowException done
Event: 0.535 Thread 0x0000019c6d0945c0 Thread exited: 0x0000019c6d0945c0
Event: 0.543 Loaded shared library C:\Users\Asus\AppData\Local\Temp\lwjgl_Asus\3.3.4+7\x64\lwjgl_opengl.dll
Event: 0.546 Thread 0x0000019c736af2f0 Thread added: 0x0000019c736af2f0
Event: 0.549 loading class java/util/Formatter$FixedString
Event: 0.549 loading class java/util/Formatter$FixedString done
Event: 0.573 loading class jdk/internal/misc/ScopedMemoryAccess$Scope
Event: 0.573 loading class jdk/internal/misc/ScopedMemoryAccess$Scope done
Event: 0.578 Thread 0x0000019c736c37e0 Thread added: 0x0000019c736c37e0
Event: 0.630 loading class java/nio/file/AccessDeniedException
Event: 0.630 loading class java/nio/file/AccessDeniedException done
Event: 0.630 loading class java/io/UncheckedIOException
Event: 0.630 loading class java/io/UncheckedIOException done
Event: 0.637 loading class java/nio/file/StandardCopyOption
Event: 0.637 loading class java/nio/file/StandardCopyOption done
Event: 0.681 Loaded shared library C:\Users\Asus\AppData\Local\Temp\imgui-java-natives\1.89.0\imgui-java64.dll


Dynamic libraries:
0x00007ff6ea980000 - 0x00007ff6ea990000 	C:\Program Files\Java\jdk-17\bin\java.exe
0x00007ffd76dd0000 - 0x00007ffd76fe7000 	C:\Windows\SYSTEM32\ntdll.dll
0x00007ffd756f0000 - 0x00007ffd757b4000 	C:\Windows\System32\KERNEL32.DLL
0x00007ffd74150000 - 0x00007ffd744f6000 	C:\Windows\System32\KERNELBASE.dll
0x00007ffd747c0000 - 0x00007ffd748d1000 	C:\Windows\System32\ucrtbase.dll
0x00007ffd6b5e0000 - 0x00007ffd6b5f9000 	C:\Program Files\Java\jdk-17\bin\jli.dll
0x00007ffd63b20000 - 0x00007ffd63b3b000 	C:\Program Files\Java\jdk-17\bin\VCRUNTIME140.dll
0x00007ffd76ce0000 - 0x00007ffd76d90000 	C:\Windows\System32\ADVAPI32.dll
0x00007ffd755d0000 - 0x00007ffd75677000 	C:\Windows\System32\msvcrt.dll
0x00007ffd75080000 - 0x00007ffd75126000 	C:\Windows\System32\sechost.dll
0x00007ffd76660000 - 0x00007ffd76777000 	C:\Windows\System32\RPCRT4.dll
0x00007ffd75320000 - 0x00007ffd754cd000 	C:\Windows\System32\USER32.dll
0x00007ffd74500000 - 0x00007ffd74526000 	C:\Windows\System32\win32u.dll
0x00007ffd5e990000 - 0x00007ffd5ec23000 	C:\Windows\WinSxS\amd64_microsoft.windows.common-controls_6595b64144ccf1df_6.0.22621.2361_none_2712ced57382f843\COMCTL32.dll
0x00007ffd76620000 - 0x00007ffd76649000 	C:\Windows\System32\GDI32.dll
0x00007ffd74530000 - 0x00007ffd74648000 	C:\Windows\System32\gdi32full.dll
0x00007ffd748e0000 - 0x00007ffd7497a000 	C:\Windows\System32\msvcp_win.dll
0x00007ffd69880000 - 0x00007ffd6988a000 	C:\Windows\SYSTEM32\VERSION.dll
0x00007ffd765e0000 - 0x00007ffd76611000 	C:\Windows\System32\IMM32.DLL
0x00007ffd6c760000 - 0x00007ffd6c76c000 	C:\Program Files\Java\jdk-17\bin\vcruntime140_1.dll
0x00007ffd63250000 - 0x00007ffd632de000 	C:\Program Files\Java\jdk-17\bin\msvcp140.dll
0x00007ffcf1490000 - 0x00007ffcf206f000 	C:\Program Files\Java\jdk-17\bin\server\jvm.dll
0x00007ffd76780000 - 0x00007ffd76788000 	C:\Windows\System32\PSAPI.DLL
0x00007ffd63b10000 - 0x00007ffd63b19000 	C:\Windows\SYSTEM32\WSOCK32.dll
0x00007ffd6b4e0000 - 0x00007ffd6b514000 	C:\Windows\SYSTEM32\WINMM.dll
0x00007ffd75130000 - 0x00007ffd751a1000 	C:\Windows\System32\WS2_32.dll
0x00007ffd73190000 - 0x00007ffd731a8000 	C:\Windows\SYSTEM32\kernel.appcore.dll
0x00007ffd63240000 - 0x00007ffd6324a000 	C:\Program Files\Java\jdk-17\bin\jimage.dll
0x00007ffd68f50000 - 0x00007ffd6917e000 	C:\Windows\SYSTEM32\DBGHELP.DLL
0x00007ffd76950000 - 0x00007ffd76cda000 	C:\Windows\System32\combase.dll
0x00007ffd758c0000 - 0x00007ffd75997000 	C:\Windows\System32\OLEAUT32.dll
0x00007ffd656a0000 - 0x00007ffd656d2000 	C:\Windows\SYSTEM32\dbgcore.DLL
0x00007ffd74980000 - 0x00007ffd749fa000 	C:\Windows\System32\bcryptPrimitives.dll
0x00007ffd63200000 - 0x00007ffd6323b000 	C:\Program Files\Java\jdk-17\bin\jdwp.dll
0x00007ffd631d0000 - 0x00007ffd631f5000 	C:\Program Files\Java\jdk-17\bin\java.dll
0x00007ffd627d0000 - 0x00007ffd628a7000 	C:\Program Files\Java\jdk-17\bin\jsvml.dll
0x00007ffd75d80000 - 0x00007ffd765d8000 	C:\Windows\System32\SHELL32.dll
0x00007ffd720b0000 - 0x00007ffd729a2000 	C:\Windows\SYSTEM32\windows.storage.dll
0x00007ffd71f70000 - 0x00007ffd720ae000 	C:\Windows\SYSTEM32\wintypes.dll
0x00007ffd754d0000 - 0x00007ffd755c3000 	C:\Windows\System32\SHCORE.dll
0x00007ffd75690000 - 0x00007ffd756ee000 	C:\Windows\System32\shlwapi.dll
0x00007ffd74080000 - 0x00007ffd740a6000 	C:\Windows\SYSTEM32\profapi.dll
0x00007ffd631c0000 - 0x00007ffd631cc000 	C:\Program Files\Java\jdk-17\bin\dt_socket.dll
0x00007ffd72c10000 - 0x00007ffd72c3d000 	C:\Windows\SYSTEM32\IPHLPAPI.DLL
0x00007ffd73610000 - 0x00007ffd73679000 	C:\Windows\system32\mswsock.dll
0x00007ffd72c40000 - 0x00007ffd72d39000 	C:\Windows\SYSTEM32\DNSAPI.dll
0x00007ffd76650000 - 0x00007ffd76659000 	C:\Windows\System32\NSI.dll
0x00007ffd6a5d0000 - 0x00007ffd6a5da000 	C:\Windows\System32\rasadhlp.dll
0x00007ffd6b520000 - 0x00007ffd6b5a4000 	C:\Windows\System32\fwpuclnt.dll
0x00007ffd631a0000 - 0x00007ffd631b9000 	C:\Program Files\Java\jdk-17\bin\net.dll
0x00007ffd6d690000 - 0x00007ffd6d7c7000 	C:\Windows\SYSTEM32\WINHTTP.dll
0x00007ffd63180000 - 0x00007ffd63196000 	C:\Program Files\Java\jdk-17\bin\nio.dll
0x00007ffd63150000 - 0x00007ffd63168000 	C:\Program Files\Java\jdk-17\bin\zip.dll
0x00007ffd62750000 - 0x00007ffd627cb000 	C:\Users\Asus\AppData\Local\Temp\lwjgl_Asus\3.3.4+7\x64\lwjgl.dll
0x00007ffd625c0000 - 0x00007ffd62645000 	C:\Users\Asus\AppData\Local\Temp\lwjgl_Asus\3.3.4+7\x64\glfw.dll
0x00007ffd32160000 - 0x00007ffd321a6000 	C:\Windows\SYSTEM32\dinput8.dll
0x00007ffd630e0000 - 0x00007ffd630f1000 	C:\Windows\SYSTEM32\xinput1_4.dll
0x00007ffd73d50000 - 0x00007ffd73d9e000 	C:\Windows\SYSTEM32\cfgmgr32.dll
0x00007ffd73d20000 - 0x00007ffd73d4c000 	C:\Windows\SYSTEM32\DEVOBJ.dll
0x00007ffd71900000 - 0x00007ffd7192b000 	C:\Windows\SYSTEM32\dwmapi.dll
0x00007ffd5ab90000 - 0x00007ffd5ad9a000 	C:\Windows\SYSTEM32\inputhost.dll
0x00007ffd71200000 - 0x00007ffd71333000 	C:\Windows\SYSTEM32\CoreMessaging.dll
0x00007ffd71680000 - 0x00007ffd7172b000 	C:\Windows\system32\uxtheme.dll
0x00007ffd73880000 - 0x00007ffd7388c000 	C:\Windows\SYSTEM32\CRYPTBASE.DLL
0x00007ffd751b0000 - 0x00007ffd752fc000 	C:\Windows\System32\MSCTF.dll
0x00007ffd26190000 - 0x00007ffd26290000 	C:\Windows\SYSTEM32\opengl32.dll
0x00007ffd29b90000 - 0x00007ffd29bbd000 	C:\Windows\SYSTEM32\GLU32.dll
0x00007ffd71790000 - 0x00007ffd717c6000 	C:\Windows\SYSTEM32\dxcore.dll
0x00007ffd6e520000 - 0x00007ffd6e56a000 	C:\Windows\SYSTEM32\directxdatabasehelper.dll
0x00007ffd76820000 - 0x00007ffd768d0000 	C:\Windows\System32\clbcatq.dll
0x00007ffd5f600000 - 0x00007ffd5f62c000 	C:\Windows\System32\DriverStore\FileRepository\u0372780.inf_amd64_dae2f84ccf01e94d\B370372\atig6pxx.dll
0x00007ffcf2e00000 - 0x00007ffcf5c43000 	C:\Windows\System32\DriverStore\FileRepository\u0372780.inf_amd64_dae2f84ccf01e94d\B370372\atio6axx.dll
0x00007ffd74b30000 - 0x00007ffd74fa4000 	C:\Windows\System32\SETUPAPI.dll
0x00007ffd75be0000 - 0x00007ffd75d7f000 	C:\Windows\System32\ole32.dll
0x00007ffd41eb0000 - 0x00007ffd41ed5000 	C:\Windows\SYSTEM32\dxva2.dll
0x00007ffd5faf0000 - 0x00007ffd5fb2f000 	C:\Windows\System32\DriverStore\FileRepository\u0372780.inf_amd64_dae2f84ccf01e94d\B370372\atig6txx.dll
0x00007ffd4d7a0000 - 0x00007ffd4d9a8000 	C:\Windows\SYSTEM32\atiadlxx.dll
0x00007ffd6f5f0000 - 0x00007ffd6f6f1000 	C:\Windows\SYSTEM32\PROPSYS.dll
0x00007ffd74ac0000 - 0x00007ffd74b2c000 	C:\Windows\System32\WINTRUST.dll
0x00007ffd74650000 - 0x00007ffd747b6000 	C:\Windows\System32\CRYPT32.dll
0x00007ffd738c0000 - 0x00007ffd738d2000 	C:\Windows\SYSTEM32\MSASN1.dll
0x00007ffd55810000 - 0x00007ffd55860000 	C:\Windows\SYSTEM32\pdh.dll
0x00007ffd5aa40000 - 0x00007ffd5ab8a000 	C:\Windows\SYSTEM32\textinputframework.dll
0x00007ffd6d890000 - 0x00007ffd6dbfc000 	C:\Windows\SYSTEM32\CoreUIComponents.dll
0x00007ffd60170000 - 0x00007ffd601d1000 	C:\Users\Asus\AppData\Local\Temp\lwjgl_Asus\3.3.4+7\x64\lwjgl_opengl.dll
0x00007ffcf5da0000 - 0x00007ffcf6594000 	C:\Users\Asus\AppData\Local\Temp\imgui-java-natives\1.89.0\imgui-java64.dll

dbghelp: loaded successfully - version: 4.0.5 - missing functions: none
symbol engine: initialized successfully - sym options: 0x614 - pdb path: .;C:\Program Files\Java\jdk-17\bin;C:\Windows\SYSTEM32;C:\Windows\WinSxS\amd64_microsoft.windows.common-controls_6595b64144ccf1df_6.0.22621.2361_none_2712ced57382f843;C:\Program Files\Java\jdk-17\bin\server;C:\Users\Asus\AppData\Local\Temp\lwjgl_Asus\3.3.4+7\x64;C:\Windows\System32\DriverStore\FileRepository\u0372780.inf_amd64_dae2f84ccf01e94d\B370372;C:\Users\Asus\AppData\Local\Temp\imgui-java-natives\1.89.0

VM Arguments:
jvm_args: -agentlib:jdwp=transport=dt_socket,server=n,suspend=y,address=localhost:61485 -XX:+ShowCodeDetailsInExceptionMessages 
java_command: org.PiEngine.Main
java_class_path (initial): D:\Project\Git\Pi-Engine\bin\main;C:\Users\Asus\.gradle\caches\modules-2\files-2.1\io.github.spair\imgui-java-app\1.89.0\b489c73b9762cd339860450dba936a0db5052d86\imgui-java-app-1.89.0.jar;C:\Users\Asus\.gradle\caches\modules-2\files-2.1\org.joml\joml-primitives\1.10.0\b3ae3ae0dfee0bf5aef9f7964205cca0f3c6ea07\joml-primitives-1.10.0.jar;C:\Users\Asus\.gradle\caches\modules-2\files-2.1\org.joml\joml\1.10.0\a29b8bf72dc1478e9ceea256db214188da94f313\joml-1.10.0.jar;C:\Users\Asus\.gradle\caches\modules-2\files-2.1\org.lwjgl\lwjgl-glfw\3.3.4\7e46ecdec85db8738053cfde1414352cd62dab74\lwjgl-glfw-3.3.4.jar;C:\Users\Asus\.gradle\caches\modules-2\files-2.1\org.lwjgl\lwjgl-glfw\3.3.4\91e3d4b56d6d1369ef107b9d7801c9f38125c590\lwjgl-glfw-3.3.4-natives-linux.jar;C:\Users\Asus\.gradle\caches\modules-2\files-2.1\org.lwjgl\lwjgl-glfw\3.3.4\370ef92d15819a123c643dd2b0fc3a2d40bb263c\lwjgl-glfw-3.3.4-natives-windows.jar;C:\Users\Asus\.gradle\caches\modules-2\files-2.1\org.lwjgl\lwjgl-glfw\3.3.4\753fa860987242ceefa990a6062a18dff4908a33\lwjgl-glfw-3.3.4-natives-macos.jar;C:\Users\Asus\.gradle\caches\modules-2\files-2.1\org.lwjgl\lwjgl-glfw\3.3.4\4c358e983516fb6318b76c892ac35b79e8f2f8d9\lwjgl-glfw-3.3.4-natives-macos-arm64.jar;C:\Users\Asus\.gradle\caches\modules-2\files-2.1\org.lwjgl\lwjgl-opengl\3.3.4\2852ac7d9f6fc71349f1ce28e2708ff1977f18af\lwjgl-opengl-3.3.4.jar;C:\Users\Asus\.gradle\caches\modules-2\files-2.1\org.lwjgl\lwjgl-opengl\3.3.4\789df76d2e3da55349d858dfb81442149af7c7f4\lwjgl-opengl-3.3.4-natives-linux.jar;C:\Users\Asus\.gradle\caches\modules-2\files-2.1\org.lwjgl\lwjgl-opengl\3.3.4\f7ca4e75573a9ce83075bd86bc8a3e49ff106696\lwjgl-opengl-3.3.4-natives-windows.jar;C:\Users\Asus\.gradle\caches\modules-2\files-2.1\org.lwjgl\lwjgl-opengl\3.3.4\ae0dd9d292744114f54d268a98cf1cd748b9994d\lwjgl-opengl-3.3.4-natives-macos.jar;C:\Users\Asus\.gradle\caches\modules-2\files-2.1\org.lwjgl\lwjgl-opengl\3.3.4\832e7deef981577ee7aeb3b9e1c74bc0e5d26cce\lwjgl-opengl-3.3.4-nat
Launcher Type: SUN_STANDARD

[Global flags]
     intx CICompilerCount                          = 12                                        {product} {ergonomic}
     uint ConcGCThreads                            = 3                                         {product} {ergonomic}
     uint G1ConcRefinementThreads                  = 13                                        {product} {ergonomic}
   size_t G1HeapRegionSize                         = 2097152                                   {product} {ergonomic}
    uintx GCDrainStackTargetSize                   = 64                                        {product} {ergonomic}
   size_t InitialHeapSize                          = 260046848                                 {product} {ergonomic}
   size_t MarkStackSize                            = 4194304                                   {product} {ergonomic}
   size_t MaxHeapSize                              = 4135583744                                {product} {ergonomic}
   size_t MaxNewSize                               = 2480930816                                {product} {ergonomic}
   size_t MinHeapDeltaBytes                        = 2097152                                   {product} {ergonomic}
   size_t MinHeapSize                              = 8388608                                   {product} {ergonomic}
    uintx NonNMethodCodeHeapSize                   = 7602480                                {pd product} {ergonomic}
    uintx NonProfiledCodeHeapSize                  = 122027880                              {pd product} {ergonomic}
    uintx ProfiledCodeHeapSize                     = 122027880                              {pd product} {ergonomic}
    uintx ReservedCodeCacheSize                    = 251658240                              {pd product} {ergonomic}
     bool SegmentedCodeCache                       = true                                      {product} {ergonomic}
     bool ShowCodeDetailsInExceptionMessages       = true                                   {manageable} {command line}
   size_t SoftMaxHeapSize                          = 4135583744                             {manageable} {ergonomic}
     bool UseCompressedClassPointers               = true                           {product lp64_product} {ergonomic}
     bool UseCompressedOops                        = true                           {product lp64_product} {ergonomic}
     bool UseG1GC                                  = true                                      {product} {ergonomic}
     bool UseLargePagesIndividualAllocation        = false                                  {pd product} {ergonomic}

Logging:
Log output configuration:
 #0: stdout all=warning uptime,level,tags
 #1: stderr all=off uptime,level,tags

Environment Variables:
PATH=C:\Program Files\NVIDIA GPU Computing Toolkit\CUDA\v12.4\bin;C:\Program Files\NVIDIA GPU Computing Toolkit\CUDA\v12.4\libnvvp;C:\Program Files\Common Files\Oracle\Java\javapath;C:\Program Files (x86)\Common Files\Oracle\Java\java8path;C:\Program Files (x86)\Common Files\Oracle\Java\javapath;C:\Program Files (x86)\Common Files\Intel\Shared Libraries\redist\intel64\compiler;C:\Windows\system32;C:\Windows;C:\Windows\System32\Wbem;C:\Windows\System32\WindowsPowerShell\v1.0\;C:\Windows\System32\OpenSSH\;C:\Program Files\dotnet\;C:\Program Files\Intel\PresentMon\PresentMonApplication\;C:\Program Files (x86)\NVIDIA Corporation\PhysX\Common;C:\Program Files (x86)\Windows Kits\10\Windows Performance Toolkit\;C:\Program Files\Git\cmd;C:\scrcpy-win64-v2.4;C:\Program Files (x86)\cloudflared\;D:\Programs\SWIG\swig;C:\Users\Asus\AppData\Local\Programs\Python\Python312\Scripts;C:\Program Files\nodejs\;C:\Program Files\NVIDIA Corporation\NVIDIA app\NvDLISR;C:\Program Files\MySQL\MySQL Shell 8.0\bin\;C:\Users\Asus\AppData\Local\Microsoft\WindowsApps;C:\Users\Asus\AppData\Local\Programs\Microsoft VS Code\bin;C:\MinGW\bin;C:\Users\Asus\AppData\Local\GitHubDesktop\bin;C:\Users\Asus\AppData\Roaming\npm;C:\Users\Asus\.deno\bin;C:\Program Files\JetBrains\IntelliJ IDEA Community Edition 2024.3.3\bin;
USERNAME=Asus
OS=Windows_NT
PROCESSOR_IDENTIFIER=AMD64 Family 25 Model 80 Stepping 0, AuthenticAMD



---------------  S Y S T E M  ---------------

OS:
 Windows 11 , 64 bit Build 22621 (10.0.22621.2428)
OS uptime: 0 days 1:13 hours

CPU: total 16 (initial active 16) (16 cores per cpu, 2 threads per core) family 25 model 80 stepping 0 microcode 0x0, cx8, cmov, fxsr, ht, mmx, 3dnowpref, sse, sse2, sse3, ssse3, sse4a, sse4.1, sse4.2, popcnt, lzcnt, tsc, tscinvbit, avx, avx2, aes, erms, clmul, bmi1, bmi2, adx, sha, fma, vzeroupper, clflush, clflushopt

Memory: 4k page, system-wide physical 15773M (7734M free)
TotalPageFile size 23453M (AvailPageFile size 10362M)
current process WorkingSet (physical memory assigned to process): 99M, peak: 99M
current process commit charge ("private bytes"): 443M, peak: 443M

vm_info: Java HotSpot(TM) 64-Bit Server VM (17.0.10+11-LTS-240) for windows-amd64 JRE (17.0.10+11-LTS-240), built on Dec 19 2023 21:47:25 by "mach5one" with MS VC++ 17.1 (VS2022)

END.
