#
# A fatal error has been detected by the Java Runtime Environment:
#
#  EXCEPTION_ACCESS_VIOLATION (0xc0000005) at pc=0x00007ffe45bde4c4, pid=9424, tid=10256
#
# JRE version: OpenJDK Runtime Environment Temurin-17.0.13+11 (17.0.13+11) (build 17.0.13+11)
# Java VM: OpenJDK 64-Bit Server VM Temurin-17.0.13+11 (17.0.13+11, mixed mode, sharing, tiered, compressed oops, compressed class ptrs, g1 gc, windows-amd64)
# Problematic frame:
# C  [imgui-java64.dll+0x6e4c4]
#
# No core dump will be written. Minidumps are not enabled by default on client versions of Windows
#
# If you would like to submit a bug report, please visit:
#   https://github.com/adoptium/adoptium-support/issues
# The crash happened outside the Java Virtual Machine in native code.
# See problematic frame for where to report the bug.
#

---------------  S U M M A R Y ------------

Command Line: -agentlib:jdwp=transport=dt_socket,server=n,suspend=y,address=localhost:51992 -XX:+ShowCodeDetailsInExceptionMessages org.PiEngine.Main

Host: 12th Gen Intel(R) Core(TM) i5-12500H, 16 cores, 15G,  Windows 11 , 64 bit Build 22621 (10.0.22621.4974)
Time: Mon Apr  7 20:11:21 2025 India Standard Time elapsed time: 0.685654 seconds (0d 0h 0m 0s)

---------------  T H R E A D  ---------------

Current thread (0x000001181889b490):  JavaThread "main" [_thread_in_native, id=10256, stack(0x00000010c6800000,0x00000010c6900000)]

Stack: [0x00000010c6800000,0x00000010c6900000],  sp=0x00000010c68ff440,  free space=1021k
Native frames: (J=compiled Java code, j=interpreted, Vv=VM code, C=native code)
C  [imgui-java64.dll+0x6e4c4]

Java frames: (J=compiled Java code, j=interpreted, Vv=VM code)
j  imgui.ImDrawData.nGetDisplaySizeX()F+0
j  imgui.ImDrawData.getDisplaySizeX()F+1
j  imgui.gl3.ImGuiImplGl3.renderDrawData(Limgui/ImDrawData;)V+1
j  org.PiEngine.Main.main([Ljava/lang/String;)V+762
v  ~StubRoutines::call_stub

siginfo: EXCEPTION_ACCESS_VIOLATION (0xc0000005), reading address 0x0000000000000028


Registers:
RAX=0x0000000000000000, RBX=0x000001181889b748, RCX=0x000001181889b748, RDX=0x00000010c68ff510
RSP=0x00000010c68ff440, RBP=0x00000010c68ff4f0, RSI=0x00000010c68ff510, RDI=0x000001182781a23a
R8 =0x0000000000000042, R9 =0x0000000714e27460, R10=0x00007ffe9d3e6f80, R11=0x0000000000000002
R12=0x0000000000000000, R13=0x0000011800659eb8, R14=0x00000010c68ff510, R15=0x000001181889b490
RIP=0x00007ffe45bde4c4, EFLAGS=0x0000000000010246


Register to memory mapping:

RIP=0x00007ffe45bde4c4 imgui-java64.dll
RAX=0x0 is NULL
RBX=0x000001181889b748 points into unknown readable memory: 0x000001187e29ad20 | 20 ad 29 7e 18 01 00 00
RCX=0x000001181889b748 points into unknown readable memory: 0x000001187e29ad20 | 20 ad 29 7e 18 01 00 00
RDX=0x00000010c68ff510 is pointing into the stack for thread: 0x000001181889b490
RSP=0x00000010c68ff440 is pointing into the stack for thread: 0x000001181889b490
RBP=0x00000010c68ff4f0 is pointing into the stack for thread: 0x000001181889b490
RSI=0x00000010c68ff510 is pointing into the stack for thread: 0x000001181889b490
RDI=0x000001182781a23a is at code_begin+4314 in an Interpreter codelet
return entry points  [0x0000011827819160, 0x000001182781b3c0]  8800 bytes
R8 =0x0000000000000042 is an unknown value
R9 =0x0000000714e27460 is an oop: imgui.ImDrawData 
{0x0000000714e27460} - klass: 'imgui/ImDrawData'
 - ---- fields (total size 3 words):
 - public 'ptr' 'J' @16  0 (0 0)
R10=0x00007ffe9d3e6f80 jvm.dll
R11=0x0000000000000002 is an unknown value
R12=0x0 is NULL
R13={method} {0x0000011800659ec0} 'nGetDisplaySizeX' '()F' in 'imgui/ImDrawData'
R14=0x00000010c68ff510 is pointing into the stack for thread: 0x000001181889b490
R15=0x000001181889b490 is a thread


Top of Stack: (sp=0x00000010c68ff440)
0x00000010c68ff440:   000001182781a23a 00000118278210c9
0x00000010c68ff450:   0000011800659eb8 0000011800659eb8
0x00000010c68ff460:   0000011800659eb8 0000011800659eb8
0x00000010c68ff470:   00000118001963c0 00000118278213e6
0x00000010c68ff480:   0000011800659eb8 00000118001963c0
0x00000010c68ff490:   0000011800659c48 000001181889b490
0x00000010c68ff4a0:   0000011827820cf6 00000010c68ff4a8
0x00000010c68ff4b0:   0000011800659eb8 00000010c68ff510
0x00000010c68ff4c0:   000001180065acd0 0000000000000000
0x00000010c68ff4d0:   0000000714e272e8 0000011800659eb8
0x00000010c68ff4e0:   0000000000000000 00000010c68ff510
0x00000010c68ff4f0:   00000010c68ff560 000001182781a130
0x00000010c68ff500:   0000000000000000 000001182781d559
0x00000010c68ff510:   0000000714e27460 00000010c68ff518
0x00000010c68ff520:   0000011800659c31 00000010c68ff570
0x00000010c68ff530:   000001180065acd0 0000000000000000
0x00000010c68ff540:   0000000714e272e8 0000011800659c48
0x00000010c68ff550:   00000010c68ff510 00000010c68ff570
0x00000010c68ff560:   00000010c68ff5c0 000001182781a130
0x00000010c68ff570:   0000000714e27460 00000010c68ff578
0x00000010c68ff580:   0000011800682af1 00000010c68ff680
0x00000010c68ff590:   0000011800684ab8 0000000000000000
0x00000010c68ff5a0:   0000000714eee6d8 0000011800683138
0x00000010c68ff5b0:   00000010c68ff570 00000010c68ff678
0x00000010c68ff5c0:   00000010c68ff6d0 0000011827819f1c
0x00000010c68ff5d0:   0000000000000000 0000000000000000
0x00000010c68ff5e0:   0000000000000000 0000000000000000
0x00000010c68ff5f0:   0000000000000000 0000000000000000
0x00000010c68ff600:   0000000000000000 0000000000000000
0x00000010c68ff610:   0000000000000000 0000000000000000
0x00000010c68ff620:   0000000000000000 0000000000000000
0x00000010c68ff630:   0000000000000000 0000000000000000 

Instructions: (pc=0x00007ffe45bde4c4)
0x00007ffe45bde3c4:   83 ec 20 48 89 cb 4c 89 c6 48 89 d7 e8 1b e3 18
0x00007ffe45bde3d4:   00 4c 8b 0b 48 89 fa 48 89 d9 49 89 c0 41 ff 91
0x00007ffe45bde3e4:   28 03 00 00 49 89 f0 48 89 d9 48 8b 50 20 48 83
0x00007ffe45bde3f4:   c4 20 5b 5e 5f e9 c2 e7 18 00 66 90 56 53 48 83
0x00007ffe45bde404:   ec 28 48 89 cb 48 89 d6 e8 df e2 18 00 4c 8b 0b
0x00007ffe45bde414:   48 89 f2 48 89 d9 49 89 c0 41 ff 91 28 03 00 00
0x00007ffe45bde424:   f3 0f 10 40 20 48 83 c4 28 5b 5e c3 56 53 48 83
0x00007ffe45bde434:   ec 28 48 89 cb 48 89 d6 e8 af e2 18 00 4c 8b 0b
0x00007ffe45bde444:   48 89 f2 48 89 d9 49 89 c0 41 ff 91 28 03 00 00
0x00007ffe45bde454:   f3 0f 10 40 24 48 83 c4 28 5b 5e c3 57 56 53 48
0x00007ffe45bde464:   83 ec 20 48 89 cb 4c 89 c6 48 89 d7 e8 7b e2 18
0x00007ffe45bde474:   00 4c 8b 0b 48 89 fa 48 89 d9 49 89 c0 41 ff 91
0x00007ffe45bde484:   28 03 00 00 49 89 f0 48 89 d9 48 8b 50 28 48 83
0x00007ffe45bde494:   c4 20 5b 5e 5f e9 22 e7 18 00 66 90 56 53 48 83
0x00007ffe45bde4a4:   ec 28 48 89 cb 48 89 d6 e8 3f e2 18 00 4c 8b 0b
0x00007ffe45bde4b4:   48 89 f2 48 89 d9 49 89 c0 41 ff 91 28 03 00 00
0x00007ffe45bde4c4:   f3 0f 10 40 28 48 83 c4 28 5b 5e c3 56 53 48 83
0x00007ffe45bde4d4:   ec 28 48 89 cb 48 89 d6 e8 0f e2 18 00 4c 8b 0b
0x00007ffe45bde4e4:   48 89 f2 48 89 d9 49 89 c0 41 ff 91 28 03 00 00
0x00007ffe45bde4f4:   f3 0f 10 40 2c 48 83 c4 28 5b 5e c3 57 56 53 48
0x00007ffe45bde504:   83 ec 20 48 89 cb 4c 89 c6 48 89 d7 e8 db e1 18
0x00007ffe45bde514:   00 4c 8b 0b 48 89 fa 48 89 d9 49 89 c0 41 ff 91
0x00007ffe45bde524:   28 03 00 00 49 89 f0 48 89 d9 48 8b 50 30 48 83
0x00007ffe45bde534:   c4 20 5b 5e 5f e9 82 e6 18 00 66 90 56 53 48 83
0x00007ffe45bde544:   ec 28 48 89 cb 48 89 d6 e8 9f e1 18 00 4c 8b 0b
0x00007ffe45bde554:   48 89 f2 48 89 d9 49 89 c0 41 ff 91 28 03 00 00
0x00007ffe45bde564:   f3 0f 10 40 30 48 83 c4 28 5b 5e c3 56 53 48 83
0x00007ffe45bde574:   ec 28 48 89 cb 48 89 d6 e8 6f e1 18 00 4c 8b 0b
0x00007ffe45bde584:   48 89 f2 48 89 d9 49 89 c0 41 ff 91 28 03 00 00
0x00007ffe45bde594:   f3 0f 10 40 34 48 83 c4 28 5b 5e c3 56 53 48 83
0x00007ffe45bde5a4:   ec 28 48 89 cb 48 89 d6 e8 3f e1 18 00 4c 8b 0b
0x00007ffe45bde5b4:   48 89 f2 48 89 d9 49 89 c0 41 ff 91 28 03 00 00 


Stack slot to memory mapping:
stack at sp + 0 slots: 0x000001182781a23a is at code_begin+4314 in an Interpreter codelet
return entry points  [0x0000011827819160, 0x000001182781b3c0]  8800 bytes
stack at sp + 1 slots: 0x00000118278210c9 is at code_begin+1161 in an Interpreter codelet
method entry point (kind = native)  [0x0000011827820c40, 0x0000011827821d60]  4384 bytes
stack at sp + 2 slots: {method} {0x0000011800659ec0} 'nGetDisplaySizeX' '()F' in 'imgui/ImDrawData'
stack at sp + 3 slots: {method} {0x0000011800659ec0} 'nGetDisplaySizeX' '()F' in 'imgui/ImDrawData'
stack at sp + 4 slots: {method} {0x0000011800659ec0} 'nGetDisplaySizeX' '()F' in 'imgui/ImDrawData'
stack at sp + 5 slots: {method} {0x0000011800659ec0} 'nGetDisplaySizeX' '()F' in 'imgui/ImDrawData'
stack at sp + 6 slots: 0x00000118001963c0 is pointing into metadata
stack at sp + 7 slots: 0x00000118278213e6 is at code_begin+1958 in an Interpreter codelet
method entry point (kind = native)  [0x0000011827820c40, 0x0000011827821d60]  4384 bytes


---------------  P R O C E S S  ---------------

Threads class SMR info:
_java_thread_list=0x000001187e326480, length=19, elements={
0x000001181889b490, 0x000001183c1061e0, 0x000001183c107060, 0x000001183c1167d0,
0x000001183c1192a0, 0x000001183c119c60, 0x000001183c11a620, 0x000001183c11b310,
0x000001183c11bd10, 0x000001183c122740, 0x000001183c1e36c0, 0x000001183c2e52d0,
0x000001183c2e9fb0, 0x000001183c2ed530, 0x000001183c2ebac0, 0x000001183c2f81e0,
0x0000011809702740, 0x0000011809702c60, 0x00000118097142a0
}

Java Threads: ( => current thread )
=>0x000001181889b490 JavaThread "main" [_thread_in_native, id=10256, stack(0x00000010c6800000,0x00000010c6900000)]
  0x000001183c1061e0 JavaThread "Reference Handler" daemon [_thread_blocked, id=6540, stack(0x00000010c6f00000,0x00000010c7000000)]
  0x000001183c107060 JavaThread "Finalizer" daemon [_thread_blocked, id=13452, stack(0x00000010c7000000,0x00000010c7100000)]
  0x000001183c1167d0 JavaThread "Signal Dispatcher" daemon [_thread_blocked, id=20908, stack(0x00000010c7100000,0x00000010c7200000)]
  0x000001183c1192a0 JavaThread "Attach Listener" daemon [_thread_blocked, id=21844, stack(0x00000010c7200000,0x00000010c7300000)]
  0x000001183c119c60 JavaThread "Service Thread" daemon [_thread_blocked, id=6968, stack(0x00000010c7300000,0x00000010c7400000)]
  0x000001183c11a620 JavaThread "Monitor Deflation Thread" daemon [_thread_blocked, id=23224, stack(0x00000010c7400000,0x00000010c7500000)]
  0x000001183c11b310 JavaThread "C2 CompilerThread0" daemon [_thread_blocked, id=13756, stack(0x00000010c7500000,0x00000010c7600000)]
  0x000001183c11bd10 JavaThread "C1 CompilerThread0" daemon [_thread_blocked, id=7988, stack(0x00000010c7600000,0x00000010c7700000)]
  0x000001183c122740 JavaThread "Sweeper thread" daemon [_thread_blocked, id=2108, stack(0x00000010c7700000,0x00000010c7800000)]
  0x000001183c1e36c0 JavaThread "C1 CompilerThread1" daemon [_thread_blocked, id=3964, stack(0x00000010c7800000,0x00000010c7900000)]
  0x000001183c2e52d0 JavaThread "JDWP Transport Listener: dt_socket" daemon [_thread_blocked, id=3704, stack(0x00000010c7900000,0x00000010c7a00000)]
  0x000001183c2e9fb0 JavaThread "JDWP Event Helper Thread" daemon [_thread_blocked, id=14740, stack(0x00000010c7a00000,0x00000010c7b00000)]
  0x000001183c2ed530 JavaThread "JDWP Command Reader" daemon [_thread_in_native, id=1392, stack(0x00000010c7b00000,0x00000010c7c00000)]
  0x000001183c2ebac0 JavaThread "Notification Thread" daemon [_thread_blocked, id=11616, stack(0x00000010c7c00000,0x00000010c7d00000)]
  0x000001183c2f81e0 JavaThread "Common-Cleaner" daemon [_thread_blocked, id=9312, stack(0x00000010c7e00000,0x00000010c7f00000)]
  0x0000011809702740 JavaThread "C1 CompilerThread2" daemon [_thread_blocked, id=4972, stack(0x00000010c7f00000,0x00000010c8000000)]
  0x0000011809702c60 JavaThread "C1 CompilerThread3" daemon [_thread_blocked, id=9860, stack(0x00000010c8800000,0x00000010c8900000)]
  0x00000118097142a0 JavaThread "C2 CompilerThread1" daemon [_thread_blocked, id=21856, stack(0x00000010c8900000,0x00000010c8a00000)]

Other Threads:
  0x000001183bb95520 VMThread "VM Thread" [stack: 0x00000010c6e00000,0x00000010c6f00000] [id=6648]
  0x000001183c2ec3b0 WatcherThread [stack: 0x00000010c7d00000,0x00000010c7e00000] [id=1948]
  0x0000011818907850 GCTaskThread "GC Thread#0" [stack: 0x00000010c6900000,0x00000010c6a00000] [id=6944]
  0x00000118189181b0 ConcurrentGCThread "G1 Main Marker" [stack: 0x00000010c6a00000,0x00000010c6b00000] [id=12284]
  0x000001181891a380 ConcurrentGCThread "G1 Conc#0" [stack: 0x00000010c6b00000,0x00000010c6c00000] [id=20504]
  0x000001181893dd10 ConcurrentGCThread "G1 Refine#0" [stack: 0x00000010c6c00000,0x00000010c6d00000] [id=1580]
  0x000001181893e740 ConcurrentGCThread "G1 Service" [stack: 0x00000010c6d00000,0x00000010c6e00000] [id=19408]

Threads with active compile tasks:

VM state: not at safepoint (normal execution)

VM Mutex/Monitor currently owned by a thread: None

Heap address: 0x0000000705e00000, size: 4002 MB, Compressed Oops mode: Zero based, Oop shift amount: 3

CDS archive(s) mapped at: [0x000001183d000000-0x000001183dbb0000-0x000001183dbb0000), size 12255232, SharedBaseAddress: 0x000001183d000000, ArchiveRelocationMode: 1.
Compressed class space mapped at: 0x000001183e000000-0x000001187e000000, reserved size: 1073741824
Narrow klass base: 0x000001183d000000, Narrow klass shift: 0, Narrow klass range: 0x100000000

GC Precious Log:
 CPUs: 16 total, 16 available
 Memory: 16004M
 Large Page Support: Disabled
 NUMA Support: Disabled
 Compressed Oops: Enabled (Zero based)
 Heap Region Size: 2M
 Heap Min Capacity: 8M
 Heap Initial Capacity: 252M
 Heap Max Capacity: 4002M
 Pre-touch: Disabled
 Parallel Workers: 13
 Concurrent Workers: 3
 Concurrent Refinement Workers: 13
 Periodic GC: Disabled

Heap:
 garbage-first heap   total 258048K, used 12288K [0x0000000705e00000, 0x0000000800000000)
  region size 2048K, 7 young (14336K), 0 survivors (0K)
 Metaspace       used 5412K, committed 5696K, reserved 1114112K
  class space    used 300K, committed 448K, reserved 1048576K

Heap Regions: E=young(eden), S=young(survivor), O=old, HS=humongous(starts), HC=humongous(continues), CS=collection set, F=free, OA=open archive, CA=closed archive, TAMS=top-at-mark-start (previous, next)
|   0|0x0000000705e00000, 0x0000000705e00000, 0x0000000706000000|  0%| F|  |TAMS 0x0000000705e00000, 0x0000000705e00000| Untracked 
|   1|0x0000000706000000, 0x0000000706000000, 0x0000000706200000|  0%| F|  |TAMS 0x0000000706000000, 0x0000000706000000| Untracked 
|   2|0x0000000706200000, 0x0000000706200000, 0x0000000706400000|  0%| F|  |TAMS 0x0000000706200000, 0x0000000706200000| Untracked 
|   3|0x0000000706400000, 0x0000000706400000, 0x0000000706600000|  0%| F|  |TAMS 0x0000000706400000, 0x0000000706400000| Untracked 
|   4|0x0000000706600000, 0x0000000706600000, 0x0000000706800000|  0%| F|  |TAMS 0x0000000706600000, 0x0000000706600000| Untracked 
|   5|0x0000000706800000, 0x0000000706800000, 0x0000000706a00000|  0%| F|  |TAMS 0x0000000706800000, 0x0000000706800000| Untracked 
|   6|0x0000000706a00000, 0x0000000706a00000, 0x0000000706c00000|  0%| F|  |TAMS 0x0000000706a00000, 0x0000000706a00000| Untracked 
|   7|0x0000000706c00000, 0x0000000706c00000, 0x0000000706e00000|  0%| F|  |TAMS 0x0000000706c00000, 0x0000000706c00000| Untracked 
|   8|0x0000000706e00000, 0x0000000706e00000, 0x0000000707000000|  0%| F|  |TAMS 0x0000000706e00000, 0x0000000706e00000| Untracked 
|   9|0x0000000707000000, 0x0000000707000000, 0x0000000707200000|  0%| F|  |TAMS 0x0000000707000000, 0x0000000707000000| Untracked 
|  10|0x0000000707200000, 0x0000000707200000, 0x0000000707400000|  0%| F|  |TAMS 0x0000000707200000, 0x0000000707200000| Untracked 
|  11|0x0000000707400000, 0x0000000707400000, 0x0000000707600000|  0%| F|  |TAMS 0x0000000707400000, 0x0000000707400000| Untracked 
|  12|0x0000000707600000, 0x0000000707600000, 0x0000000707800000|  0%| F|  |TAMS 0x0000000707600000, 0x0000000707600000| Untracked 
|  13|0x0000000707800000, 0x0000000707800000, 0x0000000707a00000|  0%| F|  |TAMS 0x0000000707800000, 0x0000000707800000| Untracked 
|  14|0x0000000707a00000, 0x0000000707a00000, 0x0000000707c00000|  0%| F|  |TAMS 0x0000000707a00000, 0x0000000707a00000| Untracked 
|  15|0x0000000707c00000, 0x0000000707c00000, 0x0000000707e00000|  0%| F|  |TAMS 0x0000000707c00000, 0x0000000707c00000| Untracked 
|  16|0x0000000707e00000, 0x0000000707e00000, 0x0000000708000000|  0%| F|  |TAMS 0x0000000707e00000, 0x0000000707e00000| Untracked 
|  17|0x0000000708000000, 0x0000000708000000, 0x0000000708200000|  0%| F|  |TAMS 0x0000000708000000, 0x0000000708000000| Untracked 
|  18|0x0000000708200000, 0x0000000708200000, 0x0000000708400000|  0%| F|  |TAMS 0x0000000708200000, 0x0000000708200000| Untracked 
|  19|0x0000000708400000, 0x0000000708400000, 0x0000000708600000|  0%| F|  |TAMS 0x0000000708400000, 0x0000000708400000| Untracked 
|  20|0x0000000708600000, 0x0000000708600000, 0x0000000708800000|  0%| F|  |TAMS 0x0000000708600000, 0x0000000708600000| Untracked 
|  21|0x0000000708800000, 0x0000000708800000, 0x0000000708a00000|  0%| F|  |TAMS 0x0000000708800000, 0x0000000708800000| Untracked 
|  22|0x0000000708a00000, 0x0000000708a00000, 0x0000000708c00000|  0%| F|  |TAMS 0x0000000708a00000, 0x0000000708a00000| Untracked 
|  23|0x0000000708c00000, 0x0000000708c00000, 0x0000000708e00000|  0%| F|  |TAMS 0x0000000708c00000, 0x0000000708c00000| Untracked 
|  24|0x0000000708e00000, 0x0000000708e00000, 0x0000000709000000|  0%| F|  |TAMS 0x0000000708e00000, 0x0000000708e00000| Untracked 
|  25|0x0000000709000000, 0x0000000709000000, 0x0000000709200000|  0%| F|  |TAMS 0x0000000709000000, 0x0000000709000000| Untracked 
|  26|0x0000000709200000, 0x0000000709200000, 0x0000000709400000|  0%| F|  |TAMS 0x0000000709200000, 0x0000000709200000| Untracked 
|  27|0x0000000709400000, 0x0000000709400000, 0x0000000709600000|  0%| F|  |TAMS 0x0000000709400000, 0x0000000709400000| Untracked 
|  28|0x0000000709600000, 0x0000000709600000, 0x0000000709800000|  0%| F|  |TAMS 0x0000000709600000, 0x0000000709600000| Untracked 
|  29|0x0000000709800000, 0x0000000709800000, 0x0000000709a00000|  0%| F|  |TAMS 0x0000000709800000, 0x0000000709800000| Untracked 
|  30|0x0000000709a00000, 0x0000000709a00000, 0x0000000709c00000|  0%| F|  |TAMS 0x0000000709a00000, 0x0000000709a00000| Untracked 
|  31|0x0000000709c00000, 0x0000000709c00000, 0x0000000709e00000|  0%| F|  |TAMS 0x0000000709c00000, 0x0000000709c00000| Untracked 
|  32|0x0000000709e00000, 0x0000000709e00000, 0x000000070a000000|  0%| F|  |TAMS 0x0000000709e00000, 0x0000000709e00000| Untracked 
|  33|0x000000070a000000, 0x000000070a000000, 0x000000070a200000|  0%| F|  |TAMS 0x000000070a000000, 0x000000070a000000| Untracked 
|  34|0x000000070a200000, 0x000000070a200000, 0x000000070a400000|  0%| F|  |TAMS 0x000000070a200000, 0x000000070a200000| Untracked 
|  35|0x000000070a400000, 0x000000070a400000, 0x000000070a600000|  0%| F|  |TAMS 0x000000070a400000, 0x000000070a400000| Untracked 
|  36|0x000000070a600000, 0x000000070a600000, 0x000000070a800000|  0%| F|  |TAMS 0x000000070a600000, 0x000000070a600000| Untracked 
|  37|0x000000070a800000, 0x000000070a800000, 0x000000070aa00000|  0%| F|  |TAMS 0x000000070a800000, 0x000000070a800000| Untracked 
|  38|0x000000070aa00000, 0x000000070aa00000, 0x000000070ac00000|  0%| F|  |TAMS 0x000000070aa00000, 0x000000070aa00000| Untracked 
|  39|0x000000070ac00000, 0x000000070ac00000, 0x000000070ae00000|  0%| F|  |TAMS 0x000000070ac00000, 0x000000070ac00000| Untracked 
|  40|0x000000070ae00000, 0x000000070ae00000, 0x000000070b000000|  0%| F|  |TAMS 0x000000070ae00000, 0x000000070ae00000| Untracked 
|  41|0x000000070b000000, 0x000000070b000000, 0x000000070b200000|  0%| F|  |TAMS 0x000000070b000000, 0x000000070b000000| Untracked 
|  42|0x000000070b200000, 0x000000070b200000, 0x000000070b400000|  0%| F|  |TAMS 0x000000070b200000, 0x000000070b200000| Untracked 
|  43|0x000000070b400000, 0x000000070b400000, 0x000000070b600000|  0%| F|  |TAMS 0x000000070b400000, 0x000000070b400000| Untracked 
|  44|0x000000070b600000, 0x000000070b600000, 0x000000070b800000|  0%| F|  |TAMS 0x000000070b600000, 0x000000070b600000| Untracked 
|  45|0x000000070b800000, 0x000000070b800000, 0x000000070ba00000|  0%| F|  |TAMS 0x000000070b800000, 0x000000070b800000| Untracked 
|  46|0x000000070ba00000, 0x000000070ba00000, 0x000000070bc00000|  0%| F|  |TAMS 0x000000070ba00000, 0x000000070ba00000| Untracked 
|  47|0x000000070bc00000, 0x000000070bc00000, 0x000000070be00000|  0%| F|  |TAMS 0x000000070bc00000, 0x000000070bc00000| Untracked 
|  48|0x000000070be00000, 0x000000070be00000, 0x000000070c000000|  0%| F|  |TAMS 0x000000070be00000, 0x000000070be00000| Untracked 
|  49|0x000000070c000000, 0x000000070c000000, 0x000000070c200000|  0%| F|  |TAMS 0x000000070c000000, 0x000000070c000000| Untracked 
|  50|0x000000070c200000, 0x000000070c200000, 0x000000070c400000|  0%| F|  |TAMS 0x000000070c200000, 0x000000070c200000| Untracked 
|  51|0x000000070c400000, 0x000000070c400000, 0x000000070c600000|  0%| F|  |TAMS 0x000000070c400000, 0x000000070c400000| Untracked 
|  52|0x000000070c600000, 0x000000070c600000, 0x000000070c800000|  0%| F|  |TAMS 0x000000070c600000, 0x000000070c600000| Untracked 
|  53|0x000000070c800000, 0x000000070c800000, 0x000000070ca00000|  0%| F|  |TAMS 0x000000070c800000, 0x000000070c800000| Untracked 
|  54|0x000000070ca00000, 0x000000070ca00000, 0x000000070cc00000|  0%| F|  |TAMS 0x000000070ca00000, 0x000000070ca00000| Untracked 
|  55|0x000000070cc00000, 0x000000070cc00000, 0x000000070ce00000|  0%| F|  |TAMS 0x000000070cc00000, 0x000000070cc00000| Untracked 
|  56|0x000000070ce00000, 0x000000070ce00000, 0x000000070d000000|  0%| F|  |TAMS 0x000000070ce00000, 0x000000070ce00000| Untracked 
|  57|0x000000070d000000, 0x000000070d000000, 0x000000070d200000|  0%| F|  |TAMS 0x000000070d000000, 0x000000070d000000| Untracked 
|  58|0x000000070d200000, 0x000000070d200000, 0x000000070d400000|  0%| F|  |TAMS 0x000000070d200000, 0x000000070d200000| Untracked 
|  59|0x000000070d400000, 0x000000070d400000, 0x000000070d600000|  0%| F|  |TAMS 0x000000070d400000, 0x000000070d400000| Untracked 
|  60|0x000000070d600000, 0x000000070d600000, 0x000000070d800000|  0%| F|  |TAMS 0x000000070d600000, 0x000000070d600000| Untracked 
|  61|0x000000070d800000, 0x000000070d800000, 0x000000070da00000|  0%| F|  |TAMS 0x000000070d800000, 0x000000070d800000| Untracked 
|  62|0x000000070da00000, 0x000000070da00000, 0x000000070dc00000|  0%| F|  |TAMS 0x000000070da00000, 0x000000070da00000| Untracked 
|  63|0x000000070dc00000, 0x000000070dc00000, 0x000000070de00000|  0%| F|  |TAMS 0x000000070dc00000, 0x000000070dc00000| Untracked 
|  64|0x000000070de00000, 0x000000070de00000, 0x000000070e000000|  0%| F|  |TAMS 0x000000070de00000, 0x000000070de00000| Untracked 
|  65|0x000000070e000000, 0x000000070e000000, 0x000000070e200000|  0%| F|  |TAMS 0x000000070e000000, 0x000000070e000000| Untracked 
|  66|0x000000070e200000, 0x000000070e200000, 0x000000070e400000|  0%| F|  |TAMS 0x000000070e200000, 0x000000070e200000| Untracked 
|  67|0x000000070e400000, 0x000000070e400000, 0x000000070e600000|  0%| F|  |TAMS 0x000000070e400000, 0x000000070e400000| Untracked 
|  68|0x000000070e600000, 0x000000070e600000, 0x000000070e800000|  0%| F|  |TAMS 0x000000070e600000, 0x000000070e600000| Untracked 
|  69|0x000000070e800000, 0x000000070e800000, 0x000000070ea00000|  0%| F|  |TAMS 0x000000070e800000, 0x000000070e800000| Untracked 
|  70|0x000000070ea00000, 0x000000070ea00000, 0x000000070ec00000|  0%| F|  |TAMS 0x000000070ea00000, 0x000000070ea00000| Untracked 
|  71|0x000000070ec00000, 0x000000070ec00000, 0x000000070ee00000|  0%| F|  |TAMS 0x000000070ec00000, 0x000000070ec00000| Untracked 
|  72|0x000000070ee00000, 0x000000070ee00000, 0x000000070f000000|  0%| F|  |TAMS 0x000000070ee00000, 0x000000070ee00000| Untracked 
|  73|0x000000070f000000, 0x000000070f000000, 0x000000070f200000|  0%| F|  |TAMS 0x000000070f000000, 0x000000070f000000| Untracked 
|  74|0x000000070f200000, 0x000000070f200000, 0x000000070f400000|  0%| F|  |TAMS 0x000000070f200000, 0x000000070f200000| Untracked 
|  75|0x000000070f400000, 0x000000070f400000, 0x000000070f600000|  0%| F|  |TAMS 0x000000070f400000, 0x000000070f400000| Untracked 
|  76|0x000000070f600000, 0x000000070f600000, 0x000000070f800000|  0%| F|  |TAMS 0x000000070f600000, 0x000000070f600000| Untracked 
|  77|0x000000070f800000, 0x000000070f800000, 0x000000070fa00000|  0%| F|  |TAMS 0x000000070f800000, 0x000000070f800000| Untracked 
|  78|0x000000070fa00000, 0x000000070fa00000, 0x000000070fc00000|  0%| F|  |TAMS 0x000000070fa00000, 0x000000070fa00000| Untracked 
|  79|0x000000070fc00000, 0x000000070fc00000, 0x000000070fe00000|  0%| F|  |TAMS 0x000000070fc00000, 0x000000070fc00000| Untracked 
|  80|0x000000070fe00000, 0x000000070fe00000, 0x0000000710000000|  0%| F|  |TAMS 0x000000070fe00000, 0x000000070fe00000| Untracked 
|  81|0x0000000710000000, 0x0000000710000000, 0x0000000710200000|  0%| F|  |TAMS 0x0000000710000000, 0x0000000710000000| Untracked 
|  82|0x0000000710200000, 0x0000000710200000, 0x0000000710400000|  0%| F|  |TAMS 0x0000000710200000, 0x0000000710200000| Untracked 
|  83|0x0000000710400000, 0x0000000710400000, 0x0000000710600000|  0%| F|  |TAMS 0x0000000710400000, 0x0000000710400000| Untracked 
|  84|0x0000000710600000, 0x0000000710600000, 0x0000000710800000|  0%| F|  |TAMS 0x0000000710600000, 0x0000000710600000| Untracked 
|  85|0x0000000710800000, 0x0000000710800000, 0x0000000710a00000|  0%| F|  |TAMS 0x0000000710800000, 0x0000000710800000| Untracked 
|  86|0x0000000710a00000, 0x0000000710a00000, 0x0000000710c00000|  0%| F|  |TAMS 0x0000000710a00000, 0x0000000710a00000| Untracked 
|  87|0x0000000710c00000, 0x0000000710c00000, 0x0000000710e00000|  0%| F|  |TAMS 0x0000000710c00000, 0x0000000710c00000| Untracked 
|  88|0x0000000710e00000, 0x0000000710e00000, 0x0000000711000000|  0%| F|  |TAMS 0x0000000710e00000, 0x0000000710e00000| Untracked 
|  89|0x0000000711000000, 0x0000000711000000, 0x0000000711200000|  0%| F|  |TAMS 0x0000000711000000, 0x0000000711000000| Untracked 
|  90|0x0000000711200000, 0x0000000711200000, 0x0000000711400000|  0%| F|  |TAMS 0x0000000711200000, 0x0000000711200000| Untracked 
|  91|0x0000000711400000, 0x0000000711400000, 0x0000000711600000|  0%| F|  |TAMS 0x0000000711400000, 0x0000000711400000| Untracked 
|  92|0x0000000711600000, 0x0000000711600000, 0x0000000711800000|  0%| F|  |TAMS 0x0000000711600000, 0x0000000711600000| Untracked 
|  93|0x0000000711800000, 0x0000000711800000, 0x0000000711a00000|  0%| F|  |TAMS 0x0000000711800000, 0x0000000711800000| Untracked 
|  94|0x0000000711a00000, 0x0000000711a00000, 0x0000000711c00000|  0%| F|  |TAMS 0x0000000711a00000, 0x0000000711a00000| Untracked 
|  95|0x0000000711c00000, 0x0000000711c00000, 0x0000000711e00000|  0%| F|  |TAMS 0x0000000711c00000, 0x0000000711c00000| Untracked 
|  96|0x0000000711e00000, 0x0000000711e00000, 0x0000000712000000|  0%| F|  |TAMS 0x0000000711e00000, 0x0000000711e00000| Untracked 
|  97|0x0000000712000000, 0x0000000712000000, 0x0000000712200000|  0%| F|  |TAMS 0x0000000712000000, 0x0000000712000000| Untracked 
|  98|0x0000000712200000, 0x0000000712200000, 0x0000000712400000|  0%| F|  |TAMS 0x0000000712200000, 0x0000000712200000| Untracked 
|  99|0x0000000712400000, 0x0000000712400000, 0x0000000712600000|  0%| F|  |TAMS 0x0000000712400000, 0x0000000712400000| Untracked 
| 100|0x0000000712600000, 0x0000000712600000, 0x0000000712800000|  0%| F|  |TAMS 0x0000000712600000, 0x0000000712600000| Untracked 
| 101|0x0000000712800000, 0x0000000712800000, 0x0000000712a00000|  0%| F|  |TAMS 0x0000000712800000, 0x0000000712800000| Untracked 
| 102|0x0000000712a00000, 0x0000000712a00000, 0x0000000712c00000|  0%| F|  |TAMS 0x0000000712a00000, 0x0000000712a00000| Untracked 
| 103|0x0000000712c00000, 0x0000000712c00000, 0x0000000712e00000|  0%| F|  |TAMS 0x0000000712c00000, 0x0000000712c00000| Untracked 
| 104|0x0000000712e00000, 0x0000000712e00000, 0x0000000713000000|  0%| F|  |TAMS 0x0000000712e00000, 0x0000000712e00000| Untracked 
| 105|0x0000000713000000, 0x0000000713000000, 0x0000000713200000|  0%| F|  |TAMS 0x0000000713000000, 0x0000000713000000| Untracked 
| 106|0x0000000713200000, 0x0000000713200000, 0x0000000713400000|  0%| F|  |TAMS 0x0000000713200000, 0x0000000713200000| Untracked 
| 107|0x0000000713400000, 0x0000000713400000, 0x0000000713600000|  0%| F|  |TAMS 0x0000000713400000, 0x0000000713400000| Untracked 
| 108|0x0000000713600000, 0x0000000713600000, 0x0000000713800000|  0%| F|  |TAMS 0x0000000713600000, 0x0000000713600000| Untracked 
| 109|0x0000000713800000, 0x0000000713800000, 0x0000000713a00000|  0%| F|  |TAMS 0x0000000713800000, 0x0000000713800000| Untracked 
| 110|0x0000000713a00000, 0x0000000713a00000, 0x0000000713c00000|  0%| F|  |TAMS 0x0000000713a00000, 0x0000000713a00000| Untracked 
| 111|0x0000000713c00000, 0x0000000713c00000, 0x0000000713e00000|  0%| F|  |TAMS 0x0000000713c00000, 0x0000000713c00000| Untracked 
| 112|0x0000000713e00000, 0x0000000713e00000, 0x0000000714000000|  0%| F|  |TAMS 0x0000000713e00000, 0x0000000713e00000| Untracked 
| 113|0x0000000714000000, 0x0000000714000000, 0x0000000714200000|  0%| F|  |TAMS 0x0000000714000000, 0x0000000714000000| Untracked 
| 114|0x0000000714200000, 0x0000000714200000, 0x0000000714400000|  0%| F|  |TAMS 0x0000000714200000, 0x0000000714200000| Untracked 
| 115|0x0000000714400000, 0x0000000714400000, 0x0000000714600000|  0%| F|  |TAMS 0x0000000714400000, 0x0000000714400000| Untracked 
| 116|0x0000000714600000, 0x0000000714600000, 0x0000000714800000|  0%| F|  |TAMS 0x0000000714600000, 0x0000000714600000| Untracked 
| 117|0x0000000714800000, 0x0000000714800000, 0x0000000714a00000|  0%| F|  |TAMS 0x0000000714800000, 0x0000000714800000| Untracked 
| 118|0x0000000714a00000, 0x0000000714a00000, 0x0000000714c00000|  0%| F|  |TAMS 0x0000000714a00000, 0x0000000714a00000| Untracked 
| 119|0x0000000714c00000, 0x0000000714dd9fc0, 0x0000000714e00000| 92%| E|  |TAMS 0x0000000714c00000, 0x0000000714c00000| Complete 
| 120|0x0000000714e00000, 0x0000000715000000, 0x0000000715000000|100%| E|CS|TAMS 0x0000000714e00000, 0x0000000714e00000| Complete 
| 121|0x0000000715000000, 0x0000000715200000, 0x0000000715200000|100%| E|CS|TAMS 0x0000000715000000, 0x0000000715000000| Complete 
| 122|0x0000000715200000, 0x0000000715400000, 0x0000000715400000|100%| E|CS|TAMS 0x0000000715200000, 0x0000000715200000| Complete 
| 123|0x0000000715400000, 0x0000000715600000, 0x0000000715600000|100%| E|CS|TAMS 0x0000000715400000, 0x0000000715400000| Complete 
| 124|0x0000000715600000, 0x0000000715800000, 0x0000000715800000|100%| E|CS|TAMS 0x0000000715600000, 0x0000000715600000| Complete 
| 125|0x0000000715800000, 0x0000000715a00000, 0x0000000715a00000|100%| E|CS|TAMS 0x0000000715800000, 0x0000000715800000| Complete 

Card table byte_map: [0x0000011830430000,0x0000011830c10000] _byte_map_base: 0x000001182cc01000

Marking Bits (Prev, Next): (CMBitMap*) 0x0000011818907e70, (CMBitMap*) 0x0000011818907eb0
 Prev Bits: [0x00000118313f0000, 0x0000011835278000)
 Next Bits: [0x0000011835280000, 0x0000011839108000)

Polling page: 0x00000118167b0000

Metaspace:

Usage:
  Non-class:      4.99 MB used.
      Class:    300.52 KB used.
       Both:      5.29 MB used.

Virtual space:
  Non-class space:       64.00 MB reserved,       5.12 MB (  8%) committed,  1 nodes.
      Class space:        1.00 GB reserved,     448.00 KB ( <1%) committed,  1 nodes.
             Both:        1.06 GB reserved,       5.56 MB ( <1%) committed. 

Chunk freelists:
   Non-Class:  8.72 MB
       Class:  15.56 MB
        Both:  24.28 MB

MaxMetaspaceSize: unlimited
CompressedClassSpaceSize: 1.00 GB
Initial GC threshold: 21.00 MB
Current GC threshold: 21.00 MB
CDS: on
MetaspaceReclaimPolicy: balanced
 - commit_granule_bytes: 65536.
 - commit_granule_words: 8192.
 - virtual_space_node_default_size: 8388608.
 - enlarge_chunks_in_place: 1.
 - new_chunks_are_fully_committed: 0.
 - uncommit_free_chunks: 1.
 - use_allocation_guard: 0.
 - handle_deallocations: 1.


Internal statistics:

num_allocs_failed_limit: 0.
num_arena_births: 136.
num_arena_deaths: 0.
num_vsnodes_births: 2.
num_vsnodes_deaths: 0.
num_space_committed: 87.
num_space_uncommitted: 0.
num_chunks_returned_to_freelist: 0.
num_chunks_taken_from_freelist: 278.
num_chunk_merges: 0.
num_chunk_splits: 196.
num_chunks_enlarged: 133.
num_inconsistent_stats: 0.

CodeHeap 'non-profiled nmethods': size=119168Kb used=275Kb max_used=275Kb free=118892Kb
 bounds [0x0000011827f60000, 0x00000118281d0000, 0x000001182f3c0000]
CodeHeap 'profiled nmethods': size=119104Kb used=1634Kb max_used=1634Kb free=117469Kb
 bounds [0x00000118203c0000, 0x0000011820630000, 0x0000011827810000]
CodeHeap 'non-nmethods': size=7488Kb used=3528Kb max_used=3528Kb free=3959Kb
 bounds [0x0000011827810000, 0x0000011827b90000, 0x0000011827f60000]
 total_blobs=2214 nmethods=958 adapters=1166
 compilation: enabled
              stopped_count=0, restarted_count=0
 full_count=0

Compilation events (20 events):
Event: 0.648 Thread 0x0000011809702740 nmethod 948 0x0000011820554510 code [0x00000118205546c0, 0x0000011820554898]
Event: 0.648 Thread 0x000001183c1e36c0 nmethod 946 0x0000011820554a10 code [0x0000011820554be0, 0x0000011820555018]
Event: 0.649 Thread 0x000001183c1e36c0  949       3       jdk.internal.loader.NativeLibraries$NativeLibraryImpl::find (6 bytes)
Event: 0.649 Thread 0x000001183c1e36c0 nmethod 949 0x0000011820555190 code [0x0000011820555320, 0x0000011820555468]
Event: 0.649 Thread 0x000001183c1e36c0  951       3       org.lwjgl.glfw.GLFW::glfwGetKey (22 bytes)
Event: 0.649 Thread 0x000001183c1e36c0 nmethod 951 0x0000011820555510 code [0x00000118205556e0, 0x0000011820555998]
Event: 0.659 Thread 0x000001183c1e36c0  952       3       jdk.internal.org.objectweb.asm.Attribute::computeAttributesSize (62 bytes)
Event: 0.659 Thread 0x000001183c11bd10  953       3       jdk.internal.org.objectweb.asm.AnnotationWriter::computeAnnotationsSize (66 bytes)
Event: 0.659 Thread 0x0000011809702c60  954       3       jdk.internal.org.objectweb.asm.Attribute::putAttributes (78 bytes)
Event: 0.659 Thread 0x000001183c1e36c0 nmethod 952 0x0000011820555b10 code [0x0000011820555ce0, 0x0000011820555fe8]
Event: 0.659 Thread 0x000001183c11bd10 nmethod 953 0x0000011820556190 code [0x0000011820556360, 0x0000011820556678]
Event: 0.659 Thread 0x0000011809702c60 nmethod 954 0x0000011820556890 code [0x0000011820556ae0, 0x0000011820556ff8]
Event: 0.670 Thread 0x000001183c11bd10  955       3       java.net.URL::getDefaultPort (8 bytes)
Event: 0.670 Thread 0x000001183c11bd10 nmethod 955 0x0000011820557290 code [0x0000011820557420, 0x0000011820557618]
Event: 0.674 Thread 0x000001183c11bd10  956       3       java.lang.invoke.LambdaFormBuffer::changeName (149 bytes)
Event: 0.674 Thread 0x0000011809702c60  957       3       jdk.internal.org.objectweb.asm.Frame::<init> (10 bytes)
Event: 0.674 Thread 0x000001183c11bd10 nmethod 956 0x0000011820557710 code [0x00000118205578e0, 0x0000011820557e28]
Event: 0.674 Thread 0x0000011809702c60 nmethod 957 0x0000011820558010 code [0x00000118205581a0, 0x0000011820558358]
Event: 0.675 Thread 0x0000011809702c60  958       3       java.util.concurrent.ConcurrentHashMap::sumCount (60 bytes)
Event: 0.675 Thread 0x0000011809702c60 nmethod 958 0x0000011820558410 code [0x00000118205585c0, 0x0000011820558818]

GC Heap History (0 events):
No events

Dll operation events (9 events):
Event: 0.006 Loaded shared library C:\Program Files\Eclipse Adoptium\jdk-17.0.13.11-hotspot\bin\java.dll
Event: 0.026 Loaded shared library C:\Program Files\Eclipse Adoptium\jdk-17.0.13.11-hotspot\bin\jsvml.dll
Event: 0.088 Loaded shared library C:\Program Files\Eclipse Adoptium\jdk-17.0.13.11-hotspot\bin\net.dll
Event: 0.089 Loaded shared library C:\Program Files\Eclipse Adoptium\jdk-17.0.13.11-hotspot\bin\nio.dll
Event: 0.092 Loaded shared library C:\Program Files\Eclipse Adoptium\jdk-17.0.13.11-hotspot\bin\zip.dll
Event: 0.146 Loaded shared library C:\Program Files\Eclipse Adoptium\jdk-17.0.13.11-hotspot\bin\jimage.dll
Event: 0.167 Loaded shared library C:\Users\gunav\AppData\Local\Temp\lwjgl_gunav\3.3.4+7\x64\lwjgl.dll
Event: 0.426 Loaded shared library C:\Users\gunav\AppData\Local\Temp\lwjgl_gunav\3.3.4+7\x64\lwjgl_opengl.dll
Event: 0.555 Loaded shared library C:\Users\gunav\AppData\Local\Temp\imgui-java-natives\1.89.0\imgui-java64.dll

Deoptimization events (20 events):
Event: 0.183 Thread 0x000001181889b490 DEOPT PACKING pc=0x00000118204467fc sp=0x00000010c68fd870
Event: 0.183 Thread 0x000001181889b490 DEOPT UNPACKING pc=0x0000011827867143 sp=0x00000010c68fce00 mode 1
Event: 0.185 Thread 0x000001181889b490 DEOPT PACKING pc=0x0000011820409f3c sp=0x00000010c68fd5a0
Event: 0.185 Thread 0x000001181889b490 DEOPT UNPACKING pc=0x0000011827867143 sp=0x00000010c68fca80 mode 1
Event: 0.185 Thread 0x000001181889b490 DEOPT PACKING pc=0x00000118204467fc sp=0x00000010c68fd870
Event: 0.185 Thread 0x000001181889b490 DEOPT UNPACKING pc=0x0000011827867143 sp=0x00000010c68fce00 mode 1
Event: 0.247 Thread 0x000001181889b490 DEOPT PACKING pc=0x0000011820409f3c sp=0x00000010c68fc9d0
Event: 0.247 Thread 0x000001181889b490 DEOPT UNPACKING pc=0x0000011827867143 sp=0x00000010c68fbeb0 mode 1
Event: 0.247 Thread 0x000001181889b490 DEOPT PACKING pc=0x00000118204467fc sp=0x00000010c68fcca0
Event: 0.247 Thread 0x000001181889b490 DEOPT UNPACKING pc=0x0000011827867143 sp=0x00000010c68fc210 mode 1
Event: 0.247 Thread 0x000001181889b490 DEOPT PACKING pc=0x0000011820409f3c sp=0x00000010c68fc9d0
Event: 0.247 Thread 0x000001181889b490 DEOPT UNPACKING pc=0x0000011827867143 sp=0x00000010c68fbeb0 mode 1
Event: 0.247 Thread 0x000001181889b490 DEOPT PACKING pc=0x00000118204467fc sp=0x00000010c68fcca0
Event: 0.247 Thread 0x000001181889b490 DEOPT UNPACKING pc=0x0000011827867143 sp=0x00000010c68fc210 mode 1
Event: 0.439 Thread 0x000001181889b490 Uncommon trap: trap_request=0xffffff54 fr.pc=0x0000011827f8de6c relative=0x000000000000006c
Event: 0.439 Thread 0x000001181889b490 Uncommon trap: reason=speculate_null_assert action=make_not_entrant pc=0x0000011827f8de6c method=sun.misc.Unsafe.putLong(Ljava/lang/Object;JJ)V @ 7 c2
Event: 0.439 Thread 0x000001181889b490 DEOPT PACKING pc=0x0000011827f8de6c sp=0x00000010c68ff250
Event: 0.439 Thread 0x000001181889b490 DEOPT UNPACKING pc=0x00000118278669a3 sp=0x00000010c68ff1e8 mode 2
Event: 0.584 Thread 0x000001181889b490 DEOPT PACKING pc=0x00000118204007cf sp=0x00000010c68fadd0
Event: 0.584 Thread 0x000001181889b490 DEOPT UNPACKING pc=0x0000011827867143 sp=0x00000010c68fa230 mode 0

Classes loaded (20 events):
Event: 0.236 Loading class java/util/function/LongPredicate
Event: 0.236 Loading class java/util/function/LongPredicate done
Event: 0.238 Loading class jdk/internal/access/foreign/MemorySegmentProxy
Event: 0.238 Loading class jdk/internal/access/foreign/MemorySegmentProxy done
Event: 0.244 Loading class java/nio/InvalidMarkException
Event: 0.244 Loading class java/nio/InvalidMarkException done
Event: 0.244 Loading class java/nio/BufferUnderflowException
Event: 0.244 Loading class java/nio/BufferUnderflowException done
Event: 0.434 Loading class java/util/Formatter$FixedString
Event: 0.434 Loading class java/util/Formatter$FixedString done
Event: 0.495 Loading class java/io/UncheckedIOException
Event: 0.495 Loading class java/io/UncheckedIOException done
Event: 0.495 Loading class java/nio/file/AccessDeniedException
Event: 0.495 Loading class java/nio/file/AccessDeniedException done
Event: 0.500 Loading class java/nio/file/StandardCopyOption
Event: 0.500 Loading class java/nio/file/StandardCopyOption done
Event: 0.506 Loading class jdk/internal/misc/ScopedMemoryAccess$Scope
Event: 0.506 Loading class jdk/internal/misc/ScopedMemoryAccess$Scope done
Event: 0.647 Loading class jdk/internal/math/FDBigInteger
Event: 0.647 Loading class jdk/internal/math/FDBigInteger done

Classes unloaded (0 events):
No events

Classes redefined (0 events):
No events

Internal exceptions (20 events):
Event: 0.135 Thread 0x000001181889b490 Exception <a 'java/lang/NoSuchMethodError'{0x000000071541afd0}: 'void java.lang.invoke.DirectMethodHandle$Holder.invokeSpecial(java.lang.Object, java.lang.Object, java.lang.Object)'> (0x000000071541afd0) 
thrown [s\src\hotspot\share\interpreter\linkResolver.cpp, line 759]
Event: 0.137 Thread 0x000001181889b490 Exception <a 'java/lang/NoSuchMethodError'{0x000000071542e358}: 'java.lang.Object java.lang.invoke.DirectMethodHandle$Holder.invokeStatic(java.lang.Object, java.lang.Object, int)'> (0x000000071542e358) 
thrown [s\src\hotspot\share\interpreter\linkResolver.cpp, line 759]
Event: 0.139 Thread 0x000001181889b490 Exception <a 'java/lang/NoSuchMethodError'{0x000000071543a108}: 'void java.lang.invoke.DelegatingMethodHandle$Holder.delegate(java.lang.Object, java.lang.Object, int, java.lang.Object)'> (0x000000071543a108) 
thrown [s\src\hotspot\share\interpreter\linkResolver.cpp, line 759]
Event: 0.139 Thread 0x000001181889b490 Exception <a 'java/lang/NoSuchMethodError'{0x000000071543e348}: 'int java.lang.invoke.DirectMethodHandle$Holder.invokeSpecial(java.lang.Object, java.lang.Object, java.lang.Object)'> (0x000000071543e348) 
thrown [s\src\hotspot\share\interpreter\linkResolver.cpp, line 759]
Event: 0.174 Thread 0x000001181889b490 Exception <a 'sun/nio/fs/WindowsException'{0x00000007154a1698}> (0x00000007154a1698) 
thrown [s\src\hotspot\share\prims\jni.cpp, line 516]
Event: 0.174 Thread 0x000001181889b490 Exception <a 'sun/nio/fs/WindowsException'{0x00000007154a1be8}> (0x00000007154a1be8) 
thrown [s\src\hotspot\share\prims\jni.cpp, line 516]
Event: 0.226 Thread 0x000001181889b490 Exception <a 'sun/nio/fs/WindowsException'{0x0000000715553420}> (0x0000000715553420) 
thrown [s\src\hotspot\share\prims\jni.cpp, line 516]
Event: 0.226 Thread 0x000001181889b490 Exception <a 'sun/nio/fs/WindowsException'{0x0000000715553780}> (0x0000000715553780) 
thrown [s\src\hotspot\share\prims\jni.cpp, line 516]
Event: 0.233 Thread 0x000001181889b490 Exception <a 'java/lang/NoSuchMethodError'{0x000000071558bb08}: 'java.lang.Object java.lang.invoke.DirectMethodHandle$Holder.invokeStaticInit(java.lang.Object)'> (0x000000071558bb08) 
thrown [s\src\hotspot\share\interpreter\linkResolver.cpp, line 759]
Event: 0.237 Thread 0x000001181889b490 Exception <a 'java/lang/NoSuchMethodError'{0x00000007155aa598}: 'int java.lang.invoke.DirectMethodHandle$Holder.invokeStaticInit(java.lang.Object, java.lang.Object, int, long)'> (0x00000007155aa598) 
thrown [s\src\hotspot\share\interpreter\linkResolver.cpp, line 759]
Event: 0.237 Thread 0x000001181889b490 Exception <a 'java/lang/NoSuchMethodError'{0x00000007155afe60}: 'java.lang.Object java.lang.invoke.DirectMethodHandle$Holder.newInvokeSpecial(java.lang.Object, java.lang.Object, int)'> (0x00000007155afe60) 
thrown [s\src\hotspot\share\interpreter\linkResolver.cpp, line 759]
Event: 0.239 Thread 0x000001181889b490 Exception <a 'java/lang/NoSuchMethodError'{0x00000007155c0628}: 'int java.lang.invoke.DirectMethodHandle$Holder.invokeStaticInit(java.lang.Object, java.lang.Object, long, long)'> (0x00000007155c0628) 
thrown [s\src\hotspot\share\interpreter\linkResolver.cpp, line 759]
Event: 0.240 Thread 0x000001181889b490 Exception <a 'java/lang/NoSuchMethodError'{0x00000007155c6738}: 'java.lang.Object java.lang.invoke.DirectMethodHandle$Holder.newInvokeSpecial(java.lang.Object, java.lang.Object, long)'> (0x00000007155c6738) 
thrown [s\src\hotspot\share\interpreter\linkResolver.cpp, line 759]
Event: 0.241 Thread 0x000001181889b490 Exception <a 'java/lang/NoSuchMethodError'{0x00000007155ca780}: 'java.lang.Object java.lang.invoke.Invokers$Holder.linkToTargetMethod(java.lang.Object, long, java.lang.Object)'> (0x00000007155ca780) 
thrown [s\src\hotspot\share\interpreter\linkResolver.cpp, line 759]
Event: 0.242 Thread 0x000001181889b490 Exception <a 'java/lang/NoSuchMethodError'{0x00000007155d20e0}: 'int java.lang.invoke.DirectMethodHandle$Holder.invokeStaticInit(java.lang.Object, java.lang.Object, java.lang.Object, long)'> (0x00000007155d20e0) 
thrown [s\src\hotspot\share\interpreter\linkResolver.cpp, line 759]
Event: 0.425 Thread 0x000001181889b490 Exception <a 'sun/nio/fs/WindowsException'{0x000000071527c878}> (0x000000071527c878) 
thrown [s\src\hotspot\share\prims\jni.cpp, line 516]
Event: 0.425 Thread 0x000001181889b490 Exception <a 'sun/nio/fs/WindowsException'{0x000000071527cc18}> (0x000000071527cc18) 
thrown [s\src\hotspot\share\prims\jni.cpp, line 516]
Event: 0.429 Thread 0x000001181889b490 Exception <a 'sun/nio/fs/WindowsException'{0x00000007152873e8}> (0x00000007152873e8) 
thrown [s\src\hotspot\share\prims\jni.cpp, line 516]
Event: 0.429 Thread 0x000001181889b490 Exception <a 'sun/nio/fs/WindowsException'{0x00000007152876b8}> (0x00000007152876b8) 
thrown [s\src\hotspot\share\prims\jni.cpp, line 516]
Event: 0.500 Thread 0x000001181889b490 Exception <a 'sun/nio/fs/WindowsException'{0x000000071507e2e0}> (0x000000071507e2e0) 
thrown [s\src\hotspot\share\prims\jni.cpp, line 516]

VM Operations (8 events):
Event: 0.061 Executing VM operation: ChangeBreakpoints
Event: 0.061 Executing VM operation: ChangeBreakpoints done
Event: 0.092 Executing VM operation: HandshakeAllThreads
Event: 0.092 Executing VM operation: HandshakeAllThreads done
Event: 0.159 Executing VM operation: HandshakeAllThreads
Event: 0.159 Executing VM operation: HandshakeAllThreads done
Event: 0.189 Executing VM operation: HandshakeAllThreads
Event: 0.189 Executing VM operation: HandshakeAllThreads done

Memory protections (0 events):
No events

Nmethod flushes (0 events):
No events

Events (20 events):
Event: 0.029 Thread 0x000001181889b490 Thread added: 0x000001183c1061e0
Event: 0.029 Thread 0x000001181889b490 Thread added: 0x000001183c107060
Event: 0.036 Thread 0x000001181889b490 Thread added: 0x000001183c1167d0
Event: 0.036 Thread 0x000001181889b490 Thread added: 0x000001183c1192a0
Event: 0.036 Thread 0x000001181889b490 Thread added: 0x000001183c119c60
Event: 0.036 Thread 0x000001181889b490 Thread added: 0x000001183c11a620
Event: 0.036 Thread 0x000001181889b490 Thread added: 0x000001183c11b310
Event: 0.036 Thread 0x000001181889b490 Thread added: 0x000001183c11bd10
Event: 0.036 Thread 0x000001181889b490 Thread added: 0x000001183c122740
Event: 0.040 Thread 0x000001183c11bd10 Thread added: 0x000001183c1e36c0
Event: 0.061 Thread 0x000001181889b490 Thread added: 0x000001183c2e52d0
Event: 0.061 Thread 0x000001181889b490 Thread added: 0x000001183c2e9fb0
Event: 0.061 Thread 0x000001183c2e52d0 Thread added: 0x000001183c2ed530
Event: 0.080 Thread 0x000001181889b490 Thread added: 0x000001183c2ebac0
Event: 0.084 Thread 0x000001181889b490 Thread added: 0x000001183c2f81e0
Event: 0.106 Thread 0x000001183c1e36c0 Thread added: 0x000001183c4355a0
Event: 0.419 Thread 0x000001183c4355a0 Thread exited: 0x000001183c4355a0
Event: 0.429 Thread 0x000001183c1e36c0 Thread added: 0x0000011809702740
Event: 0.429 Thread 0x000001183c1e36c0 Thread added: 0x0000011809702c60
Event: 0.437 Thread 0x000001183c1e36c0 Thread added: 0x00000118097142a0


Dynamic libraries:
0x00007ff7eb7f0000 - 0x00007ff7eb7fe000 	C:\Program Files\Eclipse Adoptium\jdk-17.0.13.11-hotspot\bin\java.exe
0x00007ffee56b0000 - 0x00007ffee58c7000 	C:\WINDOWS\SYSTEM32\ntdll.dll
0x00007ffee4f00000 - 0x00007ffee4fc4000 	C:\WINDOWS\System32\KERNEL32.DLL
0x00007ffee2c70000 - 0x00007ffee3041000 	C:\WINDOWS\System32\KERNELBASE.dll
0x00007ffee2990000 - 0x00007ffee2aa1000 	C:\WINDOWS\System32\ucrtbase.dll
0x00007ffe9d550000 - 0x00007ffe9d56e000 	C:\Program Files\Eclipse Adoptium\jdk-17.0.13.11-hotspot\bin\VCRUNTIME140.dll
0x00007ffe9d570000 - 0x00007ffe9d587000 	C:\Program Files\Eclipse Adoptium\jdk-17.0.13.11-hotspot\bin\jli.dll
0x00007ffee4fd0000 - 0x00007ffee5181000 	C:\WINDOWS\System32\USER32.dll
0x00007ffecd710000 - 0x00007ffecd9a2000 	C:\WINDOWS\WinSxS\amd64_microsoft.windows.common-controls_6595b64144ccf1df_6.0.22621.4830_none_270fe7d773858e80\COMCTL32.dll
0x00007ffee2960000 - 0x00007ffee2986000 	C:\WINDOWS\System32\win32u.dll
0x00007ffee5350000 - 0x00007ffee53f7000 	C:\WINDOWS\System32\msvcrt.dll
0x00007ffee39d0000 - 0x00007ffee39f9000 	C:\WINDOWS\System32\GDI32.dll
0x00007ffee3050000 - 0x00007ffee316b000 	C:\WINDOWS\System32\gdi32full.dll
0x00007ffee3170000 - 0x00007ffee320a000 	C:\WINDOWS\System32\msvcp_win.dll
0x00007ffee4d00000 - 0x00007ffee4d31000 	C:\WINDOWS\System32\IMM32.DLL
0x00007ffe9d540000 - 0x00007ffe9d54c000 	C:\Program Files\Eclipse Adoptium\jdk-17.0.13.11-hotspot\bin\vcruntime140_1.dll
0x00007ffe9d4b0000 - 0x00007ffe9d53d000 	C:\Program Files\Eclipse Adoptium\jdk-17.0.13.11-hotspot\bin\msvcp140.dll
0x00007ffe9c840000 - 0x00007ffe9d4ab000 	C:\Program Files\Eclipse Adoptium\jdk-17.0.13.11-hotspot\bin\server\jvm.dll
0x00007ffee4d40000 - 0x00007ffee4df1000 	C:\WINDOWS\System32\ADVAPI32.dll
0x00007ffee37a0000 - 0x00007ffee3847000 	C:\WINDOWS\System32\sechost.dll
0x00007ffee27f0000 - 0x00007ffee2818000 	C:\WINDOWS\System32\bcrypt.dll
0x00007ffee3570000 - 0x00007ffee3684000 	C:\WINDOWS\System32\RPCRT4.dll
0x00007ffee3380000 - 0x00007ffee33f1000 	C:\WINDOWS\System32\WS2_32.dll
0x00007ffedddc0000 - 0x00007ffedddf4000 	C:\WINDOWS\SYSTEM32\WINMM.dll
0x00007ffee16a0000 - 0x00007ffee16ed000 	C:\WINDOWS\SYSTEM32\POWRPROF.dll
0x00007ffedb860000 - 0x00007ffedb86a000 	C:\WINDOWS\SYSTEM32\VERSION.dll
0x00007ffee1680000 - 0x00007ffee1693000 	C:\WINDOWS\SYSTEM32\UMPDC.dll
0x00007ffee1930000 - 0x00007ffee1948000 	C:\WINDOWS\SYSTEM32\kernel.appcore.dll
0x00007ffe9c830000 - 0x00007ffe9c83a000 	C:\Program Files\Eclipse Adoptium\jdk-17.0.13.11-hotspot\bin\jimage.dll
0x00007ffee01e0000 - 0x00007ffee0412000 	C:\WINDOWS\SYSTEM32\DBGHELP.DLL
0x00007ffee42f0000 - 0x00007ffee4680000 	C:\WINDOWS\System32\combase.dll
0x00007ffee4bd0000 - 0x00007ffee4ca7000 	C:\WINDOWS\System32\OLEAUT32.dll
0x00007ffec95f0000 - 0x00007ffec9622000 	C:\WINDOWS\SYSTEM32\dbgcore.DLL
0x00007ffee2820000 - 0x00007ffee289b000 	C:\WINDOWS\System32\bcryptPrimitives.dll
0x00007ffeaaf80000 - 0x00007ffeaafbb000 	C:\Program Files\Eclipse Adoptium\jdk-17.0.13.11-hotspot\bin\jdwp.dll
0x00007ffe9c7f0000 - 0x00007ffe9c815000 	C:\Program Files\Eclipse Adoptium\jdk-17.0.13.11-hotspot\bin\java.dll
0x00007ffe9c710000 - 0x00007ffe9c7e7000 	C:\Program Files\Eclipse Adoptium\jdk-17.0.13.11-hotspot\bin\jsvml.dll
0x00007ffee3a00000 - 0x00007ffee4288000 	C:\WINDOWS\System32\SHELL32.dll
0x00007ffee2ab0000 - 0x00007ffee2bef000 	C:\WINDOWS\System32\wintypes.dll
0x00007ffee0760000 - 0x00007ffee106d000 	C:\WINDOWS\SYSTEM32\windows.storage.dll
0x00007ffee3460000 - 0x00007ffee356a000 	C:\WINDOWS\System32\SHCORE.dll
0x00007ffee4290000 - 0x00007ffee42ee000 	C:\WINDOWS\System32\shlwapi.dll
0x00007ffee2720000 - 0x00007ffee274b000 	C:\WINDOWS\SYSTEM32\profapi.dll
0x00007ffeddec0000 - 0x00007ffeddecc000 	C:\Program Files\Eclipse Adoptium\jdk-17.0.13.11-hotspot\bin\dt_socket.dll
0x00007ffee1340000 - 0x00007ffee136d000 	C:\WINDOWS\SYSTEM32\IPHLPAPI.DLL
0x00007ffee1da0000 - 0x00007ffee1e0a000 	C:\WINDOWS\system32\mswsock.dll
0x00007ffee1370000 - 0x00007ffee1472000 	C:\WINDOWS\SYSTEM32\DNSAPI.dll
0x00007ffee39c0000 - 0x00007ffee39c9000 	C:\WINDOWS\System32\NSI.dll
0x00007ffedd870000 - 0x00007ffedd87a000 	C:\Windows\System32\rasadhlp.dll
0x00007ffeddc10000 - 0x00007ffeddc93000 	C:\WINDOWS\System32\fwpuclnt.dll
0x00007ffe9c6d0000 - 0x00007ffe9c6e9000 	C:\Program Files\Eclipse Adoptium\jdk-17.0.13.11-hotspot\bin\net.dll
0x00007ffedf120000 - 0x00007ffedf24c000 	C:\WINDOWS\SYSTEM32\WINHTTP.dll
0x00007ffe9c6b0000 - 0x00007ffe9c6c6000 	C:\Program Files\Eclipse Adoptium\jdk-17.0.13.11-hotspot\bin\nio.dll
0x00007ffe9c6f0000 - 0x00007ffe9c708000 	C:\Program Files\Eclipse Adoptium\jdk-17.0.13.11-hotspot\bin\zip.dll
0x00007ffe9ed20000 - 0x00007ffe9ed9b000 	C:\Users\gunav\AppData\Local\Temp\lwjgl_gunav\3.3.4+7\x64\lwjgl.dll
0x00007ffe9ec90000 - 0x00007ffe9ed15000 	C:\Users\gunav\AppData\Local\Temp\lwjgl_gunav\3.3.4+7\x64\glfw.dll
0x00007ffe9ec40000 - 0x00007ffe9ec86000 	C:\WINDOWS\SYSTEM32\dinput8.dll
0x00007ffeddd90000 - 0x00007ffeddda1000 	C:\WINDOWS\SYSTEM32\xinput1_4.dll
0x00007ffee24e0000 - 0x00007ffee252e000 	C:\WINDOWS\SYSTEM32\cfgmgr32.dll
0x00007ffee24b0000 - 0x00007ffee24dc000 	C:\WINDOWS\SYSTEM32\DEVOBJ.dll
0x00007ffedf860000 - 0x00007ffedf88b000 	C:\WINDOWS\SYSTEM32\dwmapi.dll
0x00007ffec1e20000 - 0x00007ffec2034000 	C:\WINDOWS\SYSTEM32\inputhost.dll
0x00007ffedd4f0000 - 0x00007ffedd625000 	C:\WINDOWS\SYSTEM32\CoreMessaging.dll
0x00007ffedf5d0000 - 0x00007ffedf683000 	C:\WINDOWS\system32\uxtheme.dll
0x0000000180000000 - 0x00000001834b4000 	C:\Program Files (x86)\RivaTuner Statistics Server\RTSSHooks64.dll
0x00007ffee4750000 - 0x00007ffee4bc4000 	C:\WINDOWS\System32\SETUPAPI.dll
0x00007ffee2010000 - 0x00007ffee201c000 	C:\WINDOWS\SYSTEM32\CRYPTBASE.DLL
0x00007ffee3860000 - 0x00007ffee39bd000 	C:\WINDOWS\System32\MSCTF.dll
0x00007ffe97fa0000 - 0x00007ffe980a0000 	C:\WINDOWS\SYSTEM32\opengl32.dll
0x00007ffe9eb10000 - 0x00007ffe9eb3d000 	C:\WINDOWS\SYSTEM32\GLU32.dll
0x00007ffedfbe0000 - 0x00007ffedfc17000 	C:\WINDOWS\SYSTEM32\dxcore.dll
0x00007ffedb2e0000 - 0x00007ffedb329000 	C:\WINDOWS\SYSTEM32\directxdatabasehelper.dll
0x00007ffee4680000 - 0x00007ffee4730000 	C:\WINDOWS\System32\clbcatq.dll
0x00007ffed9e60000 - 0x00007ffed9fa4000 	C:\Windows\System32\AppXDeploymentClient.dll
0x00007ffebd2b0000 - 0x00007ffebd3ac000 	C:\Windows\System32\Windows.ApplicationModel.dll
0x00007ffee5400000 - 0x00007ffee55a1000 	C:\WINDOWS\System32\ole32.dll
0x00007ffedec00000 - 0x00007ffeded06000 	C:\WINDOWS\system32\propsys.dll
0x00007ffedbaa0000 - 0x00007ffedbac6000 	C:\WINDOWS\system32\mssprxy.dll
0x00007ffe56450000 - 0x00007ffe5757b000 	C:\WINDOWS\System32\DriverStore\FileRepository\iigd_dch.inf_amd64_ffe7d9986336312b\igxelpicd64.dll
0x00007ffedf750000 - 0x00007ffedf847000 	C:\WINDOWS\system32\dxgi.dll
0x00007ffe97e40000 - 0x00007ffe97f95000 	C:\WINDOWS\System32\DriverStore\FileRepository\iigd_dch.inf_amd64_ffe7d9986336312b\igdml64.dll
0x00007ffed67d0000 - 0x00007ffed6c08000 	C:\WINDOWS\System32\DriverStore\FileRepository\iigd_dch.inf_amd64_ffe7d9986336312b\igdgmm64.dll
0x00007ffee2bf0000 - 0x00007ffee2c62000 	C:\WINDOWS\System32\WINTRUST.dll
0x00007ffee3210000 - 0x00007ffee3376000 	C:\WINDOWS\System32\CRYPT32.dll
0x00007ffee2050000 - 0x00007ffee2062000 	C:\WINDOWS\SYSTEM32\MSASN1.dll
0x00007ffed26a0000 - 0x00007ffed654d000 	C:\WINDOWS\System32\DriverStore\FileRepository\iigd_dch.inf_amd64_ffe7d9986336312b\igc64.dll
0x00007ffec78a0000 - 0x00007ffec79e3000 	C:\WINDOWS\SYSTEM32\textinputframework.dll
0x00007ffedaa70000 - 0x00007ffedaddc000 	C:\WINDOWS\SYSTEM32\CoreUIComponents.dll
0x00007ffe97dd0000 - 0x00007ffe97e31000 	C:\Users\gunav\AppData\Local\Temp\lwjgl_gunav\3.3.4+7\x64\lwjgl_opengl.dll
0x00007ffe45b70000 - 0x00007ffe46364000 	C:\Users\gunav\AppData\Local\Temp\imgui-java-natives\1.89.0\imgui-java64.dll

dbghelp: loaded successfully - version: 4.0.5 - missing functions: none
symbol engine: initialized successfully - sym options: 0x614 - pdb path: .;C:\Program Files\Eclipse Adoptium\jdk-17.0.13.11-hotspot\bin;C:\WINDOWS\SYSTEM32;C:\WINDOWS\WinSxS\amd64_microsoft.windows.common-controls_6595b64144ccf1df_6.0.22621.4830_none_270fe7d773858e80;C:\Program Files\Eclipse Adoptium\jdk-17.0.13.11-hotspot\bin\server;C:\Users\gunav\AppData\Local\Temp\lwjgl_gunav\3.3.4+7\x64;C:\Program Files (x86)\RivaTuner Statistics Server;C:\WINDOWS\System32\DriverStore\FileRepository\iigd_dch.inf_amd64_ffe7d9986336312b;C:\Users\gunav\AppData\Local\Temp\imgui-java-natives\1.89.0

VM Arguments:
jvm_args: -agentlib:jdwp=transport=dt_socket,server=n,suspend=y,address=localhost:51992 -XX:+ShowCodeDetailsInExceptionMessages 
java_command: org.PiEngine.Main
java_class_path (initial): \Pi-Engine\build\resources\main;C:\Users\gunav\Documents\GitHub\Pi-Engine\build\classes\java\main;C:\Users\gunav\.gradle\caches\modules-2\files-2.1\org.lwjgl\lwjgl-opengl\3.3.4\2852ac7d9f6fc71349f1ce28e2708ff1977f18af\lwjgl-opengl-3.3.4.jar;C:\Users\gunav\.gradle\caches\modules-2\files-2.1\org.lwjgl\lwjgl\3.3.4\dd0927c1348cdcd9573fa24b7278ec1ac2bb0a76\lwjgl-3.3.4-natives-windows.jar;C:\Users\gunav\.gradle\caches\modules-2\files-2.1\org.lwjgl\lwjgl-opengl\3.3.4\f7ca4e75573a9ce83075bd86bc8a3e49ff106696\lwjgl-opengl-3.3.4-natives-windows.jar;C:\Users\gunav\.gradle\caches\modules-2\files-2.1\io.github.spair\imgui-java-app\1.89.0\b489c73b9762cd339860450dba936a0db5052d86\imgui-java-app-1.89.0.jar;C:\Users\gunav\.gradle\caches\modules-2\files-2.1\org.lwjgl\lwjgl\3.3.4\f952bb0894c946445942431de2e311feee635c00\lwjgl-3.3.4-natives-macos.jar;C:\Users\gunav\.gradle\caches\modules-2\files-2.1\org.lwjgl\lwjgl-glfw\3.3.4\753fa860987242ceefa990a6062a18dff4908a33\lwjgl-glfw-3.3.4-natives-macos.jar;C:\Users\gunav\.gradle\caches\modules-2\files-2.1\org.lwjgl\lwjgl\3.3.4\a7ccba1d3f2fef214943e74335a80cc65d04e49\lwjgl-3.3.4-natives-linux.jar;C:\Users\gunav\.gradle\caches\modules-2\files-2.1\org.lwjgl\lwjgl-glfw\3.3.4\91e3d4b56d6d1369ef107b9d7801c9f38125c590\lwjgl-glfw-3.3.4-natives-linux.jar;C:\Users\gunav\.gradle\caches\modules-2\files-2.1\org.lwjgl\lwjgl\3.3.4\d12785da7cdca4921603b5dd83f712f5cdba3fc4\lwjgl-3.3.4-natives-macos-arm64.jar;C:\Users\gunav\.gradle\caches\modules-2\files-2.1\org.lwjgl\lwjgl-opengl\3.3.4\832e7deef981577ee7aeb3b9e1c74bc0e5d26cce\lwjgl-opengl-3.3.4-natives-macos-arm64.jar;C:\Users\gunav\.gradle\caches\modules-2\files-2.1\io.github.spair\imgui-java-lwjgl3\1.89.0\ecaa154c833084700e8acb1c3a10c68761095516\imgui-java-lwjgl3-1.89.0.jar;C:\Users\gunav\.gradle\caches\modules-2\files-2.1\org.lwjgl\lwjgl-opengles\3.3.4\cf0a8dd7e132996648089fd3b018c26dfc687712\lwjgl-opengles-3.3.4.jar;C:\Users\gunav\.gradle\caches\modules-2\files-2.1\org.lwjgl\
Launcher Type: SUN_STANDARD

[Global flags]
     intx CICompilerCount                          = 12                                        {product} {ergonomic}
     uint ConcGCThreads                            = 3                                         {product} {ergonomic}
     uint G1ConcRefinementThreads                  = 13                                        {product} {ergonomic}
   size_t G1HeapRegionSize                         = 2097152                                   {product} {ergonomic}
    uintx GCDrainStackTargetSize                   = 64                                        {product} {ergonomic}
   size_t InitialHeapSize                          = 264241152                                 {product} {ergonomic}
   size_t MarkStackSize                            = 4194304                                   {product} {ergonomic}
   size_t MaxHeapSize                              = 4196401152                                {product} {ergonomic}
   size_t MaxNewSize                               = 2516582400                                {product} {ergonomic}
   size_t MinHeapDeltaBytes                        = 2097152                                   {product} {ergonomic}
   size_t MinHeapSize                              = 8388608                                   {product} {ergonomic}
    uintx NonNMethodCodeHeapSize                   = 7602480                                {pd product} {ergonomic}
    uintx NonProfiledCodeHeapSize                  = 122027880                              {pd product} {ergonomic}
    uintx ProfiledCodeHeapSize                     = 122027880                              {pd product} {ergonomic}
    uintx ReservedCodeCacheSize                    = 251658240                              {pd product} {ergonomic}
     bool SegmentedCodeCache                       = true                                      {product} {ergonomic}
     bool ShowCodeDetailsInExceptionMessages       = true                                   {manageable} {command line}
   size_t SoftMaxHeapSize                          = 4196401152                             {manageable} {ergonomic}
     bool UseCompressedClassPointers               = true                           {product lp64_product} {ergonomic}
     bool UseCompressedOops                        = true                           {product lp64_product} {ergonomic}
     bool UseG1GC                                  = true                                      {product} {ergonomic}
     bool UseLargePagesIndividualAllocation        = false                                  {pd product} {ergonomic}

Logging:
Log output configuration:
 #0: stdout all=warning uptime,level,tags
 #1: stderr all=off uptime,level,tags

Environment Variables:
JAVA_HOME=C:\Program Files\Eclipse Adoptium\jdk-8.0.432.6-hotspot\
PATH=C:\Python312\Scripts\;C:\Python312\;C:\Program Files\Python313\Scripts\;C:\Program Files\Python313\;C:\Program Files\Eclipse Adoptium\jdk-17.0.13.11-hotspot\bin;C:\Program Files\Eclipse Adoptium\jdk-8.0.432.6-hotspot\bin;C:\Program Files\Eclipse Adoptium\jre-8.0.432.6-hotspot\bin;C:\Windows\system32;C:\Windows;C:\Windows\System32\Wbem;C:\Windows\System32\WindowsPowerShell\v1.0\;C:\Windows\System32\OpenSSH\;C:\Program Files (x86)\NVIDIA Corporation\PhysX\Common;C:\Program Files\NVIDIA Corporation\NVIDIA NvDLISR;C:\WINDOWS\system32;C:\WINDOWS;C:\WINDOWS\System32\Wbem;C:\WINDOWS\System32\WindowsPowerShell\v1.0\;C:\WINDOWS\System32\OpenSSH\;C:\Program Files\Microsoft VS Code\bin;C:\Program Files\dotnet\;C:\ProgramData\chocolatey\bin;C:\Program Files\nodejs\;C:\Program Files\MongoDB\Server\8.0\bin;C:\Program Files\Git\cmd;C:\Users\gunav\.cargo\bin;C:\Users\gunav\AppData\Local\Microsoft\WindowsApps;C:\Users\gunav\AppData\Local\GitHubDesktop\bin;C:\Users\gunav\AppData\Roaming\npm;C:\Users\gunav\AppData\Local\Programs\mongosh\
USERNAME=gunav
OS=Windows_NT
PROCESSOR_IDENTIFIER=Intel64 Family 6 Model 154 Stepping 3, GenuineIntel
TMP=C:\Users\gunav\AppData\Local\Temp
TEMP=C:\Users\gunav\AppData\Local\Temp



Periodic native trim disabled


---------------  S Y S T E M  ---------------

OS:
 Windows 11 , 64 bit Build 22621 (10.0.22621.4974)
OS uptime: 0 days 0:43 hours

CPU: total 16 (initial active 16) (8 cores per cpu, 2 threads per core) family 6 model 154 stepping 3 microcode 0x423, cx8, cmov, fxsr, ht, mmx, 3dnowpref, sse, sse2, sse3, ssse3, sse4.1, sse4.2, popcnt, lzcnt, tsc, tscinvbit, avx, avx2, aes, erms, clmul, bmi1, bmi2, adx, sha, fma, vzeroupper, clflush, clflushopt, clwb
Processor Information for processor 0
  Max Mhz: 2500, Current Mhz: 2500, Mhz Limit: 2500
Processor Information for processor 1
  Max Mhz: 2500, Current Mhz: 1532, Mhz Limit: 2500
Processor Information for processor 2
  Max Mhz: 2500, Current Mhz: 2500, Mhz Limit: 2500
Processor Information for processor 3
  Max Mhz: 2500, Current Mhz: 1532, Mhz Limit: 2500
Processor Information for processor 4
  Max Mhz: 2500, Current Mhz: 2500, Mhz Limit: 2500
Processor Information for processor 5
  Max Mhz: 2500, Current Mhz: 1532, Mhz Limit: 2500
Processor Information for processor 6
  Max Mhz: 2500, Current Mhz: 2500, Mhz Limit: 2500
Processor Information for processor 7
  Max Mhz: 2500, Current Mhz: 1532, Mhz Limit: 2500
Processor Information for processor 8
  Max Mhz: 2500, Current Mhz: 2500, Mhz Limit: 2500
Processor Information for processor 9
  Max Mhz: 2500, Current Mhz: 2500, Mhz Limit: 2500
Processor Information for processor 10
  Max Mhz: 2500, Current Mhz: 2500, Mhz Limit: 2500
Processor Information for processor 11
  Max Mhz: 2500, Current Mhz: 2500, Mhz Limit: 2500
Processor Information for processor 12
  Max Mhz: 2500, Current Mhz: 2500, Mhz Limit: 2500
Processor Information for processor 13
  Max Mhz: 2500, Current Mhz: 1527, Mhz Limit: 2500
Processor Information for processor 14
  Max Mhz: 2500, Current Mhz: 2500, Mhz Limit: 2500
Processor Information for processor 15
  Max Mhz: 2500, Current Mhz: 2500, Mhz Limit: 2500

Memory: 4k page, system-wide physical 16004M (5921M free)
TotalPageFile size 30852M (AvailPageFile size 13455M)
current process WorkingSet (physical memory assigned to process): 159M, peak: 159M
current process commit charge ("private bytes"): 474M, peak: 474M

vm_info: OpenJDK 64-Bit Server VM (17.0.13+11) for windows-amd64 JRE (17.0.13+11), built on Oct 16 2024 00:10:08 by "admin" with MS VC++ 17.7 (VS2022)

END.
