#
# A fatal error has been detected by the Java Runtime Environment:
#
#  EXCEPTION_ACCESS_VIOLATION (0xc0000005) at pc=0x00007ffe59e0ba87, pid=11804, tid=5316
#
# JRE version: OpenJDK Runtime Environment Temurin-17.0.13+11 (17.0.13+11) (build 17.0.13+11)
# Java VM: OpenJDK 64-Bit Server VM Temurin-17.0.13+11 (17.0.13+11, mixed mode, sharing, tiered, compressed oops, compressed class ptrs, g1 gc, windows-amd64)
# Problematic frame:
# C  [imgui-java64.dll+0x5ba87]
#
# No core dump will be written. Minidumps are not enabled by default on client versions of Windows
#
# If you would like to submit a bug report, please visit:
#   https://github.com/adoptium/adoptium-support/issues
# The crash happened outside the Java Virtual Machine in native code.
# See problematic frame for where to report the bug.
#

---------------  S U M M A R Y ------------

Command Line: -agentlib:jdwp=transport=dt_socket,server=n,suspend=y,address=localhost:58379 -XX:+ShowCodeDetailsInExceptionMessages org.PiEngine.Main

Host: 12th Gen Intel(R) Core(TM) i5-12500H, 16 cores, 15G,  Windows 11 , 64 bit Build 22621 (10.0.22621.4974)
Time: Tue Apr  8 12:50:35 2025 India Standard Time elapsed time: 3.217186 seconds (0d 0h 0m 3s)

---------------  T H R E A D  ---------------

Current thread (0x000001f17099d270):  JavaThread "main" [_thread_in_native, id=5316, stack(0x000000e014000000,0x000000e014100000)]

Stack: [0x000000e014000000,0x000000e014100000],  sp=0x000000e0140ff570,  free space=1021k
Native frames: (J=compiled Java code, j=interpreted, Vv=VM code, C=native code)
C  [imgui-java64.dll+0x5ba87]

Java frames: (J=compiled Java code, j=interpreted, Vv=VM code)
J 1099  imgui.ImGui.nRender()V (0 bytes) @ 0x000001f107bfb566 [0x000001f107bfb520+0x0000000000000046]
j  imgui.ImGui.render()V+0
j  org.PiEngine.Main.main([Ljava/lang/String;)V+684
v  ~StubRoutines::call_stub

siginfo: EXCEPTION_ACCESS_VIOLATION (0xc0000005), reading address 0x0000000000000000


Registers:
RAX=0x000001f1575a52a8, RBX=0x000001f1575a52a8, RCX=0x000001f17099d528, RDX=0x000000e0140ff680
RSP=0x000000e0140ff570, RBP=0x000000e0140ff690, RSI=0x0000000000000000, RDI=0x000001f107459f1c
R8 =0x0000000000000002, R9 =0x0000000000000002, R10=0x00007ffe59e28200, R11=0x000001f107bfb540
R12=0x0000000000000000, R13=0x000000e0140ff6a8, R14=0x000000e0140ff680, R15=0x000001f17099d270
RIP=0x00007ffe59e0ba87, EFLAGS=0x0000000000010202


Register to memory mapping:

RIP=0x00007ffe59e0ba87 imgui-java64.dll
RAX={method} {0x000001f1575a52b0} 'nRender' '()V' in 'imgui/ImGui'
RBX={method} {0x000001f1575a52b0} 'nRender' '()V' in 'imgui/ImGui'
RCX=0x000001f17099d528 points into unknown readable memory: 0x000001f156973ee0 | e0 3e 97 56 f1 01 00 00
RDX=0x000000e0140ff680 is pointing into the stack for thread: 0x000001f17099d270
RSP=0x000000e0140ff570 is pointing into the stack for thread: 0x000001f17099d270
RBP=0x000000e0140ff690 is pointing into the stack for thread: 0x000001f17099d270
RSI=0x0 is NULL
RDI=0x000001f107459f1c is at code_begin+3516 in an Interpreter codelet
return entry points  [0x000001f107459160, 0x000001f10745b3c0]  8800 bytes
R8 =0x0000000000000002 is an unknown value
R9 =0x0000000000000002 is an unknown value
R10=0x00007ffe59e28200 imgui-java64.dll
R11=0x000001f107bfb540 is at entry_point+32 in (nmethod*)0x000001f107bfb390
Compiled method (n/a)    3240 1099     n 0       imgui.ImGui::nRender (native)
 total in heap  [0x000001f107bfb390,0x000001f107bfb740] = 944
 relocation     [0x000001f107bfb4e8,0x000001f107bfb518] = 48
 main code      [0x000001f107bfb520,0x000001f107bfb738] = 536
 oops           [0x000001f107bfb738,0x000001f107bfb740] = 8
R12=0x0 is NULL
R13=0x000000e0140ff6a8 is pointing into the stack for thread: 0x000001f17099d270
R14=0x000000e0140ff680 is pointing into the stack for thread: 0x000001f17099d270
R15=0x000001f17099d270 is a thread


Top of Stack: (sp=0x000000e0140ff570)
0x000000e0140ff570:   00007ffe96c159f0 0000000000000000
0x000000e0140ff580:   000000003f800000 000001f107461bc8
0x000000e0140ff590:   000000e0140ff600 000001f107459f1c
0x000000e0140ff5a0:   000000e0140ff628 000001f10745a23a
0x000000e0140ff5b0:   000000e0140ff628 000001f10745a23a
0x000000e0140ff5c0:   000001f1627a5260 000000e0140ff5c8
0x000000e0140ff5d0:   0000000000000000 000000e0140ff638
0x000000e0140ff5e0:   000001f157580000 000001f1575a52a8
0x000000e0140ff5f0:   000001f1627a5260 000001f107459f1c
0x000000e0140ff600:   000000e0140ff690 0000000000000000
0x000000e0140ff610:   000000e0140ff6a8 000000e0140ff680
0x000000e0140ff620:   000001f17099d270 000001f107bfb5fe
0x000000e0140ff630:   000001f1627a5260 0000000000000000
0x000000e0140ff640:   000000e0140ff640 000001f1575621c8
0x000000e0140ff650:   000000e0140ff698 000001f157580000
0x000000e0140ff660:   0000000000000000 00000007150b2fd0
0x000000e0140ff670:   000001f1575621f0 0000000000000000
0x000000e0140ff680:   0000000715144098 000000e0140ff6e8
0x000000e0140ff690:   000000e0140ff6f0 000001f107459f1c
0x000000e0140ff6a0:   000001f107459f1c 000000e0140ff6a8
0x000000e0140ff6b0:   000001f1575a5210 000000e0140ff6f8
0x000000e0140ff6c0:   000001f157600000 0000000000000000
0x000000e0140ff6d0:   0000000715144098 000001f1575a5220
0x000000e0140ff6e0:   000000e0140ff6a8 000000e0140ff700
0x000000e0140ff6f0:   000000e0140ff748 000001f107459f1c
0x000000e0140ff700:   000000e0140ff700 000001f157400e6c
0x000000e0140ff710:   000000e0140ff7d0 000001f157401048
0x000000e0140ff720:   0000000000000000 0000000715917300
0x000000e0140ff730:   000001f157400f98 000000e0140ff700
0x000000e0140ff740:   000000e0140ff7d0 000000e0140ff9b0
0x000000e0140ff750:   000001f107451010 0000000714ce16e8
0x000000e0140ff760:   0000000714c423e0 0000000714c42260 

Instructions: (pc=0x00007ffe59e0ba87)
0x00007ffe59e0b987:   0f 84 98 fb ff ff 0f 10 e2 31 f6 f3 0f 5c e0 f3
0x00007ffe59e0b997:   0f 5c c4 f3 0f 5c d4 e9 82 fb ff ff 45 85 c0 0f
0x00007ffe59e0b9a7:   84 96 fe ff ff 31 db e9 51 fe ff ff 41 b8 7c 07
0x00007ffe59e0b9b7:   00 00 48 8d 15 18 c8 4b 00 48 8d 0d c7 c8 4b 00
0x00007ffe59e0b9c7:   ff 15 b3 1c 79 00 83 fe 03 0f 85 49 f5 ff ff 40
0x00007ffe59e0b9d7:   f6 c7 0a 0f 84 3f f5 ff ff f3 0f 10 89 84 00 00
0x00007ffe59e0b9e7:   00 0f 57 0d d1 6d 4c 00 0f 10 d9 40 f6 c7 08 0f
0x00007ffe59e0b9f7:   84 29 fb ff ff 0f 10 e2 be 01 00 00 00 f3 0f 5c
0x00007ffe59e0ba07:   e0 f3 0f 58 c4 f3 0f 58 d4 e9 10 fb ff ff 41 b8
0x00007ffe59e0ba17:   ac 32 00 00 48 8d 15 5e c4 4b 00 48 8d 0d a8 28
0x00007ffe59e0ba27:   4c 00 ff 15 51 1c 79 00 41 b8 a8 26 00 00 48 8d
0x00007ffe59e0ba37:   15 44 c4 4b 00 48 8d 0d 25 36 4c 00 ff 15 37 1c
0x00007ffe59e0ba47:   79 00 41 b8 c1 14 00 00 48 8d 15 2a c4 4b 00 48
0x00007ffe59e0ba57:   8d 0d f3 37 4c 00 ff 15 1d 1c 79 00 90 66 66 2e
0x00007ffe59e0ba67:   0f 1f 84 00 00 00 00 00 90 41 57 41 56 41 55 41
0x00007ffe59e0ba77:   54 55 57 56 53 48 83 ec 78 48 8b 35 e1 dc 57 00
0x00007ffe59e0ba87:   80 3e 00 0f 84 14 08 00 00 8b 86 70 3f 00 00 39
0x00007ffe59e0ba97:   86 74 3f 00 00 74 0b e8 5d ef ff ff 8b 86 70 3f
0x00007ffe59e0baa7:   00 00 39 86 7c 3f 00 00 0f 84 8b 07 00 00 48 63
0x00007ffe59e0bab7:   be 60 5e 00 00 89 86 7c 3f 00 00 48 8b 9e 68 5e
0x00007ffe59e0bac7:   00 00 c7 86 f0 00 00 00 00 00 00 00 48 c1 e7 05
0x00007ffe59e0bad7:   48 01 df 48 39 fb 74 19 90 83 7b 04 04 75 09 48
0x00007ffe59e0bae7:   89 da 48 89 f1 ff 53 10 48 83 c3 20 48 39 df 75
0x00007ffe59e0baf7:   e8 48 8b ae 28 4a 00 00 48 63 86 20 4a 00 00 4c
0x00007ffe59e0bb07:   8d 3d a8 e8 4b 00 4c 8d 74 c5 00 49 39 ee 0f 84
0x00007ffe59e0bb17:   e8 01 00 00 0f 1f 44 00 00 48 8b 5d 00 e8 17 f2
0x00007ffe59e0bb27:   fc ff 44 8b 83 bc 00 00 00 49 89 c4 4c 8d ab a8
0x00007ffe59e0bb37:   00 00 00 48 8d 83 b8 00 00 00 48 8d bb f8 00 00
0x00007ffe59e0bb47:   00 4c 89 6b 30 48 89 83 e8 00 00 00 48 89 bb f0
0x00007ffe59e0bb57:   00 00 00 45 85 c0 0f 89 88 00 00 00 48 8b 05 fe
0x00007ffe59e0bb67:   db 57 00 48 85 c0 74 07 83 80 f8 00 00 00 01 48
0x00007ffe59e0bb77:   8b 15 8b dc 57 00 31 c9 ff 15 73 16 4b 00 48 8b 


Stack slot to memory mapping:
stack at sp + 0 slots: 0x00007ffe96c159f0 opengl32.dll
stack at sp + 1 slots: 0x0 is NULL
stack at sp + 2 slots: 0x000000003f800000 is an unknown value
stack at sp + 3 slots: 0x000001f107461bc8 is at code_begin+3976 in an Interpreter codelet
method entry point (kind = native)  [0x000001f107460c40, 0x000001f107461d60]  4384 bytes
stack at sp + 4 slots: 0x000000e0140ff600 is pointing into the stack for thread: 0x000001f17099d270
stack at sp + 5 slots: 0x000001f107459f1c is at code_begin+3516 in an Interpreter codelet
return entry points  [0x000001f107459160, 0x000001f10745b3c0]  8800 bytes
stack at sp + 6 slots: 0x000000e0140ff628 is pointing into the stack for thread: 0x000001f17099d270
stack at sp + 7 slots: 0x000001f10745a23a is at code_begin+4314 in an Interpreter codelet
return entry points  [0x000001f107459160, 0x000001f10745b3c0]  8800 bytes


Compiled method (n/a)    3251 1099     n 0       imgui.ImGui::nRender (native)
 total in heap  [0x000001f107bfb390,0x000001f107bfb740] = 944
 relocation     [0x000001f107bfb4e8,0x000001f107bfb518] = 48
 main code      [0x000001f107bfb520,0x000001f107bfb738] = 536
 oops           [0x000001f107bfb738,0x000001f107bfb740] = 8

[Constant Pool (empty)]

[MachCode]
[Entry Point]
  # {method} {0x000001f1575a52b0} 'nRender' '()V' in 'imgui/ImGui'
  #           [sp+0x70]  (sp of caller)
  0x000001f107bfb520: 448b 5208 | 49bb 0000 | 0015 f101 | 0000 4d03 | d349 3bc2 | 0f84 0600 

  0x000001f107bfb538: ;   {runtime_call ic_miss_stub}
  0x000001f107bfb538: 0000 e941 | 5b8a ff90 
[Verified Entry Point]
  0x000001f107bfb540: 8984 2400 | 90ff ff55 | 488b ec48 

  0x000001f107bfb54c: ;   {oop(a 'java/lang/Class'{0x0000000715144098} = 'imgui/ImGui')}
  0x000001f107bfb54c: 83ec 6049 | be98 4014 | 1507 0000 | 004c 8974 | 2450 4c8d | 7424 5049 | 8bd6 c5f8 

  0x000001f107bfb568: ;   {internal_word}
  0x000001f107bfb568: 7749 ba66 | b5bf 07f1 | 0100 004d | 8997 a002 | 0000 4989 | a798 0200 

  0x000001f107bfb580: ;   {external_word}
  0x000001f107bfb580: 0049 ba7e | c698 8afe | 7f00 0041 | 803a 000f | 844a 0000 

  0x000001f107bfb594: ;   {metadata({method} {0x000001f1575a52b0} 'nRender' '()V' in 'imgui/ImGui')}
  0x000001f107bfb594: 0052 48ba | a852 5a57 | f101 0000 | 498b cf48 | 83ec 20f7 | c40f 0000 | 000f 841a | 0000 0048 
  0x000001f107bfb5b4: ;   {runtime_call}
  0x000001f107bfb5b4: 83ec 0849 | ba60 864e | 8afe 7f00 | 0041 ffd2 | 4883 c408 | e90d 0000 

  0x000001f107bfb5cc: ;   {runtime_call}
  0x000001f107bfb5cc: 0049 ba60 | 864e 8afe | 7f00 0041 | ffd2 4883 | c420 5a49 | 8d8f b802 | 0000 41c7 | 8748 0300 
  0x000001f107bfb5ec: 0004 0000 

  0x000001f107bfb5f0: ;   {runtime_call}
  0x000001f107bfb5f0: 0049 ba00 | 82e2 59fe | 7f00 0041 | ffd2 c5f8 | 7741 c787 | 4803 0000 | 0500 0000 | f083 4424 
  0x000001f107bfb610: c000 493b | af50 0300 | 000f 8711 | 0000 0041 | 81bf 3803 | 0000 0000 | 0000 0f84 | 2400 0000 
  0x000001f107bfb630: c5f8 7749 | 8bcf 4c8b | e448 83ec | 2048 83e4 

  0x000001f107bfb640: ;   {runtime_call}
  0x000001f107bfb640: f049 bab0 | 945e 8afe | 7f00 0041 | ffd2 498b | e44d 33e4 | 41c7 8748 | 0300 0008 | 0000 0041 
  0x000001f107bfb660: 81bf b803 | 0000 0200 | 0000 0f84 | 9b00 0000 

  0x000001f107bfb670: ;   {external_word}
  0x000001f107bfb670: 49ba 7ec6 | 988a fe7f | 0000 4180 | 3a00 0f84 | 4800 0000 

  0x000001f107bfb684: ;   {metadata({method} {0x000001f1575a52b0} 'nRender' '()V' in 'imgui/ImGui')}
  0x000001f107bfb684: 48ba a852 | 5a57 f101 | 0000 498b | cf48 83ec | 20f7 c40f | 0000 000f | 841a 0000 | 0048 83ec 
  0x000001f107bfb6a4: ;   {runtime_call}
  0x000001f107bfb6a4: 0849 ba60 | 864e 8afe | 7f00 0041 | ffd2 4883 | c408 e90d 

  0x000001f107bfb6b8: ;   {runtime_call}
  0x000001f107bfb6b8: 0000 0049 | ba60 864e | 8afe 7f00 | 0041 ffd2 | 4883 c420 | 49c7 8798 | 0200 0000 | 0000 0049 
  0x000001f107bfb6d8: c787 a002 | 0000 0000 | 0000 c5f8 | 7749 8b8f | d800 0000 | c781 0001 | 0000 0000 | 0000 c949 
  0x000001f107bfb6f8: 817f 0800 | 0000 000f | 8501 0000 

  0x000001f107bfb704: ;   {runtime_call StubRoutines (1)}
  0x000001f107bfb704: 00c3 e9f5 | 5785 ffc5 | f877 4c8b | e448 83ec | 2048 83e4 

  0x000001f107bfb718: ;   {runtime_call}
  0x000001f107bfb718: f049 ba80 | b74e 8afe | 7f00 0041 | ffd2 498b | e44d 33e4 | e93f ffff | fff4 f4f4 | f4f4 f4f4 
[/MachCode]


---------------  P R O C E S S  ---------------

Threads class SMR info:
_java_thread_list=0x000001f1627c4f00, length=17, elements={
0x000001f17099d270, 0x000001f1560103f0, 0x000001f156010f80, 0x000001f156028190,
0x000001f156029a70, 0x000001f15602a340, 0x000001f15602cc20, 0x000001f15602dce0,
0x000001f1560366b0, 0x000001f156044aa0, 0x000001f1560e5b70, 0x000001f1561fedb0,
0x000001f156202e70, 0x000001f156203780, 0x000001f15620ee10, 0x000001f156212f70,
0x000001f1626d8270
}

Java Threads: ( => current thread )
=>0x000001f17099d270 JavaThread "main" [_thread_in_native, id=5316, stack(0x000000e014000000,0x000000e014100000)]
  0x000001f1560103f0 JavaThread "Reference Handler" daemon [_thread_blocked, id=13772, stack(0x000000e014700000,0x000000e014800000)]
  0x000001f156010f80 JavaThread "Finalizer" daemon [_thread_blocked, id=5008, stack(0x000000e014800000,0x000000e014900000)]
  0x000001f156028190 JavaThread "Signal Dispatcher" daemon [_thread_blocked, id=24496, stack(0x000000e014900000,0x000000e014a00000)]
  0x000001f156029a70 JavaThread "Attach Listener" daemon [_thread_blocked, id=11848, stack(0x000000e014a00000,0x000000e014b00000)]
  0x000001f15602a340 JavaThread "Service Thread" daemon [_thread_blocked, id=22980, stack(0x000000e014b00000,0x000000e014c00000)]
  0x000001f15602cc20 JavaThread "Monitor Deflation Thread" daemon [_thread_blocked, id=16476, stack(0x000000e014c00000,0x000000e014d00000)]
  0x000001f15602dce0 JavaThread "C2 CompilerThread0" daemon [_thread_blocked, id=24232, stack(0x000000e014d00000,0x000000e014e00000)]
  0x000001f1560366b0 JavaThread "C1 CompilerThread0" daemon [_thread_blocked, id=24428, stack(0x000000e014e00000,0x000000e014f00000)]
  0x000001f156044aa0 JavaThread "Sweeper thread" daemon [_thread_blocked, id=24116, stack(0x000000e014f00000,0x000000e015000000)]
  0x000001f1560e5b70 JavaThread "C1 CompilerThread1" daemon [_thread_blocked, id=24688, stack(0x000000e015000000,0x000000e015100000)]
  0x000001f1561fedb0 JavaThread "JDWP Transport Listener: dt_socket" daemon [_thread_blocked, id=24648, stack(0x000000e015100000,0x000000e015200000)]
  0x000001f156202e70 JavaThread "JDWP Event Helper Thread" daemon [_thread_blocked, id=7924, stack(0x000000e015200000,0x000000e015300000)]
  0x000001f156203780 JavaThread "JDWP Command Reader" daemon [_thread_in_native, id=21412, stack(0x000000e015300000,0x000000e015400000)]
  0x000001f15620ee10 JavaThread "Notification Thread" daemon [_thread_blocked, id=17600, stack(0x000000e015400000,0x000000e015500000)]
  0x000001f156212f70 JavaThread "Common-Cleaner" daemon [_thread_blocked, id=12796, stack(0x000000e015600000,0x000000e015700000)]
  0x000001f1626d8270 JavaThread "C1 CompilerThread2" daemon [_thread_blocked, id=6432, stack(0x000000e015700000,0x000000e015800000)]

Other Threads:
  0x000001f156007080 VMThread "VM Thread" [stack: 0x000000e014600000,0x000000e014700000] [id=21952]
  0x000001f1562100b0 WatcherThread [stack: 0x000000e015500000,0x000000e015600000] [id=17608]
  0x000001f170a08140 GCTaskThread "GC Thread#0" [stack: 0x000000e014100000,0x000000e014200000] [id=7508]
  0x000001f170a1a9c0 ConcurrentGCThread "G1 Main Marker" [stack: 0x000000e014200000,0x000000e014300000] [id=24456]
  0x000001f170a1caa0 ConcurrentGCThread "G1 Conc#0" [stack: 0x000000e014300000,0x000000e014400000] [id=24036]
  0x000001f17efbfe00 ConcurrentGCThread "G1 Refine#0" [stack: 0x000000e014400000,0x000000e014500000] [id=14848]
  0x000001f17efc0640 ConcurrentGCThread "G1 Service" [stack: 0x000000e014500000,0x000000e014600000] [id=22668]

Threads with active compile tasks:

VM state: not at safepoint (normal execution)

VM Mutex/Monitor currently owned by a thread: None

Heap address: 0x0000000705e00000, size: 4002 MB, Compressed Oops mode: Zero based, Oop shift amount: 3

CDS archive(s) mapped at: [0x000001f115000000-0x000001f115bb0000-0x000001f115bb0000), size 12255232, SharedBaseAddress: 0x000001f115000000, ArchiveRelocationMode: 1.
Compressed class space mapped at: 0x000001f116000000-0x000001f156000000, reserved size: 1073741824
Narrow klass base: 0x000001f115000000, Narrow klass shift: 0, Narrow klass range: 0x100000000

GC Precious Log:
 CPUs: 16 total, 16 available
 Memory: 16004M
 Large Page Support: Disabled
 NUMA Support: Disabled
 Compressed Oops: Enabled (Zero based)
 Heap Region Size: 2M
 Heap Min Capacity: 8M
 Heap Initial Capacity: 252M
 Heap Max Capacity: 4002M
 Pre-touch: Disabled
 Parallel Workers: 13
 Concurrent Workers: 3
 Concurrent Refinement Workers: 13
 Periodic GC: Disabled

Heap:
 garbage-first heap   total 258048K, used 12288K [0x0000000705e00000, 0x0000000800000000)
  region size 2048K, 7 young (14336K), 0 survivors (0K)
 Metaspace       used 5568K, committed 5760K, reserved 1114112K
  class space    used 301K, committed 384K, reserved 1048576K

Heap Regions: E=young(eden), S=young(survivor), O=old, HS=humongous(starts), HC=humongous(continues), CS=collection set, F=free, OA=open archive, CA=closed archive, TAMS=top-at-mark-start (previous, next)
|   0|0x0000000705e00000, 0x0000000705e00000, 0x0000000706000000|  0%| F|  |TAMS 0x0000000705e00000, 0x0000000705e00000| Untracked 
|   1|0x0000000706000000, 0x0000000706000000, 0x0000000706200000|  0%| F|  |TAMS 0x0000000706000000, 0x0000000706000000| Untracked 
|   2|0x0000000706200000, 0x0000000706200000, 0x0000000706400000|  0%| F|  |TAMS 0x0000000706200000, 0x0000000706200000| Untracked 
|   3|0x0000000706400000, 0x0000000706400000, 0x0000000706600000|  0%| F|  |TAMS 0x0000000706400000, 0x0000000706400000| Untracked 
|   4|0x0000000706600000, 0x0000000706600000, 0x0000000706800000|  0%| F|  |TAMS 0x0000000706600000, 0x0000000706600000| Untracked 
|   5|0x0000000706800000, 0x0000000706800000, 0x0000000706a00000|  0%| F|  |TAMS 0x0000000706800000, 0x0000000706800000| Untracked 
|   6|0x0000000706a00000, 0x0000000706a00000, 0x0000000706c00000|  0%| F|  |TAMS 0x0000000706a00000, 0x0000000706a00000| Untracked 
|   7|0x0000000706c00000, 0x0000000706c00000, 0x0000000706e00000|  0%| F|  |TAMS 0x0000000706c00000, 0x0000000706c00000| Untracked 
|   8|0x0000000706e00000, 0x0000000706e00000, 0x0000000707000000|  0%| F|  |TAMS 0x0000000706e00000, 0x0000000706e00000| Untracked 
|   9|0x0000000707000000, 0x0000000707000000, 0x0000000707200000|  0%| F|  |TAMS 0x0000000707000000, 0x0000000707000000| Untracked 
|  10|0x0000000707200000, 0x0000000707200000, 0x0000000707400000|  0%| F|  |TAMS 0x0000000707200000, 0x0000000707200000| Untracked 
|  11|0x0000000707400000, 0x0000000707400000, 0x0000000707600000|  0%| F|  |TAMS 0x0000000707400000, 0x0000000707400000| Untracked 
|  12|0x0000000707600000, 0x0000000707600000, 0x0000000707800000|  0%| F|  |TAMS 0x0000000707600000, 0x0000000707600000| Untracked 
|  13|0x0000000707800000, 0x0000000707800000, 0x0000000707a00000|  0%| F|  |TAMS 0x0000000707800000, 0x0000000707800000| Untracked 
|  14|0x0000000707a00000, 0x0000000707a00000, 0x0000000707c00000|  0%| F|  |TAMS 0x0000000707a00000, 0x0000000707a00000| Untracked 
|  15|0x0000000707c00000, 0x0000000707c00000, 0x0000000707e00000|  0%| F|  |TAMS 0x0000000707c00000, 0x0000000707c00000| Untracked 
|  16|0x0000000707e00000, 0x0000000707e00000, 0x0000000708000000|  0%| F|  |TAMS 0x0000000707e00000, 0x0000000707e00000| Untracked 
|  17|0x0000000708000000, 0x0000000708000000, 0x0000000708200000|  0%| F|  |TAMS 0x0000000708000000, 0x0000000708000000| Untracked 
|  18|0x0000000708200000, 0x0000000708200000, 0x0000000708400000|  0%| F|  |TAMS 0x0000000708200000, 0x0000000708200000| Untracked 
|  19|0x0000000708400000, 0x0000000708400000, 0x0000000708600000|  0%| F|  |TAMS 0x0000000708400000, 0x0000000708400000| Untracked 
|  20|0x0000000708600000, 0x0000000708600000, 0x0000000708800000|  0%| F|  |TAMS 0x0000000708600000, 0x0000000708600000| Untracked 
|  21|0x0000000708800000, 0x0000000708800000, 0x0000000708a00000|  0%| F|  |TAMS 0x0000000708800000, 0x0000000708800000| Untracked 
|  22|0x0000000708a00000, 0x0000000708a00000, 0x0000000708c00000|  0%| F|  |TAMS 0x0000000708a00000, 0x0000000708a00000| Untracked 
|  23|0x0000000708c00000, 0x0000000708c00000, 0x0000000708e00000|  0%| F|  |TAMS 0x0000000708c00000, 0x0000000708c00000| Untracked 
|  24|0x0000000708e00000, 0x0000000708e00000, 0x0000000709000000|  0%| F|  |TAMS 0x0000000708e00000, 0x0000000708e00000| Untracked 
|  25|0x0000000709000000, 0x0000000709000000, 0x0000000709200000|  0%| F|  |TAMS 0x0000000709000000, 0x0000000709000000| Untracked 
|  26|0x0000000709200000, 0x0000000709200000, 0x0000000709400000|  0%| F|  |TAMS 0x0000000709200000, 0x0000000709200000| Untracked 
|  27|0x0000000709400000, 0x0000000709400000, 0x0000000709600000|  0%| F|  |TAMS 0x0000000709400000, 0x0000000709400000| Untracked 
|  28|0x0000000709600000, 0x0000000709600000, 0x0000000709800000|  0%| F|  |TAMS 0x0000000709600000, 0x0000000709600000| Untracked 
|  29|0x0000000709800000, 0x0000000709800000, 0x0000000709a00000|  0%| F|  |TAMS 0x0000000709800000, 0x0000000709800000| Untracked 
|  30|0x0000000709a00000, 0x0000000709a00000, 0x0000000709c00000|  0%| F|  |TAMS 0x0000000709a00000, 0x0000000709a00000| Untracked 
|  31|0x0000000709c00000, 0x0000000709c00000, 0x0000000709e00000|  0%| F|  |TAMS 0x0000000709c00000, 0x0000000709c00000| Untracked 
|  32|0x0000000709e00000, 0x0000000709e00000, 0x000000070a000000|  0%| F|  |TAMS 0x0000000709e00000, 0x0000000709e00000| Untracked 
|  33|0x000000070a000000, 0x000000070a000000, 0x000000070a200000|  0%| F|  |TAMS 0x000000070a000000, 0x000000070a000000| Untracked 
|  34|0x000000070a200000, 0x000000070a200000, 0x000000070a400000|  0%| F|  |TAMS 0x000000070a200000, 0x000000070a200000| Untracked 
|  35|0x000000070a400000, 0x000000070a400000, 0x000000070a600000|  0%| F|  |TAMS 0x000000070a400000, 0x000000070a400000| Untracked 
|  36|0x000000070a600000, 0x000000070a600000, 0x000000070a800000|  0%| F|  |TAMS 0x000000070a600000, 0x000000070a600000| Untracked 
|  37|0x000000070a800000, 0x000000070a800000, 0x000000070aa00000|  0%| F|  |TAMS 0x000000070a800000, 0x000000070a800000| Untracked 
|  38|0x000000070aa00000, 0x000000070aa00000, 0x000000070ac00000|  0%| F|  |TAMS 0x000000070aa00000, 0x000000070aa00000| Untracked 
|  39|0x000000070ac00000, 0x000000070ac00000, 0x000000070ae00000|  0%| F|  |TAMS 0x000000070ac00000, 0x000000070ac00000| Untracked 
|  40|0x000000070ae00000, 0x000000070ae00000, 0x000000070b000000|  0%| F|  |TAMS 0x000000070ae00000, 0x000000070ae00000| Untracked 
|  41|0x000000070b000000, 0x000000070b000000, 0x000000070b200000|  0%| F|  |TAMS 0x000000070b000000, 0x000000070b000000| Untracked 
|  42|0x000000070b200000, 0x000000070b200000, 0x000000070b400000|  0%| F|  |TAMS 0x000000070b200000, 0x000000070b200000| Untracked 
|  43|0x000000070b400000, 0x000000070b400000, 0x000000070b600000|  0%| F|  |TAMS 0x000000070b400000, 0x000000070b400000| Untracked 
|  44|0x000000070b600000, 0x000000070b600000, 0x000000070b800000|  0%| F|  |TAMS 0x000000070b600000, 0x000000070b600000| Untracked 
|  45|0x000000070b800000, 0x000000070b800000, 0x000000070ba00000|  0%| F|  |TAMS 0x000000070b800000, 0x000000070b800000| Untracked 
|  46|0x000000070ba00000, 0x000000070ba00000, 0x000000070bc00000|  0%| F|  |TAMS 0x000000070ba00000, 0x000000070ba00000| Untracked 
|  47|0x000000070bc00000, 0x000000070bc00000, 0x000000070be00000|  0%| F|  |TAMS 0x000000070bc00000, 0x000000070bc00000| Untracked 
|  48|0x000000070be00000, 0x000000070be00000, 0x000000070c000000|  0%| F|  |TAMS 0x000000070be00000, 0x000000070be00000| Untracked 
|  49|0x000000070c000000, 0x000000070c000000, 0x000000070c200000|  0%| F|  |TAMS 0x000000070c000000, 0x000000070c000000| Untracked 
|  50|0x000000070c200000, 0x000000070c200000, 0x000000070c400000|  0%| F|  |TAMS 0x000000070c200000, 0x000000070c200000| Untracked 
|  51|0x000000070c400000, 0x000000070c400000, 0x000000070c600000|  0%| F|  |TAMS 0x000000070c400000, 0x000000070c400000| Untracked 
|  52|0x000000070c600000, 0x000000070c600000, 0x000000070c800000|  0%| F|  |TAMS 0x000000070c600000, 0x000000070c600000| Untracked 
|  53|0x000000070c800000, 0x000000070c800000, 0x000000070ca00000|  0%| F|  |TAMS 0x000000070c800000, 0x000000070c800000| Untracked 
|  54|0x000000070ca00000, 0x000000070ca00000, 0x000000070cc00000|  0%| F|  |TAMS 0x000000070ca00000, 0x000000070ca00000| Untracked 
|  55|0x000000070cc00000, 0x000000070cc00000, 0x000000070ce00000|  0%| F|  |TAMS 0x000000070cc00000, 0x000000070cc00000| Untracked 
|  56|0x000000070ce00000, 0x000000070ce00000, 0x000000070d000000|  0%| F|  |TAMS 0x000000070ce00000, 0x000000070ce00000| Untracked 
|  57|0x000000070d000000, 0x000000070d000000, 0x000000070d200000|  0%| F|  |TAMS 0x000000070d000000, 0x000000070d000000| Untracked 
|  58|0x000000070d200000, 0x000000070d200000, 0x000000070d400000|  0%| F|  |TAMS 0x000000070d200000, 0x000000070d200000| Untracked 
|  59|0x000000070d400000, 0x000000070d400000, 0x000000070d600000|  0%| F|  |TAMS 0x000000070d400000, 0x000000070d400000| Untracked 
|  60|0x000000070d600000, 0x000000070d600000, 0x000000070d800000|  0%| F|  |TAMS 0x000000070d600000, 0x000000070d600000| Untracked 
|  61|0x000000070d800000, 0x000000070d800000, 0x000000070da00000|  0%| F|  |TAMS 0x000000070d800000, 0x000000070d800000| Untracked 
|  62|0x000000070da00000, 0x000000070da00000, 0x000000070dc00000|  0%| F|  |TAMS 0x000000070da00000, 0x000000070da00000| Untracked 
|  63|0x000000070dc00000, 0x000000070dc00000, 0x000000070de00000|  0%| F|  |TAMS 0x000000070dc00000, 0x000000070dc00000| Untracked 
|  64|0x000000070de00000, 0x000000070de00000, 0x000000070e000000|  0%| F|  |TAMS 0x000000070de00000, 0x000000070de00000| Untracked 
|  65|0x000000070e000000, 0x000000070e000000, 0x000000070e200000|  0%| F|  |TAMS 0x000000070e000000, 0x000000070e000000| Untracked 
|  66|0x000000070e200000, 0x000000070e200000, 0x000000070e400000|  0%| F|  |TAMS 0x000000070e200000, 0x000000070e200000| Untracked 
|  67|0x000000070e400000, 0x000000070e400000, 0x000000070e600000|  0%| F|  |TAMS 0x000000070e400000, 0x000000070e400000| Untracked 
|  68|0x000000070e600000, 0x000000070e600000, 0x000000070e800000|  0%| F|  |TAMS 0x000000070e600000, 0x000000070e600000| Untracked 
|  69|0x000000070e800000, 0x000000070e800000, 0x000000070ea00000|  0%| F|  |TAMS 0x000000070e800000, 0x000000070e800000| Untracked 
|  70|0x000000070ea00000, 0x000000070ea00000, 0x000000070ec00000|  0%| F|  |TAMS 0x000000070ea00000, 0x000000070ea00000| Untracked 
|  71|0x000000070ec00000, 0x000000070ec00000, 0x000000070ee00000|  0%| F|  |TAMS 0x000000070ec00000, 0x000000070ec00000| Untracked 
|  72|0x000000070ee00000, 0x000000070ee00000, 0x000000070f000000|  0%| F|  |TAMS 0x000000070ee00000, 0x000000070ee00000| Untracked 
|  73|0x000000070f000000, 0x000000070f000000, 0x000000070f200000|  0%| F|  |TAMS 0x000000070f000000, 0x000000070f000000| Untracked 
|  74|0x000000070f200000, 0x000000070f200000, 0x000000070f400000|  0%| F|  |TAMS 0x000000070f200000, 0x000000070f200000| Untracked 
|  75|0x000000070f400000, 0x000000070f400000, 0x000000070f600000|  0%| F|  |TAMS 0x000000070f400000, 0x000000070f400000| Untracked 
|  76|0x000000070f600000, 0x000000070f600000, 0x000000070f800000|  0%| F|  |TAMS 0x000000070f600000, 0x000000070f600000| Untracked 
|  77|0x000000070f800000, 0x000000070f800000, 0x000000070fa00000|  0%| F|  |TAMS 0x000000070f800000, 0x000000070f800000| Untracked 
|  78|0x000000070fa00000, 0x000000070fa00000, 0x000000070fc00000|  0%| F|  |TAMS 0x000000070fa00000, 0x000000070fa00000| Untracked 
|  79|0x000000070fc00000, 0x000000070fc00000, 0x000000070fe00000|  0%| F|  |TAMS 0x000000070fc00000, 0x000000070fc00000| Untracked 
|  80|0x000000070fe00000, 0x000000070fe00000, 0x0000000710000000|  0%| F|  |TAMS 0x000000070fe00000, 0x000000070fe00000| Untracked 
|  81|0x0000000710000000, 0x0000000710000000, 0x0000000710200000|  0%| F|  |TAMS 0x0000000710000000, 0x0000000710000000| Untracked 
|  82|0x0000000710200000, 0x0000000710200000, 0x0000000710400000|  0%| F|  |TAMS 0x0000000710200000, 0x0000000710200000| Untracked 
|  83|0x0000000710400000, 0x0000000710400000, 0x0000000710600000|  0%| F|  |TAMS 0x0000000710400000, 0x0000000710400000| Untracked 
|  84|0x0000000710600000, 0x0000000710600000, 0x0000000710800000|  0%| F|  |TAMS 0x0000000710600000, 0x0000000710600000| Untracked 
|  85|0x0000000710800000, 0x0000000710800000, 0x0000000710a00000|  0%| F|  |TAMS 0x0000000710800000, 0x0000000710800000| Untracked 
|  86|0x0000000710a00000, 0x0000000710a00000, 0x0000000710c00000|  0%| F|  |TAMS 0x0000000710a00000, 0x0000000710a00000| Untracked 
|  87|0x0000000710c00000, 0x0000000710c00000, 0x0000000710e00000|  0%| F|  |TAMS 0x0000000710c00000, 0x0000000710c00000| Untracked 
|  88|0x0000000710e00000, 0x0000000710e00000, 0x0000000711000000|  0%| F|  |TAMS 0x0000000710e00000, 0x0000000710e00000| Untracked 
|  89|0x0000000711000000, 0x0000000711000000, 0x0000000711200000|  0%| F|  |TAMS 0x0000000711000000, 0x0000000711000000| Untracked 
|  90|0x0000000711200000, 0x0000000711200000, 0x0000000711400000|  0%| F|  |TAMS 0x0000000711200000, 0x0000000711200000| Untracked 
|  91|0x0000000711400000, 0x0000000711400000, 0x0000000711600000|  0%| F|  |TAMS 0x0000000711400000, 0x0000000711400000| Untracked 
|  92|0x0000000711600000, 0x0000000711600000, 0x0000000711800000|  0%| F|  |TAMS 0x0000000711600000, 0x0000000711600000| Untracked 
|  93|0x0000000711800000, 0x0000000711800000, 0x0000000711a00000|  0%| F|  |TAMS 0x0000000711800000, 0x0000000711800000| Untracked 
|  94|0x0000000711a00000, 0x0000000711a00000, 0x0000000711c00000|  0%| F|  |TAMS 0x0000000711a00000, 0x0000000711a00000| Untracked 
|  95|0x0000000711c00000, 0x0000000711c00000, 0x0000000711e00000|  0%| F|  |TAMS 0x0000000711c00000, 0x0000000711c00000| Untracked 
|  96|0x0000000711e00000, 0x0000000711e00000, 0x0000000712000000|  0%| F|  |TAMS 0x0000000711e00000, 0x0000000711e00000| Untracked 
|  97|0x0000000712000000, 0x0000000712000000, 0x0000000712200000|  0%| F|  |TAMS 0x0000000712000000, 0x0000000712000000| Untracked 
|  98|0x0000000712200000, 0x0000000712200000, 0x0000000712400000|  0%| F|  |TAMS 0x0000000712200000, 0x0000000712200000| Untracked 
|  99|0x0000000712400000, 0x0000000712400000, 0x0000000712600000|  0%| F|  |TAMS 0x0000000712400000, 0x0000000712400000| Untracked 
| 100|0x0000000712600000, 0x0000000712600000, 0x0000000712800000|  0%| F|  |TAMS 0x0000000712600000, 0x0000000712600000| Untracked 
| 101|0x0000000712800000, 0x0000000712800000, 0x0000000712a00000|  0%| F|  |TAMS 0x0000000712800000, 0x0000000712800000| Untracked 
| 102|0x0000000712a00000, 0x0000000712a00000, 0x0000000712c00000|  0%| F|  |TAMS 0x0000000712a00000, 0x0000000712a00000| Untracked 
| 103|0x0000000712c00000, 0x0000000712c00000, 0x0000000712e00000|  0%| F|  |TAMS 0x0000000712c00000, 0x0000000712c00000| Untracked 
| 104|0x0000000712e00000, 0x0000000712e00000, 0x0000000713000000|  0%| F|  |TAMS 0x0000000712e00000, 0x0000000712e00000| Untracked 
| 105|0x0000000713000000, 0x0000000713000000, 0x0000000713200000|  0%| F|  |TAMS 0x0000000713000000, 0x0000000713000000| Untracked 
| 106|0x0000000713200000, 0x0000000713200000, 0x0000000713400000|  0%| F|  |TAMS 0x0000000713200000, 0x0000000713200000| Untracked 
| 107|0x0000000713400000, 0x0000000713400000, 0x0000000713600000|  0%| F|  |TAMS 0x0000000713400000, 0x0000000713400000| Untracked 
| 108|0x0000000713600000, 0x0000000713600000, 0x0000000713800000|  0%| F|  |TAMS 0x0000000713600000, 0x0000000713600000| Untracked 
| 109|0x0000000713800000, 0x0000000713800000, 0x0000000713a00000|  0%| F|  |TAMS 0x0000000713800000, 0x0000000713800000| Untracked 
| 110|0x0000000713a00000, 0x0000000713a00000, 0x0000000713c00000|  0%| F|  |TAMS 0x0000000713a00000, 0x0000000713a00000| Untracked 
| 111|0x0000000713c00000, 0x0000000713c00000, 0x0000000713e00000|  0%| F|  |TAMS 0x0000000713c00000, 0x0000000713c00000| Untracked 
| 112|0x0000000713e00000, 0x0000000713e00000, 0x0000000714000000|  0%| F|  |TAMS 0x0000000713e00000, 0x0000000713e00000| Untracked 
| 113|0x0000000714000000, 0x0000000714000000, 0x0000000714200000|  0%| F|  |TAMS 0x0000000714000000, 0x0000000714000000| Untracked 
| 114|0x0000000714200000, 0x0000000714200000, 0x0000000714400000|  0%| F|  |TAMS 0x0000000714200000, 0x0000000714200000| Untracked 
| 115|0x0000000714400000, 0x0000000714400000, 0x0000000714600000|  0%| F|  |TAMS 0x0000000714400000, 0x0000000714400000| Untracked 
| 116|0x0000000714600000, 0x0000000714600000, 0x0000000714800000|  0%| F|  |TAMS 0x0000000714600000, 0x0000000714600000| Untracked 
| 117|0x0000000714800000, 0x0000000714800000, 0x0000000714a00000|  0%| F|  |TAMS 0x0000000714800000, 0x0000000714800000| Untracked 
| 118|0x0000000714a00000, 0x0000000714a00000, 0x0000000714c00000|  0%| F|  |TAMS 0x0000000714a00000, 0x0000000714a00000| Untracked 
| 119|0x0000000714c00000, 0x0000000714dd3e18, 0x0000000714e00000| 91%| E|  |TAMS 0x0000000714c00000, 0x0000000714c00000| Complete 
| 120|0x0000000714e00000, 0x0000000715000000, 0x0000000715000000|100%| E|CS|TAMS 0x0000000714e00000, 0x0000000714e00000| Complete 
| 121|0x0000000715000000, 0x0000000715200000, 0x0000000715200000|100%| E|CS|TAMS 0x0000000715000000, 0x0000000715000000| Complete 
| 122|0x0000000715200000, 0x0000000715400000, 0x0000000715400000|100%| E|CS|TAMS 0x0000000715200000, 0x0000000715200000| Complete 
| 123|0x0000000715400000, 0x0000000715600000, 0x0000000715600000|100%| E|CS|TAMS 0x0000000715400000, 0x0000000715400000| Complete 
| 124|0x0000000715600000, 0x0000000715800000, 0x0000000715800000|100%| E|CS|TAMS 0x0000000715600000, 0x0000000715600000| Complete 
| 125|0x0000000715800000, 0x0000000715a00000, 0x0000000715a00000|100%| E|CS|TAMS 0x0000000715800000, 0x0000000715800000| Complete 

Card table byte_map: [0x000001f179540000,0x000001f179d20000] _byte_map_base: 0x000001f175d11000

Marking Bits (Prev, Next): (CMBitMap*) 0x000001f170a0a680, (CMBitMap*) 0x000001f170a0a6c0
 Prev Bits: [0x000001f17a500000, 0x000001f17e388000)
 Next Bits: [0x000001f10f000000, 0x000001f112e88000)

Polling page: 0x000001f170150000

Metaspace:

Usage:
  Non-class:      5.14 MB used.
      Class:    301.92 KB used.
       Both:      5.44 MB used.

Virtual space:
  Non-class space:       64.00 MB reserved,       5.25 MB (  8%) committed,  1 nodes.
      Class space:        1.00 GB reserved,     384.00 KB ( <1%) committed,  1 nodes.
             Both:        1.06 GB reserved,       5.62 MB ( <1%) committed. 

Chunk freelists:
   Non-Class:  8.58 MB
       Class:  15.56 MB
        Both:  24.14 MB

MaxMetaspaceSize: unlimited
CompressedClassSpaceSize: 1.00 GB
Initial GC threshold: 21.00 MB
Current GC threshold: 21.00 MB
CDS: on
MetaspaceReclaimPolicy: balanced
 - commit_granule_bytes: 65536.
 - commit_granule_words: 8192.
 - virtual_space_node_default_size: 8388608.
 - enlarge_chunks_in_place: 1.
 - new_chunks_are_fully_committed: 0.
 - uncommit_free_chunks: 1.
 - use_allocation_guard: 0.
 - handle_deallocations: 1.


Internal statistics:

num_allocs_failed_limit: 0.
num_arena_births: 124.
num_arena_deaths: 0.
num_vsnodes_births: 2.
num_vsnodes_deaths: 0.
num_space_committed: 88.
num_space_uncommitted: 0.
num_chunks_returned_to_freelist: 0.
num_chunks_taken_from_freelist: 271.
num_chunk_merges: 0.
num_chunk_splits: 192.
num_chunks_enlarged: 134.
num_inconsistent_stats: 0.

CodeHeap 'non-profiled nmethods': size=119168Kb used=385Kb max_used=385Kb free=118782Kb
 bounds [0x000001f107ba0000, 0x000001f107e10000, 0x000001f10f000000]
CodeHeap 'profiled nmethods': size=119104Kb used=1709Kb max_used=1709Kb free=117394Kb
 bounds [0x000001f100000000, 0x000001f100270000, 0x000001f107450000]
CodeHeap 'non-nmethods': size=7488Kb used=2969Kb max_used=3547Kb free=4518Kb
 bounds [0x000001f107450000, 0x000001f1077d0000, 0x000001f107ba0000]
 total_blobs=2397 nmethods=1135 adapters=1173
 compilation: enabled
              stopped_count=0, restarted_count=0
 full_count=0

Compilation events (20 events):
Event: 2.941 Thread 0x000001f1626d8270 nmethod 1124 0x000001f1001aa310 code [0x000001f1001aa4a0, 0x000001f1001aa5c8]
Event: 2.941 Thread 0x000001f1560e5b70 1126       3       org.lwjgl.opengl.GL13::glActiveTexture (5 bytes)
Event: 2.941 Thread 0x000001f1560366b0 nmethod 1125 0x000001f1001aa690 code [0x000001f1001aa820, 0x000001f1001aa948]
Event: 2.941 Thread 0x000001f1626d8270 1128       3       org.lwjgl.opengl.GL14::glBlendFuncSeparate (8 bytes)
Event: 2.942 Thread 0x000001f1560366b0 1129       1       imgui.gl3.ImGuiImplGl3$Properties::access$1700 (5 bytes)
Event: 2.942 Thread 0x000001f1560e5b70 nmethod 1126 0x000001f1001aaa10 code [0x000001f1001aaba0, 0x000001f1001aacc8]
Event: 2.942 Thread 0x000001f1560e5b70 1130       1       imgui.gl3.ImGuiImplGl3$Properties::access$1800 (5 bytes)
Event: 2.942 Thread 0x000001f1626d8270 nmethod 1128 0x000001f1001aad90 code [0x000001f1001aaf20, 0x000001f1001ab068]
Event: 2.942 Thread 0x000001f1560366b0 nmethod 1129 0x000001f107bff390 code [0x000001f107bff520, 0x000001f107bff5d8]
Event: 2.942 Thread 0x000001f1626d8270 1131       1       imgui.gl3.ImGuiImplGl3$Properties::access$1900 (5 bytes)
Event: 2.942 Thread 0x000001f1560366b0 1132       1       imgui.gl3.ImGuiImplGl3$Properties::access$2000 (5 bytes)
Event: 2.942 Thread 0x000001f1560e5b70 nmethod 1130 0x000001f107bff690 code [0x000001f107bff820, 0x000001f107bff8d8]
Event: 2.942 Thread 0x000001f1626d8270 nmethod 1131 0x000001f107bff990 code [0x000001f107bffb20, 0x000001f107bffbd8]
Event: 2.942 Thread 0x000001f1560e5b70 1133       1       imgui.gl3.ImGuiImplGl3$Properties::access$2100 (5 bytes)
Event: 2.942 Thread 0x000001f1560366b0 nmethod 1132 0x000001f107bffc90 code [0x000001f107bffe20, 0x000001f107bffed8]
Event: 2.942 Thread 0x000001f1626d8270 1134       1       imgui.gl3.ImGuiImplGl3$Properties::access$2200 (5 bytes)
Event: 2.942 Thread 0x000001f1560e5b70 nmethod 1133 0x000001f107bfff90 code [0x000001f107c00120, 0x000001f107c001d8]
Event: 2.942 Thread 0x000001f1626d8270 nmethod 1134 0x000001f107c00290 code [0x000001f107c00420, 0x000001f107c004d8]
Event: 3.204 Thread 0x000001f1560366b0 1135       3       org.lwjgl.glfw.GLFW::glfwGetKey (22 bytes)
Event: 3.205 Thread 0x000001f1560366b0 nmethod 1135 0x000001f1001ab110 code [0x000001f1001ab2e0, 0x000001f1001ab598]

GC Heap History (0 events):
No events

Dll operation events (9 events):
Event: 0.008 Loaded shared library C:\Program Files\Eclipse Adoptium\jdk-17.0.13.11-hotspot\bin\java.dll
Event: 0.045 Loaded shared library C:\Program Files\Eclipse Adoptium\jdk-17.0.13.11-hotspot\bin\jsvml.dll
Event: 0.110 Loaded shared library C:\Program Files\Eclipse Adoptium\jdk-17.0.13.11-hotspot\bin\net.dll
Event: 0.111 Loaded shared library C:\Program Files\Eclipse Adoptium\jdk-17.0.13.11-hotspot\bin\nio.dll
Event: 0.115 Loaded shared library C:\Program Files\Eclipse Adoptium\jdk-17.0.13.11-hotspot\bin\zip.dll
Event: 0.183 Loaded shared library C:\Program Files\Eclipse Adoptium\jdk-17.0.13.11-hotspot\bin\jimage.dll
Event: 0.207 Loaded shared library C:\Users\gunav\AppData\Local\Temp\lwjgl_gunav\3.3.4+7\x64\lwjgl.dll
Event: 0.555 Loaded shared library C:\Users\gunav\AppData\Local\Temp\lwjgl_gunav\3.3.4+7\x64\lwjgl_opengl.dll
Event: 0.687 Loaded shared library C:\Users\gunav\AppData\Local\Temp\imgui-java-natives\1.89.0\imgui-java64.dll

Deoptimization events (20 events):
Event: 0.221 Thread 0x000001f17099d270 DEOPT PACKING pc=0x000001f100088ffc sp=0x000000e0140fd8e0
Event: 0.221 Thread 0x000001f17099d270 DEOPT UNPACKING pc=0x000001f1074a7143 sp=0x000000e0140fce70 mode 1
Event: 0.222 Thread 0x000001f17099d270 DEOPT PACKING pc=0x000001f10004b43c sp=0x000000e0140fd610
Event: 0.222 Thread 0x000001f17099d270 DEOPT UNPACKING pc=0x000001f1074a7143 sp=0x000000e0140fcaf0 mode 1
Event: 0.222 Thread 0x000001f17099d270 DEOPT PACKING pc=0x000001f100088ffc sp=0x000000e0140fd8e0
Event: 0.222 Thread 0x000001f17099d270 DEOPT UNPACKING pc=0x000001f1074a7143 sp=0x000000e0140fce70 mode 1
Event: 0.223 Thread 0x000001f17099d270 DEOPT PACKING pc=0x000001f10004b43c sp=0x000000e0140fd610
Event: 0.223 Thread 0x000001f17099d270 DEOPT UNPACKING pc=0x000001f1074a7143 sp=0x000000e0140fcaf0 mode 1
Event: 0.223 Thread 0x000001f17099d270 DEOPT PACKING pc=0x000001f100088ffc sp=0x000000e0140fd8e0
Event: 0.223 Thread 0x000001f17099d270 DEOPT UNPACKING pc=0x000001f1074a7143 sp=0x000000e0140fce70 mode 1
Event: 0.300 Thread 0x000001f17099d270 DEOPT PACKING pc=0x000001f10004b43c sp=0x000000e0140fca40
Event: 0.300 Thread 0x000001f17099d270 DEOPT UNPACKING pc=0x000001f1074a7143 sp=0x000000e0140fbf20 mode 1
Event: 0.300 Thread 0x000001f17099d270 DEOPT PACKING pc=0x000001f100088ffc sp=0x000000e0140fcd10
Event: 0.300 Thread 0x000001f17099d270 DEOPT UNPACKING pc=0x000001f1074a7143 sp=0x000000e0140fc280 mode 1
Event: 0.300 Thread 0x000001f17099d270 DEOPT PACKING pc=0x000001f10004b43c sp=0x000000e0140fca40
Event: 0.300 Thread 0x000001f17099d270 DEOPT UNPACKING pc=0x000001f1074a7143 sp=0x000000e0140fbf20 mode 1
Event: 0.300 Thread 0x000001f17099d270 DEOPT PACKING pc=0x000001f100088ffc sp=0x000000e0140fcd10
Event: 0.300 Thread 0x000001f17099d270 DEOPT UNPACKING pc=0x000001f1074a7143 sp=0x000000e0140fc280 mode 1
Event: 0.742 Thread 0x000001f17099d270 DEOPT PACKING pc=0x000001f10004194f sp=0x000000e0140fcc00
Event: 0.742 Thread 0x000001f17099d270 DEOPT UNPACKING pc=0x000001f1074a7143 sp=0x000000e0140fc060 mode 0

Classes loaded (20 events):
Event: 0.279 Loading class java/util/function/LongPredicate
Event: 0.279 Loading class java/util/function/LongPredicate done
Event: 0.281 Loading class jdk/internal/access/foreign/MemorySegmentProxy
Event: 0.281 Loading class jdk/internal/access/foreign/MemorySegmentProxy done
Event: 0.296 Loading class java/nio/InvalidMarkException
Event: 0.296 Loading class java/nio/InvalidMarkException done
Event: 0.296 Loading class java/nio/BufferUnderflowException
Event: 0.296 Loading class java/nio/BufferUnderflowException done
Event: 0.562 Loading class java/util/Formatter$FixedString
Event: 0.562 Loading class java/util/Formatter$FixedString done
Event: 0.626 Loading class java/nio/file/AccessDeniedException
Event: 0.627 Loading class java/nio/file/AccessDeniedException done
Event: 0.627 Loading class java/io/UncheckedIOException
Event: 0.627 Loading class java/io/UncheckedIOException done
Event: 0.631 Loading class java/nio/file/StandardCopyOption
Event: 0.631 Loading class java/nio/file/StandardCopyOption done
Event: 0.637 Loading class jdk/internal/misc/ScopedMemoryAccess$Scope
Event: 0.638 Loading class jdk/internal/misc/ScopedMemoryAccess$Scope done
Event: 0.797 Loading class jdk/internal/math/FDBigInteger
Event: 0.797 Loading class jdk/internal/math/FDBigInteger done

Classes unloaded (0 events):
No events

Classes redefined (0 events):
No events

Internal exceptions (20 events):
Event: 0.170 Thread 0x000001f17099d270 Exception <a 'java/lang/NoSuchMethodError'{0x000000071541a310}: 'void java.lang.invoke.DirectMethodHandle$Holder.invokeSpecial(java.lang.Object, java.lang.Object, java.lang.Object)'> (0x000000071541a310) 
thrown [s\src\hotspot\share\interpreter\linkResolver.cpp, line 759]
Event: 0.173 Thread 0x000001f17099d270 Exception <a 'java/lang/NoSuchMethodError'{0x000000071542d698}: 'java.lang.Object java.lang.invoke.DirectMethodHandle$Holder.invokeStatic(java.lang.Object, java.lang.Object, int)'> (0x000000071542d698) 
thrown [s\src\hotspot\share\interpreter\linkResolver.cpp, line 759]
Event: 0.174 Thread 0x000001f17099d270 Exception <a 'java/lang/NoSuchMethodError'{0x0000000715439448}: 'void java.lang.invoke.DelegatingMethodHandle$Holder.delegate(java.lang.Object, java.lang.Object, int, java.lang.Object)'> (0x0000000715439448) 
thrown [s\src\hotspot\share\interpreter\linkResolver.cpp, line 759]
Event: 0.174 Thread 0x000001f17099d270 Exception <a 'java/lang/NoSuchMethodError'{0x000000071543d688}: 'int java.lang.invoke.DirectMethodHandle$Holder.invokeSpecial(java.lang.Object, java.lang.Object, java.lang.Object)'> (0x000000071543d688) 
thrown [s\src\hotspot\share\interpreter\linkResolver.cpp, line 759]
Event: 0.213 Thread 0x000001f17099d270 Exception <a 'sun/nio/fs/WindowsException'{0x00000007154a0ad8}> (0x00000007154a0ad8) 
thrown [s\src\hotspot\share\prims\jni.cpp, line 516]
Event: 0.213 Thread 0x000001f17099d270 Exception <a 'sun/nio/fs/WindowsException'{0x00000007154a1028}> (0x00000007154a1028) 
thrown [s\src\hotspot\share\prims\jni.cpp, line 516]
Event: 0.270 Thread 0x000001f17099d270 Exception <a 'sun/nio/fs/WindowsException'{0x0000000715553538}> (0x0000000715553538) 
thrown [s\src\hotspot\share\prims\jni.cpp, line 516]
Event: 0.270 Thread 0x000001f17099d270 Exception <a 'sun/nio/fs/WindowsException'{0x0000000715553898}> (0x0000000715553898) 
thrown [s\src\hotspot\share\prims\jni.cpp, line 516]
Event: 0.276 Thread 0x000001f17099d270 Exception <a 'java/lang/NoSuchMethodError'{0x000000071558bb98}: 'java.lang.Object java.lang.invoke.DirectMethodHandle$Holder.invokeStaticInit(java.lang.Object)'> (0x000000071558bb98) 
thrown [s\src\hotspot\share\interpreter\linkResolver.cpp, line 759]
Event: 0.280 Thread 0x000001f17099d270 Exception <a 'java/lang/NoSuchMethodError'{0x00000007155aa628}: 'int java.lang.invoke.DirectMethodHandle$Holder.invokeStaticInit(java.lang.Object, java.lang.Object, int, long)'> (0x00000007155aa628) 
thrown [s\src\hotspot\share\interpreter\linkResolver.cpp, line 759]
Event: 0.280 Thread 0x000001f17099d270 Exception <a 'java/lang/NoSuchMethodError'{0x00000007155afef0}: 'java.lang.Object java.lang.invoke.DirectMethodHandle$Holder.newInvokeSpecial(java.lang.Object, java.lang.Object, int)'> (0x00000007155afef0) 
thrown [s\src\hotspot\share\interpreter\linkResolver.cpp, line 759]
Event: 0.283 Thread 0x000001f17099d270 Exception <a 'java/lang/NoSuchMethodError'{0x00000007155c06b8}: 'int java.lang.invoke.DirectMethodHandle$Holder.invokeStaticInit(java.lang.Object, java.lang.Object, long, long)'> (0x00000007155c06b8) 
thrown [s\src\hotspot\share\interpreter\linkResolver.cpp, line 759]
Event: 0.284 Thread 0x000001f17099d270 Exception <a 'java/lang/NoSuchMethodError'{0x00000007155c67c8}: 'java.lang.Object java.lang.invoke.DirectMethodHandle$Holder.newInvokeSpecial(java.lang.Object, java.lang.Object, long)'> (0x00000007155c67c8) 
thrown [s\src\hotspot\share\interpreter\linkResolver.cpp, line 759]
Event: 0.285 Thread 0x000001f17099d270 Exception <a 'java/lang/NoSuchMethodError'{0x00000007155ca810}: 'java.lang.Object java.lang.invoke.Invokers$Holder.linkToTargetMethod(java.lang.Object, long, java.lang.Object)'> (0x00000007155ca810) 
thrown [s\src\hotspot\share\interpreter\linkResolver.cpp, line 759]
Event: 0.289 Thread 0x000001f17099d270 Exception <a 'java/lang/NoSuchMethodError'{0x00000007155d2170}: 'int java.lang.invoke.DirectMethodHandle$Holder.invokeStaticInit(java.lang.Object, java.lang.Object, java.lang.Object, long)'> (0x00000007155d2170) 
thrown [s\src\hotspot\share\interpreter\linkResolver.cpp, line 759]
Event: 0.554 Thread 0x000001f17099d270 Exception <a 'sun/nio/fs/WindowsException'{0x000000071527c980}> (0x000000071527c980) 
thrown [s\src\hotspot\share\prims\jni.cpp, line 516]
Event: 0.554 Thread 0x000001f17099d270 Exception <a 'sun/nio/fs/WindowsException'{0x000000071527cd20}> (0x000000071527cd20) 
thrown [s\src\hotspot\share\prims\jni.cpp, line 516]
Event: 0.558 Thread 0x000001f17099d270 Exception <a 'sun/nio/fs/WindowsException'{0x00000007152874f0}> (0x00000007152874f0) 
thrown [s\src\hotspot\share\prims\jni.cpp, line 516]
Event: 0.558 Thread 0x000001f17099d270 Exception <a 'sun/nio/fs/WindowsException'{0x00000007152877c0}> (0x00000007152877c0) 
thrown [s\src\hotspot\share\prims\jni.cpp, line 516]
Event: 0.631 Thread 0x000001f17099d270 Exception <a 'sun/nio/fs/WindowsException'{0x000000071515f7a8}> (0x000000071515f7a8) 
thrown [s\src\hotspot\share\prims\jni.cpp, line 516]

VM Operations (10 events):
Event: 0.086 Executing VM operation: ChangeBreakpoints
Event: 0.086 Executing VM operation: ChangeBreakpoints done
Event: 0.116 Executing VM operation: HandshakeAllThreads
Event: 0.116 Executing VM operation: HandshakeAllThreads done
Event: 0.198 Executing VM operation: HandshakeAllThreads
Event: 0.198 Executing VM operation: HandshakeAllThreads done
Event: 0.226 Executing VM operation: HandshakeAllThreads
Event: 0.226 Executing VM operation: HandshakeAllThreads done
Event: 1.228 Executing VM operation: Cleanup
Event: 1.228 Executing VM operation: Cleanup done

Memory protections (0 events):
No events

Nmethod flushes (0 events):
No events

Events (20 events):
Event: 0.057 Thread 0x000001f17099d270 Thread added: 0x000001f15602a340
Event: 0.057 Thread 0x000001f17099d270 Thread added: 0x000001f15602cc20
Event: 0.057 Thread 0x000001f17099d270 Thread added: 0x000001f15602dce0
Event: 0.057 Thread 0x000001f17099d270 Thread added: 0x000001f1560366b0
Event: 0.057 Thread 0x000001f17099d270 Thread added: 0x000001f156044aa0
Event: 0.060 Thread 0x000001f1560366b0 Thread added: 0x000001f1560e5b70
Event: 0.086 Thread 0x000001f17099d270 Thread added: 0x000001f1561fedb0
Event: 0.086 Thread 0x000001f17099d270 Thread added: 0x000001f156202e70
Event: 0.086 Thread 0x000001f1561fedb0 Thread added: 0x000001f156203780
Event: 0.094 Thread 0x000001f17099d270 Thread added: 0x000001f15620ee10
Event: 0.105 Thread 0x000001f17099d270 Thread added: 0x000001f156212f70
Event: 0.138 Thread 0x000001f1560e5b70 Thread added: 0x000001f156368630
Event: 0.139 Thread 0x000001f1560e5b70 Thread added: 0x000001f156368b50
Event: 0.547 Thread 0x000001f156368b50 Thread exited: 0x000001f156368b50
Event: 0.548 Thread 0x000001f156368630 Thread exited: 0x000001f156368630
Event: 0.557 Thread 0x000001f1560e5b70 Thread added: 0x000001f1626d8270
Event: 0.558 Thread 0x000001f1560e5b70 Thread added: 0x000001f1626d8ba0
Event: 0.565 Thread 0x000001f1560e5b70 Thread added: 0x000001f16270cd20
Event: 0.906 Thread 0x000001f16270cd20 Thread exited: 0x000001f16270cd20
Event: 2.790 Thread 0x000001f1626d8ba0 Thread exited: 0x000001f1626d8ba0


Dynamic libraries:
0x00007ff750d50000 - 0x00007ff750d5e000 	C:\Program Files\Eclipse Adoptium\jdk-17.0.13.11-hotspot\bin\java.exe
0x00007ffee56b0000 - 0x00007ffee58c7000 	C:\WINDOWS\SYSTEM32\ntdll.dll
0x00007ffee4f00000 - 0x00007ffee4fc4000 	C:\WINDOWS\System32\KERNEL32.DLL
0x00007ffee2c70000 - 0x00007ffee3041000 	C:\WINDOWS\System32\KERNELBASE.dll
0x00007ffee2990000 - 0x00007ffee2aa1000 	C:\WINDOWS\System32\ucrtbase.dll
0x00007ffeccf10000 - 0x00007ffeccf2e000 	C:\Program Files\Eclipse Adoptium\jdk-17.0.13.11-hotspot\bin\VCRUNTIME140.dll
0x00007ffecdad0000 - 0x00007ffecdae7000 	C:\Program Files\Eclipse Adoptium\jdk-17.0.13.11-hotspot\bin\jli.dll
0x00007ffee4fd0000 - 0x00007ffee5181000 	C:\WINDOWS\System32\USER32.dll
0x00007ffee2960000 - 0x00007ffee2986000 	C:\WINDOWS\System32\win32u.dll
0x00007ffecd710000 - 0x00007ffecd9a2000 	C:\WINDOWS\WinSxS\amd64_microsoft.windows.common-controls_6595b64144ccf1df_6.0.22621.4830_none_270fe7d773858e80\COMCTL32.dll
0x00007ffee39d0000 - 0x00007ffee39f9000 	C:\WINDOWS\System32\GDI32.dll
0x00007ffee3050000 - 0x00007ffee316b000 	C:\WINDOWS\System32\gdi32full.dll
0x00007ffee5350000 - 0x00007ffee53f7000 	C:\WINDOWS\System32\msvcrt.dll
0x00007ffee3170000 - 0x00007ffee320a000 	C:\WINDOWS\System32\msvcp_win.dll
0x00007ffee4d00000 - 0x00007ffee4d31000 	C:\WINDOWS\System32\IMM32.DLL
0x00007ffecdac0000 - 0x00007ffecdacc000 	C:\Program Files\Eclipse Adoptium\jdk-17.0.13.11-hotspot\bin\vcruntime140_1.dll
0x00007ffea2290000 - 0x00007ffea231d000 	C:\Program Files\Eclipse Adoptium\jdk-17.0.13.11-hotspot\bin\msvcp140.dll
0x00007ffe89e00000 - 0x00007ffe8aa6b000 	C:\Program Files\Eclipse Adoptium\jdk-17.0.13.11-hotspot\bin\server\jvm.dll
0x00007ffee4d40000 - 0x00007ffee4df1000 	C:\WINDOWS\System32\ADVAPI32.dll
0x00007ffee37a0000 - 0x00007ffee3847000 	C:\WINDOWS\System32\sechost.dll
0x00007ffee27f0000 - 0x00007ffee2818000 	C:\WINDOWS\System32\bcrypt.dll
0x00007ffee3570000 - 0x00007ffee3684000 	C:\WINDOWS\System32\RPCRT4.dll
0x00007ffee3380000 - 0x00007ffee33f1000 	C:\WINDOWS\System32\WS2_32.dll
0x00007ffedddc0000 - 0x00007ffedddf4000 	C:\WINDOWS\SYSTEM32\WINMM.dll
0x00007ffee16a0000 - 0x00007ffee16ed000 	C:\WINDOWS\SYSTEM32\POWRPROF.dll
0x00007ffedb860000 - 0x00007ffedb86a000 	C:\WINDOWS\SYSTEM32\VERSION.dll
0x00007ffee1680000 - 0x00007ffee1693000 	C:\WINDOWS\SYSTEM32\UMPDC.dll
0x00007ffee1930000 - 0x00007ffee1948000 	C:\WINDOWS\SYSTEM32\kernel.appcore.dll
0x00007ffecda30000 - 0x00007ffecda3a000 	C:\Program Files\Eclipse Adoptium\jdk-17.0.13.11-hotspot\bin\jimage.dll
0x00007ffee01e0000 - 0x00007ffee0412000 	C:\WINDOWS\SYSTEM32\DBGHELP.DLL
0x00007ffee42f0000 - 0x00007ffee4680000 	C:\WINDOWS\System32\combase.dll
0x00007ffee4bd0000 - 0x00007ffee4ca7000 	C:\WINDOWS\System32\OLEAUT32.dll
0x00007ffec95f0000 - 0x00007ffec9622000 	C:\WINDOWS\SYSTEM32\dbgcore.DLL
0x00007ffee2820000 - 0x00007ffee289b000 	C:\WINDOWS\System32\bcryptPrimitives.dll
0x00007ffeb2140000 - 0x00007ffeb217b000 	C:\Program Files\Eclipse Adoptium\jdk-17.0.13.11-hotspot\bin\jdwp.dll
0x00007ffec4850000 - 0x00007ffec4875000 	C:\Program Files\Eclipse Adoptium\jdk-17.0.13.11-hotspot\bin\java.dll
0x00007ffea21b0000 - 0x00007ffea2287000 	C:\Program Files\Eclipse Adoptium\jdk-17.0.13.11-hotspot\bin\jsvml.dll
0x00007ffee3a00000 - 0x00007ffee4288000 	C:\WINDOWS\System32\SHELL32.dll
0x00007ffee2ab0000 - 0x00007ffee2bef000 	C:\WINDOWS\System32\wintypes.dll
0x00007ffee0760000 - 0x00007ffee106d000 	C:\WINDOWS\SYSTEM32\windows.storage.dll
0x00007ffee3460000 - 0x00007ffee356a000 	C:\WINDOWS\System32\SHCORE.dll
0x00007ffee4290000 - 0x00007ffee42ee000 	C:\WINDOWS\System32\shlwapi.dll
0x00007ffee2720000 - 0x00007ffee274b000 	C:\WINDOWS\SYSTEM32\profapi.dll
0x00007ffeddfb0000 - 0x00007ffeddfbc000 	C:\Program Files\Eclipse Adoptium\jdk-17.0.13.11-hotspot\bin\dt_socket.dll
0x00007ffee1340000 - 0x00007ffee136d000 	C:\WINDOWS\SYSTEM32\IPHLPAPI.DLL
0x00007ffee1da0000 - 0x00007ffee1e0a000 	C:\WINDOWS\system32\mswsock.dll
0x00007ffee1370000 - 0x00007ffee1472000 	C:\WINDOWS\SYSTEM32\DNSAPI.dll
0x00007ffee39c0000 - 0x00007ffee39c9000 	C:\WINDOWS\System32\NSI.dll
0x00007ffedd870000 - 0x00007ffedd87a000 	C:\Windows\System32\rasadhlp.dll
0x00007ffeddc10000 - 0x00007ffeddc93000 	C:\WINDOWS\System32\fwpuclnt.dll
0x00007ffeafd30000 - 0x00007ffeafd49000 	C:\Program Files\Eclipse Adoptium\jdk-17.0.13.11-hotspot\bin\net.dll
0x00007ffedf120000 - 0x00007ffedf24c000 	C:\WINDOWS\SYSTEM32\WINHTTP.dll
0x00007ffea1f40000 - 0x00007ffea1f56000 	C:\Program Files\Eclipse Adoptium\jdk-17.0.13.11-hotspot\bin\nio.dll
0x00007ffec28c0000 - 0x00007ffec28d8000 	C:\Program Files\Eclipse Adoptium\jdk-17.0.13.11-hotspot\bin\zip.dll
0x00007ffea7630000 - 0x00007ffea76ab000 	C:\Users\gunav\AppData\Local\Temp\lwjgl_gunav\3.3.4+7\x64\lwjgl.dll
0x00007ffe96cf0000 - 0x00007ffe96d75000 	C:\Users\gunav\AppData\Local\Temp\lwjgl_gunav\3.3.4+7\x64\glfw.dll
0x00007ffeaf5f0000 - 0x00007ffeaf636000 	C:\WINDOWS\SYSTEM32\dinput8.dll
0x00007ffeddec0000 - 0x00007ffedded1000 	C:\WINDOWS\SYSTEM32\xinput1_4.dll
0x00007ffee24e0000 - 0x00007ffee252e000 	C:\WINDOWS\SYSTEM32\cfgmgr32.dll
0x00007ffee24b0000 - 0x00007ffee24dc000 	C:\WINDOWS\SYSTEM32\DEVOBJ.dll
0x00007ffedf860000 - 0x00007ffedf88b000 	C:\WINDOWS\SYSTEM32\dwmapi.dll
0x00007ffedf5d0000 - 0x00007ffedf683000 	C:\WINDOWS\system32\uxtheme.dll
0x00007ffec44f0000 - 0x00007ffec4704000 	C:\WINDOWS\SYSTEM32\inputhost.dll
0x00007ffedd4f0000 - 0x00007ffedd625000 	C:\WINDOWS\SYSTEM32\CoreMessaging.dll
0x0000000180000000 - 0x00000001834b4000 	C:\Program Files (x86)\RivaTuner Statistics Server\RTSSHooks64.dll
0x00007ffee4750000 - 0x00007ffee4bc4000 	C:\WINDOWS\System32\SETUPAPI.dll
0x00007ffee2010000 - 0x00007ffee201c000 	C:\WINDOWS\SYSTEM32\CRYPTBASE.DLL
0x00007ffee3860000 - 0x00007ffee39bd000 	C:\WINDOWS\System32\MSCTF.dll
0x00007ffe96bf0000 - 0x00007ffe96cf0000 	C:\WINDOWS\SYSTEM32\opengl32.dll
0x00007ffec4a70000 - 0x00007ffec4a9d000 	C:\WINDOWS\SYSTEM32\GLU32.dll
0x00007ffedfbe0000 - 0x00007ffedfc17000 	C:\WINDOWS\SYSTEM32\dxcore.dll
0x00007ffedb2e0000 - 0x00007ffedb329000 	C:\WINDOWS\SYSTEM32\directxdatabasehelper.dll
0x00007ffee4680000 - 0x00007ffee4730000 	C:\WINDOWS\System32\clbcatq.dll
0x00007ffee5400000 - 0x00007ffee55a1000 	C:\WINDOWS\System32\ole32.dll
0x00007ffedec00000 - 0x00007ffeded06000 	C:\WINDOWS\system32\propsys.dll
0x00007ffe5a5b0000 - 0x00007ffe5b6db000 	C:\WINDOWS\System32\DriverStore\FileRepository\iigd_dch.inf_amd64_ffe7d9986336312b\igxelpicd64.dll
0x00007ffedf750000 - 0x00007ffedf847000 	C:\WINDOWS\system32\dxgi.dll
0x00007ffe96a90000 - 0x00007ffe96be5000 	C:\WINDOWS\System32\DriverStore\FileRepository\iigd_dch.inf_amd64_ffe7d9986336312b\igdml64.dll
0x00007ffed67d0000 - 0x00007ffed6c08000 	C:\WINDOWS\System32\DriverStore\FileRepository\iigd_dch.inf_amd64_ffe7d9986336312b\igdgmm64.dll
0x00007ffee2bf0000 - 0x00007ffee2c62000 	C:\WINDOWS\System32\WINTRUST.dll
0x00007ffee3210000 - 0x00007ffee3376000 	C:\WINDOWS\System32\CRYPT32.dll
0x00007ffee2050000 - 0x00007ffee2062000 	C:\WINDOWS\SYSTEM32\MSASN1.dll
0x00007ffed26a0000 - 0x00007ffed654d000 	C:\WINDOWS\System32\DriverStore\FileRepository\iigd_dch.inf_amd64_ffe7d9986336312b\igc64.dll
0x00007ffebb260000 - 0x00007ffebb3a3000 	C:\WINDOWS\SYSTEM32\textinputframework.dll
0x00007ffedaa70000 - 0x00007ffedaddc000 	C:\WINDOWS\SYSTEM32\CoreUIComponents.dll
0x00007ffe96a20000 - 0x00007ffe96a81000 	C:\Users\gunav\AppData\Local\Temp\lwjgl_gunav\3.3.4+7\x64\lwjgl_opengl.dll
0x00007ffe59db0000 - 0x00007ffe5a5a4000 	C:\Users\gunav\AppData\Local\Temp\imgui-java-natives\1.89.0\imgui-java64.dll

dbghelp: loaded successfully - version: 4.0.5 - missing functions: none
symbol engine: initialized successfully - sym options: 0x614 - pdb path: .;C:\Program Files\Eclipse Adoptium\jdk-17.0.13.11-hotspot\bin;C:\WINDOWS\SYSTEM32;C:\WINDOWS\WinSxS\amd64_microsoft.windows.common-controls_6595b64144ccf1df_6.0.22621.4830_none_270fe7d773858e80;C:\Program Files\Eclipse Adoptium\jdk-17.0.13.11-hotspot\bin\server;C:\Users\gunav\AppData\Local\Temp\lwjgl_gunav\3.3.4+7\x64;C:\Program Files (x86)\RivaTuner Statistics Server;C:\WINDOWS\System32\DriverStore\FileRepository\iigd_dch.inf_amd64_ffe7d9986336312b;C:\Users\gunav\AppData\Local\Temp\imgui-java-natives\1.89.0

VM Arguments:
jvm_args: -agentlib:jdwp=transport=dt_socket,server=n,suspend=y,address=localhost:58379 -XX:+ShowCodeDetailsInExceptionMessages 
java_command: org.PiEngine.Main
java_class_path (initial): \Pi-Engine\build\resources\main;C:\Users\gunav\Documents\GitHub\Pi-Engine\build\classes\java\main;C:\Users\gunav\.gradle\caches\modules-2\files-2.1\org.lwjgl\lwjgl-opengl\3.3.4\2852ac7d9f6fc71349f1ce28e2708ff1977f18af\lwjgl-opengl-3.3.4.jar;C:\Users\gunav\.gradle\caches\modules-2\files-2.1\org.lwjgl\lwjgl\3.3.4\dd0927c1348cdcd9573fa24b7278ec1ac2bb0a76\lwjgl-3.3.4-natives-windows.jar;C:\Users\gunav\.gradle\caches\modules-2\files-2.1\org.lwjgl\lwjgl-opengl\3.3.4\f7ca4e75573a9ce83075bd86bc8a3e49ff106696\lwjgl-opengl-3.3.4-natives-windows.jar;C:\Users\gunav\.gradle\caches\modules-2\files-2.1\io.github.spair\imgui-java-app\1.89.0\b489c73b9762cd339860450dba936a0db5052d86\imgui-java-app-1.89.0.jar;C:\Users\gunav\.gradle\caches\modules-2\files-2.1\org.lwjgl\lwjgl\3.3.4\f952bb0894c946445942431de2e311feee635c00\lwjgl-3.3.4-natives-macos.jar;C:\Users\gunav\.gradle\caches\modules-2\files-2.1\org.lwjgl\lwjgl-glfw\3.3.4\753fa860987242ceefa990a6062a18dff4908a33\lwjgl-glfw-3.3.4-natives-macos.jar;C:\Users\gunav\.gradle\caches\modules-2\files-2.1\org.lwjgl\lwjgl\3.3.4\a7ccba1d3f2fef214943e74335a80cc65d04e49\lwjgl-3.3.4-natives-linux.jar;C:\Users\gunav\.gradle\caches\modules-2\files-2.1\org.lwjgl\lwjgl-glfw\3.3.4\91e3d4b56d6d1369ef107b9d7801c9f38125c590\lwjgl-glfw-3.3.4-natives-linux.jar;C:\Users\gunav\.gradle\caches\modules-2\files-2.1\org.lwjgl\lwjgl\3.3.4\d12785da7cdca4921603b5dd83f712f5cdba3fc4\lwjgl-3.3.4-natives-macos-arm64.jar;C:\Users\gunav\.gradle\caches\modules-2\files-2.1\org.lwjgl\lwjgl-opengl\3.3.4\832e7deef981577ee7aeb3b9e1c74bc0e5d26cce\lwjgl-opengl-3.3.4-natives-macos-arm64.jar;C:\Users\gunav\.gradle\caches\modules-2\files-2.1\io.github.spair\imgui-java-lwjgl3\1.89.0\ecaa154c833084700e8acb1c3a10c68761095516\imgui-java-lwjgl3-1.89.0.jar;C:\Users\gunav\.gradle\caches\modules-2\files-2.1\org.lwjgl\lwjgl-opengles\3.3.4\cf0a8dd7e132996648089fd3b018c26dfc687712\lwjgl-opengles-3.3.4.jar;C:\Users\gunav\.gradle\caches\modules-2\files-2.1\org.lwjgl\
Launcher Type: SUN_STANDARD

[Global flags]
     intx CICompilerCount                          = 12                                        {product} {ergonomic}
     uint ConcGCThreads                            = 3                                         {product} {ergonomic}
     uint G1ConcRefinementThreads                  = 13                                        {product} {ergonomic}
   size_t G1HeapRegionSize                         = 2097152                                   {product} {ergonomic}
    uintx GCDrainStackTargetSize                   = 64                                        {product} {ergonomic}
   size_t InitialHeapSize                          = 264241152                                 {product} {ergonomic}
   size_t MarkStackSize                            = 4194304                                   {product} {ergonomic}
   size_t MaxHeapSize                              = 4196401152                                {product} {ergonomic}
   size_t MaxNewSize                               = 2516582400                                {product} {ergonomic}
   size_t MinHeapDeltaBytes                        = 2097152                                   {product} {ergonomic}
   size_t MinHeapSize                              = 8388608                                   {product} {ergonomic}
    uintx NonNMethodCodeHeapSize                   = 7602480                                {pd product} {ergonomic}
    uintx NonProfiledCodeHeapSize                  = 122027880                              {pd product} {ergonomic}
    uintx ProfiledCodeHeapSize                     = 122027880                              {pd product} {ergonomic}
    uintx ReservedCodeCacheSize                    = 251658240                              {pd product} {ergonomic}
     bool SegmentedCodeCache                       = true                                      {product} {ergonomic}
     bool ShowCodeDetailsInExceptionMessages       = true                                   {manageable} {command line}
   size_t SoftMaxHeapSize                          = 4196401152                             {manageable} {ergonomic}
     bool UseCompressedClassPointers               = true                           {product lp64_product} {ergonomic}
     bool UseCompressedOops                        = true                           {product lp64_product} {ergonomic}
     bool UseG1GC                                  = true                                      {product} {ergonomic}
     bool UseLargePagesIndividualAllocation        = false                                  {pd product} {ergonomic}

Logging:
Log output configuration:
 #0: stdout all=warning uptime,level,tags
 #1: stderr all=off uptime,level,tags

Environment Variables:
JAVA_HOME=C:\Program Files\Eclipse Adoptium\jdk-8.0.432.6-hotspot\
PATH=C:\Python312\Scripts\;C:\Python312\;C:\Program Files\Python313\Scripts\;C:\Program Files\Python313\;C:\Program Files\Eclipse Adoptium\jdk-17.0.13.11-hotspot\bin;C:\Program Files\Eclipse Adoptium\jdk-8.0.432.6-hotspot\bin;C:\Program Files\Eclipse Adoptium\jre-8.0.432.6-hotspot\bin;C:\Windows\system32;C:\Windows;C:\Windows\System32\Wbem;C:\Windows\System32\WindowsPowerShell\v1.0\;C:\Windows\System32\OpenSSH\;C:\Program Files (x86)\NVIDIA Corporation\PhysX\Common;C:\Program Files\NVIDIA Corporation\NVIDIA NvDLISR;C:\WINDOWS\system32;C:\WINDOWS;C:\WINDOWS\System32\Wbem;C:\WINDOWS\System32\WindowsPowerShell\v1.0\;C:\WINDOWS\System32\OpenSSH\;C:\Program Files\Microsoft VS Code\bin;C:\Program Files\dotnet\;C:\ProgramData\chocolatey\bin;C:\Program Files\nodejs\;C:\Program Files\MongoDB\Server\8.0\bin;C:\Program Files\Git\cmd;C:\Users\gunav\.cargo\bin;C:\Users\gunav\AppData\Local\Microsoft\WindowsApps;C:\Users\gunav\AppData\Local\GitHubDesktop\bin;C:\Users\gunav\AppData\Roaming\npm;C:\Users\gunav\AppData\Local\Programs\mongosh\
USERNAME=gunav
OS=Windows_NT
PROCESSOR_IDENTIFIER=Intel64 Family 6 Model 154 Stepping 3, GenuineIntel
TMP=C:\Users\gunav\AppData\Local\Temp
TEMP=C:\Users\gunav\AppData\Local\Temp



Periodic native trim disabled


---------------  S Y S T E M  ---------------

OS:
 Windows 11 , 64 bit Build 22621 (10.0.22621.4974)
OS uptime: 0 days 17:22 hours

CPU: total 16 (initial active 16) (8 cores per cpu, 2 threads per core) family 6 model 154 stepping 3 microcode 0x423, cx8, cmov, fxsr, ht, mmx, 3dnowpref, sse, sse2, sse3, ssse3, sse4.1, sse4.2, popcnt, lzcnt, tsc, tscinvbit, avx, avx2, aes, erms, clmul, bmi1, bmi2, adx, sha, fma, vzeroupper, clflush, clflushopt, clwb
Processor Information for processor 0
  Max Mhz: 2500, Current Mhz: 2500, Mhz Limit: 2500
Processor Information for processor 1
  Max Mhz: 2500, Current Mhz: 2500, Mhz Limit: 2500
Processor Information for processor 2
  Max Mhz: 2500, Current Mhz: 2500, Mhz Limit: 2500
Processor Information for processor 3
  Max Mhz: 2500, Current Mhz: 2500, Mhz Limit: 2500
Processor Information for processor 4
  Max Mhz: 2500, Current Mhz: 2500, Mhz Limit: 2500
Processor Information for processor 5
  Max Mhz: 2500, Current Mhz: 2500, Mhz Limit: 2500
Processor Information for processor 6
  Max Mhz: 2500, Current Mhz: 2500, Mhz Limit: 2500
Processor Information for processor 7
  Max Mhz: 2500, Current Mhz: 2500, Mhz Limit: 2500
Processor Information for processor 8
  Max Mhz: 2500, Current Mhz: 1527, Mhz Limit: 2500
Processor Information for processor 9
  Max Mhz: 2500, Current Mhz: 1527, Mhz Limit: 2500
Processor Information for processor 10
  Max Mhz: 2500, Current Mhz: 1527, Mhz Limit: 2500
Processor Information for processor 11
  Max Mhz: 2500, Current Mhz: 1527, Mhz Limit: 2500
Processor Information for processor 12
  Max Mhz: 2500, Current Mhz: 1527, Mhz Limit: 2500
Processor Information for processor 13
  Max Mhz: 2500, Current Mhz: 1527, Mhz Limit: 2500
Processor Information for processor 14
  Max Mhz: 2500, Current Mhz: 1527, Mhz Limit: 2500
Processor Information for processor 15
  Max Mhz: 2500, Current Mhz: 1527, Mhz Limit: 2500

Memory: 4k page, system-wide physical 16004M (5831M free)
TotalPageFile size 30852M (AvailPageFile size 13320M)
current process WorkingSet (physical memory assigned to process): 183M, peak: 199M
current process commit charge ("private bytes"): 512M, peak: 513M

vm_info: OpenJDK 64-Bit Server VM (17.0.13+11) for windows-amd64 JRE (17.0.13+11), built on Oct 16 2024 00:10:08 by "admin" with MS VC++ 17.7 (VS2022)

END.
