#
# A fatal error has been detected by the Java Runtime Environment:
#
#  EXCEPTION_ACCESS_VIOLATION (0xc0000005) at pc=0x00007ffc09c3dbb7, pid=7068, tid=13140
#
# JRE version: Java(TM) SE Runtime Environment (17.0.10+11) (build 17.0.10+11-LTS-240)
# Java VM: Java HotSpot(TM) 64-Bit Server VM (17.0.10+11-LTS-240, mixed mode, sharing, tiered, compressed oops, compressed class ptrs, g1 gc, windows-amd64)
# Problematic frame:
# C  [lwjgl_opengl.dll+0xdbb7]
#
# No core dump will be written. Minidumps are not enabled by default on client versions of Windows
#
# If you would like to submit a bug report, please visit:
#   https://bugreport.java.com/bugreport/crash.jsp
# The crash happened outside the Java Virtual Machine in native code.
# See problematic frame for where to report the bug.
#

---------------  S U M M A R Y ------------

Command Line: -agentlib:jdwp=transport=dt_socket,server=n,suspend=y,address=localhost:59520 -XX:+ShowCodeDetailsInExceptionMessages org.PiEngine.Main

Host: AMD Ryzen 7 5800H with Radeon Graphics         , 16 cores, 15G,  Windows 11 , 64 bit Build 22621 (10.0.22621.2428)
Time: Sun Apr  6 22:12:26 2025 India Standard Time elapsed time: 0.291969 seconds (0d 0h 0m 0s)

---------------  T H R E A D  ---------------

Current thread (0x000002270338fe10):  JavaThread "main" [_thread_in_native, id=13140, stack(0x0000009271f00000,0x0000009272000000)]

Stack: [0x0000009271f00000,0x0000009272000000],  sp=0x0000009271fff4c8,  free space=1021k
Native frames: (J=compiled Java code, j=interpreted, Vv=VM code, C=native code)
C  [lwjgl_opengl.dll+0xdbb7]

Java frames: (J=compiled Java code, j=interpreted, Vv=VM code)
j  org.lwjgl.opengl.GL11C.glViewport(IIII)V+0
j  org.lwjgl.opengl.GL11.glViewport(IIII)V+4
j  org.PiEngine.Main.main([Ljava/lang/String;)V+28
v  ~StubRoutines::call_stub

siginfo: EXCEPTION_ACCESS_VIOLATION (0xc0000005), reading address 0x0000000000000a78


Registers:
RAX=0x0000000000000000, RBX=0x0000022768523778, RCX=0x0000000000000000, RDX=0x0000000000000000
RSP=0x0000009271fff4c8, RBP=0x0000009271fff558, RSI=0x0000009271fffa70, RDI=0x000002271209a322
R8 =0x0000000000000320, R9 =0x0000000000000258, R10=0x00000227120a1337, R11=0x0000000718897628
R12=0x0000000000000000, R13=0x0000022768523770, R14=0x0000009271fff590, R15=0x000002270338fe10
RIP=0x00007ffc09c3dbb7, EFLAGS=0x0000000000010206


Register to memory mapping:

RIP=0x00007ffc09c3dbb7 lwjgl_opengl.dll
RAX=0x0 is NULL
RBX={method} {0x0000022768523780} 'glViewport' '(IIII)V' in 'org/lwjgl/opengl/GL11C'
RCX=0x0 is NULL
RDX=0x0 is NULL
RSP=0x0000009271fff4c8 is pointing into the stack for thread: 0x000002270338fe10
RBP=0x0000009271fff558 is pointing into the stack for thread: 0x000002270338fe10
RSI=0x0000009271fffa70 is pointing into the stack for thread: 0x000002270338fe10
RDI=0x000002271209a322 is at code_begin+4546 in an Interpreter codelet
return entry points  [0x0000022712099160, 0x000002271209b380]  8736 bytes
R8 =0x0000000000000320 is an unknown value
R9 =0x0000000000000258 is an unknown value
R10=0x00000227120a1337 is at code_begin+1911 in an Interpreter codelet
method entry point (kind = native)  [0x00000227120a0bc0, 0x00000227120a1ce0]  4384 bytes
R11=0x0000000718897628 is an oop: java.lang.Class 
{0x0000000718897628} - klass: 'java/lang/Class'
 - ---- fields (total size 116 words):
 - private volatile transient 'classRedefinedCount' 'I' @12  0
 - private volatile transient 'cachedConstructor' 'Ljava/lang/reflect/Constructor;' @40  NULL (0)
 - private transient 'name' 'Ljava/lang/String;' @44  "org.lwjgl.opengl.GL11C"{0x00000007188979d8} (e3112f3b)
 - private transient 'module' 'Ljava/lang/Module;' @48  a 'java/lang/Module'{0x0000000718e6c000} (e31cd800)
 - private final 'classLoader' 'Ljava/lang/ClassLoader;' @52  a 'jdk/internal/loader/ClassLoaders$AppClassLoader'{0x0000000718e6be40} (e31cd7c8)
 - private transient 'classData' 'Ljava/lang/Object;' @56  NULL (0)
 - private transient 'packageName' 'Ljava/lang/String;' @60  "org.lwjgl.opengl"{0x0000000718bea668} (e317d4cd)
 - private final 'componentType' 'Ljava/lang/Class;' @64  NULL (0)
 - private volatile transient 'reflectionData' 'Ljava/lang/ref/SoftReference;' @68  NULL (0)
 - private volatile transient 'genericInfo' 'Lsun/reflect/generics/repository/ClassRepository;' @72  NULL (0)
 - private volatile transient 'enumConstants' '[Ljava/lang/Object;' @76  NULL (0)
 - private volatile transient 'enumConstantDirectory' 'Ljava/util/Map;' @80  NULL (0)
 - private volatile transient 'annotationData' 'Ljava/lang/Class$AnnotationData;' @84  NULL (0)
 - private volatile transient 'annotationType' 'Lsun/reflect/annotation/AnnotationType;' @88  NULL (0)
 - transient 'classValueMap' 'Ljava/lang/ClassValue$ClassValueMap;' @92  NULL (0)
 - signature: Lorg/lwjgl/opengl/GL11C;
 - fake entry for mirror: 'org/lwjgl/opengl/GL11C'
 - fake entry for array: NULL
 - fake entry for oop_size: 116
 - fake entry for static_oop_field_count: 0
 - public static final 'GL_NEVER' 'I' @112  512 (200)
 - public static final 'GL_LESS' 'I' @116  513 (201)
 - public static final 'GL_EQUAL' 'I' @120  514 (202)
 - public static final 'GL_LEQUAL' 'I' @124  515 (203)
 - public static final 'GL_GREATER' 'I' @128  516 (204)
 - public static final 'GL_NOTEQUAL' 'I' @132  517 (205)
 - public static final 'GL_GEQUAL' 'I' @136  518 (206)
 - public static final 'GL_ALWAYS' 'I' @140  519 (207)
 - public static final 'GL_DEPTH_BUFFER_BIT' 'I' @144  256 (100)
 - public static final 'GL_STENCIL_BUFFER_BIT' 'I' @148  1024 (400)
 - public static final 'GL_COLOR_BUFFER_BIT' 'I' @152  16384 (4000)
 - public static final 'GL_POINTS' 'I' @156  0
 - public static final 'GL_LINES' 'I' @160  1
 - public static final 'GL_LINE_LOOP' 'I' @164  2
 - public static final 'GL_LINE_STRIP' 'I' @168  3
 - public static final 'GL_TRIANGLES' 'I' @172  4
 - public static final 'GL_TRIANGLE_STRIP' 'I' @176  5
 - public static final 'GL_TRIANGLE_FAN' 'I' @180  6
 - public static final 'GL_QUADS' 'I' @184  7
 - public static final 'GL_ZERO' 'I' @188  0
 - public static final 'GL_ONE' 'I' @192  1
 - public static final 'GL_SRC_COLOR' 'I' @196  768 (300)
 - public static final 'GL_ONE_MINUS_SRC_COLOR' 'I' @200  769 (301)
 - public static final 'GL_SRC_ALPHA' 'I' @204  770 (302)
 - public static final 'GL_ONE_MINUS_SRC_ALPHA' 'I' @208  771 (303)
 - public static final 'GL_DST_ALPHA' 'I' @212  772 (304)
 - public static final 'GL_ONE_MINUS_DST_ALPHA' 'I' @216  773 (305)
 - public static final 'GL_DST_COLOR' 'I' @220  774 (306)
 - public static final 'GL_ONE_MINUS_DST_COLOR' 'I' @224  775 (307)
 - public static final 'GL_SRC_ALPHA_SATURATE' 'I' @228  776 (308)
 - public static final 'GL_TRUE' 'I' @232  1
 - public static final 'GL_FALSE' 'I' @236  0
 - public static final 'GL_BYTE' 'I' @240  5120 (1400)
 - public static final 'GL_UNSIGNED_BYTE' 'I' @244  5121 (1401)
 - public static final 'GL_SHORT' 'I' @248  5122 (1402)
 - public static final 'GL_UNSIGNED_SHORT' 'I' @252  5123 (1403)
 - public static final 'GL_INT' 'I' @256  5124 (1404)
 - public static final 'GL_UNSIGNED_INT' 'I' @260  5125 (1405)
 - public static final 'GL_FLOAT' 'I' @264  5126 (1406)
 - public static final 'GL_DOUBLE' 'I' @268  5130 (140a)
 - public static final 'GL_NONE' 'I' @272  0
 - public static final 'GL_FRONT_LEFT' 'I' @276  1024 (400)
 - public static final 'GL_FRONT_RIGHT' 'I' @280  1025 (401)
 - public static final 'GL_BACK_LEFT' 'I' @284  1026 (402)
 - public static final 'GL_BACK_RIGHT' 'I' @288  1027 (403)
 - public static final 'GL_FRONT' 'I' @292  1028 (404)
 - public static final 'GL_BACK' 'I' @296  1029 (405)
 - public static final 'GL_LEFT' 'I' @300  1030 (406)
 - public static final 'GL_RIGHT' 'I' @304  1031 (407)
 - public static final 'GL_FRONT_AND_BACK' 'I' @308  1032 (408)
 - public static final 'GL_NO_ERROR' 'I' @312  0
 - public static final 'GL_INVALID_ENUM' 'I' @316  1280 (500)
 - public static final 'GL_INVALID_VALUE' 'I' @320  1281 (501)
 - public static final 'GL_INVALID_OPERATION' 'I' @324  1282 (502)
 - public static final 'GL_STACK_OVERFLOW' 'I' @328  1283 (503)
 - public static final 'GL_STACK_UNDERFLOW' 'I' @332  1284 (504)
 - public static final 'GL_OUT_OF_MEMORY' 'I' @336  1285 (505)
 - public static final 'GL_CW' 'I' @340  2304 (900)
 - public static final 'GL_CCW' 'I' @344  2305 (901)
 - public static final 'GL_POINT_SIZE' 'I' @348  2833 (b11)
 - public static final 'GL_POINT_SIZE_RANGE' 'I' @352  2834 (b12)
 - public static final 'GL_POINT_SIZE_GRANULARITY' 'I' @356  2835 (b13)
 - public static final 'GL_LINE_SMOOTH' 'I' @360  2848 (b20)
 - public static final 'GL_LINE_WIDTH' 'I' @364  2849 (b21)
 - public static final 'GL_LINE_WIDTH_RANGE' 'I' @368  2850 (b22)
 - public static final 'GL_LINE_WIDTH_GRANULARITY' 'I' @372  2851 (b23)
 - public static final 'GL_POLYGON_MODE' 'I' @376  2880 (b40)
 - public static final 'GL_POLYGON_SMOOTH' 'I' @380  2881 (b41)
 - public static final 'GL_CULL_FACE' 'I' @384  2884 (b44)
 - public static final 'GL_CULL_FACE_MODE' 'I' @388  2885 (b45)
 - public static final 'GL_FRONT_FACE' 'I' @392  2886 (b46)
 - public static final 'GL_DEPTH_RANGE' 'I' @396  2928 (b70)
 - public static final 'GL_DEPTH_TEST' 'I' @400  2929 (b71)
 - public static final 'GL_DEPTH_WRITEMASK' 'I' @404  2930 (b72)
 - public static final 'GL_DEPTH_CLEAR_VALUE' 'I' @408  2931 (b73)
 - public static final 'GL_DEPTH_FUNC' 'I' @412  2932 (b74)
 - public static final 'GL_STENCIL_TEST' 'I' @416  2960 (b90)
 - public static final 'GL_STENCIL_CLEAR_VALUE' 'I' @420  2961 (b91)
 - public static final 'GL_STENCIL_FUNC' 'I' @424  2962 (b92)
 - public static final 'GL_STENCIL_VALUE_MASK' 'I' @428  2963 (b93)
 - public static final 'GL_STENCIL_FAIL' 'I' @432  2964 (b94)
 - public static final 'GL_STENCIL_PASS_DEPTH_FAIL' 'I' @436  2965 (b95)
 - public static final 'GL_STENCIL_PASS_DEPTH_PASS' 'I' @440  2966 (b96)
 - public static final 'GL_STENCIL_REF' 'I' @444  2967 (b97)
 - public static final 'GL_STENCIL_WRITEMASK' 'I' @448  2968 (b98)
 - public static final 'GL_VIEWPORT' 'I' @452  2978 (ba2)
 - public static final 'GL_DITHER' 'I' @456  3024 (bd0)
 - public static final 'GL_BLEND_DST' 'I' @460  3040 (be0)
 - public static final 'GL_BLEND_SRC' 'I' @464  3041 (be1)
 - public static final 'GL_BLEND' 'I' @468  3042 (be2)
 - public static final 'GL_LOGIC_OP_MODE' 'I' @472  3056 (bf0)
 - public static final 'GL_COLOR_LOGIC_OP' 'I' @476  3058 (bf2)
 - public static final 'GL_DRAW_BUFFER' 'I' @480  3073 (c01)
 - public static final 'GL_READ_BUFFER' 'I' @484  3074 (c02)
 - public static final 'GL_SCISSOR_BOX' 'I' @488  3088 (c10)
 - public static final 'GL_SCISSOR_TEST' 'I' @492  3089 (c11)
 - public static final 'GL_COLOR_CLEAR_VALUE' 'I' @496  3106 (c22)
 - public static final 'GL_COLOR_WRITEMASK' 'I' @500  3107 (c23)
 - public static final 'GL_DOUBLEBUFFER' 'I' @504  3122 (c32)
 - public static final 'GL_STEREO' 'I' @508  3123 (c33)
 - public static final 'GL_LINE_SMOOTH_HINT' 'I' @512  3154 (c52)
 - public static final 'GL_POLYGON_SMOOTH_HINT' 'I' @516  3155 (c53)
 - public static final 'GL_UNPACK_SWAP_BYTES' 'I' @520  3312 (cf0)
 - public static final 'GL_UNPACK_LSB_FIRST' 'I' @524  3313 (cf1)
 - public static final 'GL_UNPACK_ROW_LENGTH' 'I' @528  3314 (cf2)
 - public static final 'GL_UNPACK_SKIP_ROWS' 'I' @532  3315 (cf3)
 - public static final 'GL_UNPACK_SKIP_PIXELS' 'I' @536  3316 (cf4)
 - public static final 'GL_UNPACK_ALIGNMENT' 'I' @540  3317 (cf5)
 - public static final 'GL_PACK_SWAP_BYTES' 'I' @544  3328 (d00)
 - public static final 'GL_PACK_LSB_FIRST' 'I' @548  3329 (d01)
 - public static final 'GL_PACK_ROW_LENGTH' 'I' @552  3330 (d02)
 - public static final 'GL_PACK_SKIP_ROWS' 'I' @556  3331 (d03)
 - public static final 'GL_PACK_SKIP_PIXELS' 'I' @560  3332 (d04)
 - public static final 'GL_PACK_ALIGNMENT' 'I' @564  3333 (d05)
 - public static final 'GL_MAX_TEXTURE_SIZE' 'I' @568  3379 (d33)
 - public static final 'GL_MAX_VIEWPORT_DIMS' 'I' @572  3386 (d3a)
 - public static final 'GL_SUBPIXEL_BITS' 'I' @576  3408 (d50)
 - public static final 'GL_TEXTURE_1D' 'I' @580  3552 (de0)
 - public static final 'GL_TEXTURE_2D' 'I' @584  3553 (de1)
 - public static final 'GL_TEXTURE_WIDTH' 'I' @588  4096 (1000)
 - public static final 'GL_TEXTURE_HEIGHT' 'I' @592  4097 (1001)
 - public static final 'GL_TEXTURE_INTERNAL_FORMAT' 'I' @596  4099 (1003)
 - public static final 'GL_TEXTURE_BORDER_COLOR' 'I' @600  4100 (1004)
 - public static final 'GL_DONT_CARE' 'I' @604  4352 (1100)
 - public static final 'GL_FASTEST' 'I' @608  4353 (1101)
 - public static final 'GL_NICEST' 'I' @612  4354 (1102)
 - public static final 'GL_CLEAR' 'I' @616  5376 (1500)
 - public static final 'GL_AND' 'I' @620  5377 (1501)
 - public static final 'GL_AND_REVERSE' 'I' @624  5378 (1502)
 - public static final 'GL_COPY' 'I' @628  5379 (1503)
 - public static final 'GL_AND_INVERTED' 'I' @632  5380 (1504)
 - public static final 'GL_NOOP' 'I' @636  5381 (1505)
 - public static final 'GL_XOR' 'I' @640  5382 (1506)
 - public static final 'GL_OR' 'I' @644  5383 (1507)
 - public static final 'GL_NOR' 'I' @648  5384 (1508)
 - public static final 'GL_EQUIV' 'I' @652  5385 (1509)
 - public static final 'GL_INVERT' 'I' @656  5386 (150a)
 - public static final 'GL_OR_REVERSE' 'I' @660  5387 (150b)
 - public static final 'GL_COPY_INVERTED' 'I' @664  5388 (150c)
 - public static final 'GL_OR_INVERTED' 'I' @668  5389 (150d)
 - public static final 'GL_NAND' 'I' @672  5390 (150e)
 - public static final 'GL_SET' 'I' @676  5391 (150f)
 - public static final 'GL_TEXTURE' 'I' @680  5890 (1702)
 - public static final 'GL_COLOR' 'I' @684  6144 (1800)
 - public static final 'GL_DEPTH' 'I' @688  6145 (1801)
 - public static final 'GL_STENCIL' 'I' @692  6146 (1802)
 - public static final 'GL_STENCIL_INDEX' 'I' @696  6401 (1901)
 - public static final 'GL_DEPTH_COMPONENT' 'I' @700  6402 (1902)
 - public static final 'GL_RED' 'I' @704  6403 (1903)
 - public static final 'GL_GREEN' 'I' @708  6404 (1904)
 - public static final 'GL_BLUE' 'I' @712  6405 (1905)
 - public static final 'GL_ALPHA' 'I' @716  6406 (1906)
 - public static final 'GL_RGB' 'I' @720  6407 (1907)
 - public static final 'GL_RGBA' 'I' @724  6408 (1908)
 - public static final 'GL_POINT' 'I' @728  6912 (1b00)
 - public static final 'GL_LINE' 'I' @732  6913 (1b01)
 - public static final 'GL_FILL' 'I' @736  6914 (1b02)
 - public static final 'GL_KEEP' 'I' @740  7680 (1e00)
 - public static final 'GL_REPLACE' 'I' @744  7681 (1e01)
 - public static final 'GL_INCR' 'I' @748  7682 (1e02)
 - public static final 'GL_DECR' 'I' @752  7683 (1e03)
 - public static final 'GL_VENDOR' 'I' @756  7936 (1f00)
 - public static final 'GL_RENDERER' 'I' @760  7937 (1f01)
 - public static final 'GL_VERSION' 'I' @764  7938 (1f02)
 - public static final 'GL_EXTENSIONS' 'I' @768  7939 (1f03)
 - public static final 'GL_NEAREST' 'I' @772  9728 (2600)
 - public static final 'GL_LINEAR' 'I' @776  9729 (2601)
 - public static final 'GL_NEAREST_MIPMAP_NEAREST' 'I' @780  9984 (2700)
 - public static final 'GL_LINEAR_MIPMAP_NEAREST' 'I' @784  9985 (2701)
 - public static final 'GL_NEAREST_MIPMAP_LINEAR' 'I' @788  9986 (2702)
 - public static final 'GL_LINEAR_MIPMAP_LINEAR' 'I' @792  9987 (2703)
 - public static final 'GL_TEXTURE_MAG_FILTER' 'I' @796  10240 (2800)
 - public static final 'GL_TEXTURE_MIN_FILTER' 'I' @800  10241 (2801)
 - public static final 'GL_TEXTURE_WRAP_S' 'I' @804  10242 (2802)
 - public static final 'GL_TEXTURE_WRAP_T' 'I' @808  10243 (2803)
 - public static final 'GL_REPEAT' 'I' @812  10497 (2901)
 - public static final 'GL_POLYGON_OFFSET_FACTOR' 'I' @816  32824 (8038)
 - public static final 'GL_POLYGON_OFFSET_UNITS' 'I' @820  10752 (2a00)
 - public static final 'GL_POLYGON_OFFSET_POINT' 'I' @824  10753 (2a01)
 - public static final 'GL_POLYGON_OFFSET_LINE' 'I' @828  10754 (2a02)
 - public static final 'GL_POLYGON_OFFSET_FILL' 'I' @832  32823 (8037)
 - public static final 'GL_R3_G3_B2' 'I' @836  10768 (2a10)
 - public static final 'GL_RGB4' 'I' @840  32847 (804f)
 - public static final 'GL_RGB5' 'I' @844  32848 (8050)
 - public static final 'GL_RGB8' 'I' @848  32849 (8051)
 - public static final 'GL_RGB10' 'I' @852  32850 (8052)
 - public static final 'GL_RGB12' 'I' @856  32851 (8053)
 - public static final 'GL_RGB16' 'I' @860  32852 (8054)
 - public static final 'GL_RGBA2' 'I' @864  32853 (8055)
 - public static final 'GL_RGBA4' 'I' @868  32854 (8056)
 - public static final 'GL_RGB5_A1' 'I' @872  32855 (8057)
 - public static final 'GL_RGBA8' 'I' @876  32856 (8058)
 - public static final 'GL_RGB10_A2' 'I' @880  32857 (8059)
 - public static final 'GL_RGBA12' 'I' @884  32858 (805a)
 - public static final 'GL_RGBA16' 'I' @888  32859 (805b)
 - public static final 'GL_TEXTURE_RED_SIZE' 'I' @892  32860 (805c)
 - public static final 'GL_TEXTURE_GREEN_SIZE' 'I' @896  32861 (805d)
 - public static final 'GL_TEXTURE_BLUE_SIZE' 'I' @900  32862 (805e)
 - public static final 'GL_TEXTURE_ALPHA_SIZE' 'I' @904  32863 (805f)
 - public static final 'GL_PROXY_TEXTURE_1D' 'I' @908  32867 (8063)
 - public static final 'GL_PROXY_TEXTURE_2D' 'I' @912  32868 (8064)
 - public static final 'GL_TEXTURE_BINDING_1D' 'I' @916  32872 (8068)
 - public static final 'GL_TEXTURE_BINDING_2D' 'I' @920  32873 (8069)
 - public static final 'GL_VERTEX_ARRAY' 'I' @924  32884 (8074)
R12=0x0 is NULL
R13=0x0000022768523770 is pointing into metadata
R14=0x0000009271fff590 is pointing into the stack for thread: 0x000002270338fe10
R15=0x000002270338fe10 is a thread


Top of Stack: (sp=0x0000009271fff4c8)
0x0000009271fff4c8:   00000227120a1366 000002271209a322
0x0000009271fff4d8:   00000227120a0cbc 0000022768523778
0x0000009271fff4e8:   0000009271fffa70 3ff0000000000320
0x0000009271fff4f8:   0000022700000258 0000009271fffa70
0x0000009271fff508:   00000227120a0c76 0000009271fff510
0x0000009271fff518:   0000022768523770 0000009271fff590
0x0000009271fff528:   0000022768526c60 0000000000000000
0x0000009271fff538:   0000000718897628 0000022768523778
0x0000009271fff548:   0000000000000000 0000009271fff578
0x0000009271fff558:   0000009271fff5e0 0000022712099efa
0x0000009271fff568:   0000000718897628 000002271209d4f8
0x0000009271fff578:   0000000000000258 0000000000000320
0x0000009271fff588:   0000000000000000 0000000000000000
0x0000009271fff598:   0000009271fff598 00000227684fd024
0x0000009271fff5a8:   0000009271fff608 0000022768508000
0x0000009271fff5b8:   0000000000000000 0000000718bfe4c0 

Instructions: (pc=0x00007ffc09c3dbb7)
0x00007ffc09c3dab7:   00 00 89 c1 49 ff e1 cc cc 56 57 48 83 ec 38 44
0x00007ffc09c3dac7:   89 ca 44 89 c0 44 8b 44 24 70 44 8b 4c 24 78 44
0x00007ffc09c3dad7:   8b 94 24 80 00 00 00 44 8b 9c 24 88 00 00 00 48
0x00007ffc09c3dae7:   8b b4 24 90 00 00 00 48 8b 09 48 8b 79 18 48 89
0x00007ffc09c3daf7:   74 24 30 44 89 5c 24 28 44 89 54 24 20 89 c1 ff
0x00007ffc09c3db07:   97 90 09 00 00 90 48 83 c4 38 5f 5e c3 cc cc cc
0x00007ffc09c3db17:   cc cc cc cc cc cc cc cc cc 41 56 56 57 53 48 83
0x00007ffc09c3db27:   ec 48 44 89 ca 44 89 c0 44 8b 84 24 90 00 00 00
0x00007ffc09c3db37:   44 8b 8c 24 98 00 00 00 44 8b 94 24 a0 00 00 00
0x00007ffc09c3db47:   44 8b 9c 24 a8 00 00 00 8b b4 24 b0 00 00 00 8b
0x00007ffc09c3db57:   bc 24 b8 00 00 00 48 8b 9c 24 c0 00 00 00 48 8b
0x00007ffc09c3db67:   09 4c 8b 71 18 48 89 5c 24 40 89 7c 24 38 89 74
0x00007ffc09c3db77:   24 30 44 89 5c 24 28 44 89 54 24 20 89 c1 41 ff
0x00007ffc09c3db87:   96 98 09 00 00 90 48 83 c4 48 5b 5f 5e 41 5e c3
0x00007ffc09c3db97:   cc cc cc cc cc cc cc cc cc 44 89 ca 44 89 c0 44
0x00007ffc09c3dba7:   8b 44 24 28 44 8b 4c 24 30 48 8b 09 48 8b 49 18
0x00007ffc09c3dbb7:   4c 8b 91 78 0a 00 00 89 c1 49 ff e2 cc cc cc cc
0x00007ffc09c3dbc7:   cc cc cc cc cc cc cc cc cc 41 57 41 56 56 57 53
0x00007ffc09c3dbd7:   48 83 ec 50 44 89 ca 44 89 c0 44 8b 84 24 a0 00
0x00007ffc09c3dbe7:   00 00 44 8b 8c 24 a8 00 00 00 44 8b 94 24 b0 00
0x00007ffc09c3dbf7:   00 00 44 8b 9c 24 b8 00 00 00 8b b4 24 c0 00 00
0x00007ffc09c3dc07:   00 8b bc 24 c8 00 00 00 8b 9c 24 d0 00 00 00 4c
0x00007ffc09c3dc17:   8b b4 24 d8 00 00 00 48 8b 09 4c 8b 79 18 4c 89
0x00007ffc09c3dc27:   74 24 48 89 5c 24 40 89 7c 24 38 89 74 24 30 44
0x00007ffc09c3dc37:   89 5c 24 28 44 89 54 24 20 89 c1 41 ff 97 80 0a
0x00007ffc09c3dc47:   00 00 90 48 83 c4 50 5b 5f 5e 41 5e 41 5f c3 cc
0x00007ffc09c3dc57:   cc cc cc cc cc cc cc cc cc 41 57 41 56 56 57 55
0x00007ffc09c3dc67:   53 48 83 ec 58 44 89 ca 44 89 c0 44 8b 84 24 b0
0x00007ffc09c3dc77:   00 00 00 44 8b 8c 24 b8 00 00 00 44 8b 94 24 c0
0x00007ffc09c3dc87:   00 00 00 44 8b 9c 24 c8 00 00 00 8b b4 24 d0 00
0x00007ffc09c3dc97:   00 00 8b bc 24 d8 00 00 00 8b 9c 24 e0 00 00 00
0x00007ffc09c3dca7:   8b ac 24 e8 00 00 00 4c 8b b4 24 f0 00 00 00 48 


Stack slot to memory mapping:
stack at sp + 0 slots: 0x00000227120a1366 is at code_begin+1958 in an Interpreter codelet
method entry point (kind = native)  [0x00000227120a0bc0, 0x00000227120a1ce0]  4384 bytes
stack at sp + 1 slots: 0x000002271209a322 is at code_begin+4546 in an Interpreter codelet
return entry points  [0x0000022712099160, 0x000002271209b380]  8736 bytes
stack at sp + 2 slots: 0x00000227120a0cbc is at code_begin+252 in an Interpreter codelet
method entry point (kind = native)  [0x00000227120a0bc0, 0x00000227120a1ce0]  4384 bytes
stack at sp + 3 slots: {method} {0x0000022768523780} 'glViewport' '(IIII)V' in 'org/lwjgl/opengl/GL11C'
stack at sp + 4 slots: 0x0000009271fffa70 is pointing into the stack for thread: 0x000002270338fe10
stack at sp + 5 slots: 0x3ff0000000000320 is an unknown value
stack at sp + 6 slots: 0x0000022700000258 is an unknown value
stack at sp + 7 slots: 0x0000009271fffa70 is pointing into the stack for thread: 0x000002270338fe10


---------------  P R O C E S S  ---------------

Threads class SMR info:
_java_thread_list=0x0000022726abcd40, length=19, elements={
0x000002270338fe10, 0x0000022726803370, 0x0000022726805000, 0x0000022726919ee0,
0x000002272691b8b0, 0x000002272691c270, 0x000002272691cc30, 0x000002272691f9e0,
0x000002272692b9a0, 0x0000022726938ee0, 0x0000022726a51cb0, 0x0000022726a58910,
0x0000022726ab0be0, 0x0000022726ab4290, 0x0000022726ab4990, 0x0000022726abafd0,
0x0000022726ac4740, 0x000002276c3ce390, 0x000002276c69a770
}

Java Threads: ( => current thread )
=>0x000002270338fe10 JavaThread "main" [_thread_in_native, id=13140, stack(0x0000009271f00000,0x0000009272000000)]
  0x0000022726803370 JavaThread "Reference Handler" daemon [_thread_blocked, id=17608, stack(0x0000009272600000,0x0000009272700000)]
  0x0000022726805000 JavaThread "Finalizer" daemon [_thread_blocked, id=5164, stack(0x0000009272700000,0x0000009272800000)]
  0x0000022726919ee0 JavaThread "Signal Dispatcher" daemon [_thread_blocked, id=18156, stack(0x0000009272800000,0x0000009272900000)]
  0x000002272691b8b0 JavaThread "Attach Listener" daemon [_thread_blocked, id=17460, stack(0x0000009272900000,0x0000009272a00000)]
  0x000002272691c270 JavaThread "Service Thread" daemon [_thread_blocked, id=15880, stack(0x0000009272a00000,0x0000009272b00000)]
  0x000002272691cc30 JavaThread "Monitor Deflation Thread" daemon [_thread_blocked, id=15964, stack(0x0000009272b00000,0x0000009272c00000)]
  0x000002272691f9e0 JavaThread "C2 CompilerThread0" daemon [_thread_blocked, id=19636, stack(0x0000009272c00000,0x0000009272d00000)]
  0x000002272692b9a0 JavaThread "C1 CompilerThread0" daemon [_thread_blocked, id=8148, stack(0x0000009272d00000,0x0000009272e00000)]
  0x0000022726938ee0 JavaThread "Sweeper thread" daemon [_thread_blocked, id=11648, stack(0x0000009272e00000,0x0000009272f00000)]
  0x0000022726a51cb0 JavaThread "C1 CompilerThread1" daemon [_thread_blocked, id=17088, stack(0x0000009272f00000,0x0000009273000000)]
  0x0000022726a58910 JavaThread "C1 CompilerThread2" daemon [_thread_blocked, id=14864, stack(0x0000009273000000,0x0000009273100000)]
  0x0000022726ab0be0 JavaThread "JDWP Transport Listener: dt_socket" daemon [_thread_blocked, id=18896, stack(0x0000009273100000,0x0000009273200000)]
  0x0000022726ab4290 JavaThread "JDWP Event Helper Thread" daemon [_thread_blocked, id=20112, stack(0x0000009273200000,0x0000009273300000)]
  0x0000022726ab4990 JavaThread "JDWP Command Reader" daemon [_thread_in_native, id=9184, stack(0x0000009273300000,0x0000009273400000)]
  0x0000022726abafd0 JavaThread "Notification Thread" daemon [_thread_blocked, id=15556, stack(0x0000009273400000,0x0000009273500000)]
  0x0000022726ac4740 JavaThread "Common-Cleaner" daemon [_thread_blocked, id=11184, stack(0x0000009273600000,0x0000009273700000)]
  0x000002276c3ce390 JavaThread "C2 CompilerThread1" daemon [_thread_blocked, id=15872, stack(0x0000009273700000,0x0000009273800000)]
  0x000002276c69a770 JavaThread "C1 CompilerThread3" daemon [_thread_blocked, id=16584, stack(0x0000009273b00000,0x0000009273c00000)]

Other Threads:
  0x00000227267ff870 VMThread "VM Thread" [stack: 0x0000009272500000,0x0000009272600000] [id=10764]
  0x0000022726ac0b50 WatcherThread [stack: 0x0000009273500000,0x0000009273600000] [id=20696]
  0x00000227033fe870 GCTaskThread "GC Thread#0" [stack: 0x0000009272000000,0x0000009272100000] [id=9076]
  0x000002270340ee40 ConcurrentGCThread "G1 Main Marker" [stack: 0x0000009272100000,0x0000009272200000] [id=19648]
  0x0000022703411000 ConcurrentGCThread "G1 Conc#0" [stack: 0x0000009272200000,0x0000009272300000] [id=4808]
  0x000002270345e8a0 ConcurrentGCThread "G1 Refine#0" [stack: 0x0000009272300000,0x0000009272400000] [id=17944]
  0x00000227266b9830 ConcurrentGCThread "G1 Service" [stack: 0x0000009272400000,0x0000009272500000] [id=9444]

Threads with active compile tasks:

VM state: not at safepoint (normal execution)

VM Mutex/Monitor currently owned by a thread: None

Heap address: 0x0000000709800000, size: 3944 MB, Compressed Oops mode: Zero based, Oop shift amount: 3

CDS archive(s) mapped at: [0x0000022727000000-0x0000022727bd0000-0x0000022727bd0000), size 12386304, SharedBaseAddress: 0x0000022727000000, ArchiveRelocationMode: 1.
Compressed class space mapped at: 0x0000022728000000-0x0000022768000000, reserved size: 1073741824
Narrow klass base: 0x0000022727000000, Narrow klass shift: 0, Narrow klass range: 0x100000000

GC Precious Log:
 CPUs: 16 total, 16 available
 Memory: 15773M
 Large Page Support: Disabled
 NUMA Support: Disabled
 Compressed Oops: Enabled (Zero based)
 Heap Region Size: 2M
 Heap Min Capacity: 8M
 Heap Initial Capacity: 248M
 Heap Max Capacity: 3944M
 Pre-touch: Disabled
 Parallel Workers: 13
 Concurrent Workers: 3
 Concurrent Refinement Workers: 13
 Periodic GC: Disabled

Heap:
 garbage-first heap   total 253952K, used 6144K [0x0000000709800000, 0x0000000800000000)
  region size 2048K, 4 young (8192K), 0 survivors (0K)
 Metaspace       used 2912K, committed 3136K, reserved 1114112K
  class space    used 194K, committed 320K, reserved 1048576K

Heap Regions: E=young(eden), S=young(survivor), O=old, HS=humongous(starts), HC=humongous(continues), CS=collection set, F=free, OA=open archive, CA=closed archive, TAMS=top-at-mark-start (previous, next)
|   0|0x0000000709800000, 0x0000000709800000, 0x0000000709a00000|  0%| F|  |TAMS 0x0000000709800000, 0x0000000709800000| Untracked 
|   1|0x0000000709a00000, 0x0000000709a00000, 0x0000000709c00000|  0%| F|  |TAMS 0x0000000709a00000, 0x0000000709a00000| Untracked 
|   2|0x0000000709c00000, 0x0000000709c00000, 0x0000000709e00000|  0%| F|  |TAMS 0x0000000709c00000, 0x0000000709c00000| Untracked 
|   3|0x0000000709e00000, 0x0000000709e00000, 0x000000070a000000|  0%| F|  |TAMS 0x0000000709e00000, 0x0000000709e00000| Untracked 
|   4|0x000000070a000000, 0x000000070a000000, 0x000000070a200000|  0%| F|  |TAMS 0x000000070a000000, 0x000000070a000000| Untracked 
|   5|0x000000070a200000, 0x000000070a200000, 0x000000070a400000|  0%| F|  |TAMS 0x000000070a200000, 0x000000070a200000| Untracked 
|   6|0x000000070a400000, 0x000000070a400000, 0x000000070a600000|  0%| F|  |TAMS 0x000000070a400000, 0x000000070a400000| Untracked 
|   7|0x000000070a600000, 0x000000070a600000, 0x000000070a800000|  0%| F|  |TAMS 0x000000070a600000, 0x000000070a600000| Untracked 
|   8|0x000000070a800000, 0x000000070a800000, 0x000000070aa00000|  0%| F|  |TAMS 0x000000070a800000, 0x000000070a800000| Untracked 
|   9|0x000000070aa00000, 0x000000070aa00000, 0x000000070ac00000|  0%| F|  |TAMS 0x000000070aa00000, 0x000000070aa00000| Untracked 
|  10|0x000000070ac00000, 0x000000070ac00000, 0x000000070ae00000|  0%| F|  |TAMS 0x000000070ac00000, 0x000000070ac00000| Untracked 
|  11|0x000000070ae00000, 0x000000070ae00000, 0x000000070b000000|  0%| F|  |TAMS 0x000000070ae00000, 0x000000070ae00000| Untracked 
|  12|0x000000070b000000, 0x000000070b000000, 0x000000070b200000|  0%| F|  |TAMS 0x000000070b000000, 0x000000070b000000| Untracked 
|  13|0x000000070b200000, 0x000000070b200000, 0x000000070b400000|  0%| F|  |TAMS 0x000000070b200000, 0x000000070b200000| Untracked 
|  14|0x000000070b400000, 0x000000070b400000, 0x000000070b600000|  0%| F|  |TAMS 0x000000070b400000, 0x000000070b400000| Untracked 
|  15|0x000000070b600000, 0x000000070b600000, 0x000000070b800000|  0%| F|  |TAMS 0x000000070b600000, 0x000000070b600000| Untracked 
|  16|0x000000070b800000, 0x000000070b800000, 0x000000070ba00000|  0%| F|  |TAMS 0x000000070b800000, 0x000000070b800000| Untracked 
|  17|0x000000070ba00000, 0x000000070ba00000, 0x000000070bc00000|  0%| F|  |TAMS 0x000000070ba00000, 0x000000070ba00000| Untracked 
|  18|0x000000070bc00000, 0x000000070bc00000, 0x000000070be00000|  0%| F|  |TAMS 0x000000070bc00000, 0x000000070bc00000| Untracked 
|  19|0x000000070be00000, 0x000000070be00000, 0x000000070c000000|  0%| F|  |TAMS 0x000000070be00000, 0x000000070be00000| Untracked 
|  20|0x000000070c000000, 0x000000070c000000, 0x000000070c200000|  0%| F|  |TAMS 0x000000070c000000, 0x000000070c000000| Untracked 
|  21|0x000000070c200000, 0x000000070c200000, 0x000000070c400000|  0%| F|  |TAMS 0x000000070c200000, 0x000000070c200000| Untracked 
|  22|0x000000070c400000, 0x000000070c400000, 0x000000070c600000|  0%| F|  |TAMS 0x000000070c400000, 0x000000070c400000| Untracked 
|  23|0x000000070c600000, 0x000000070c600000, 0x000000070c800000|  0%| F|  |TAMS 0x000000070c600000, 0x000000070c600000| Untracked 
|  24|0x000000070c800000, 0x000000070c800000, 0x000000070ca00000|  0%| F|  |TAMS 0x000000070c800000, 0x000000070c800000| Untracked 
|  25|0x000000070ca00000, 0x000000070ca00000, 0x000000070cc00000|  0%| F|  |TAMS 0x000000070ca00000, 0x000000070ca00000| Untracked 
|  26|0x000000070cc00000, 0x000000070cc00000, 0x000000070ce00000|  0%| F|  |TAMS 0x000000070cc00000, 0x000000070cc00000| Untracked 
|  27|0x000000070ce00000, 0x000000070ce00000, 0x000000070d000000|  0%| F|  |TAMS 0x000000070ce00000, 0x000000070ce00000| Untracked 
|  28|0x000000070d000000, 0x000000070d000000, 0x000000070d200000|  0%| F|  |TAMS 0x000000070d000000, 0x000000070d000000| Untracked 
|  29|0x000000070d200000, 0x000000070d200000, 0x000000070d400000|  0%| F|  |TAMS 0x000000070d200000, 0x000000070d200000| Untracked 
|  30|0x000000070d400000, 0x000000070d400000, 0x000000070d600000|  0%| F|  |TAMS 0x000000070d400000, 0x000000070d400000| Untracked 
|  31|0x000000070d600000, 0x000000070d600000, 0x000000070d800000|  0%| F|  |TAMS 0x000000070d600000, 0x000000070d600000| Untracked 
|  32|0x000000070d800000, 0x000000070d800000, 0x000000070da00000|  0%| F|  |TAMS 0x000000070d800000, 0x000000070d800000| Untracked 
|  33|0x000000070da00000, 0x000000070da00000, 0x000000070dc00000|  0%| F|  |TAMS 0x000000070da00000, 0x000000070da00000| Untracked 
|  34|0x000000070dc00000, 0x000000070dc00000, 0x000000070de00000|  0%| F|  |TAMS 0x000000070dc00000, 0x000000070dc00000| Untracked 
|  35|0x000000070de00000, 0x000000070de00000, 0x000000070e000000|  0%| F|  |TAMS 0x000000070de00000, 0x000000070de00000| Untracked 
|  36|0x000000070e000000, 0x000000070e000000, 0x000000070e200000|  0%| F|  |TAMS 0x000000070e000000, 0x000000070e000000| Untracked 
|  37|0x000000070e200000, 0x000000070e200000, 0x000000070e400000|  0%| F|  |TAMS 0x000000070e200000, 0x000000070e200000| Untracked 
|  38|0x000000070e400000, 0x000000070e400000, 0x000000070e600000|  0%| F|  |TAMS 0x000000070e400000, 0x000000070e400000| Untracked 
|  39|0x000000070e600000, 0x000000070e600000, 0x000000070e800000|  0%| F|  |TAMS 0x000000070e600000, 0x000000070e600000| Untracked 
|  40|0x000000070e800000, 0x000000070e800000, 0x000000070ea00000|  0%| F|  |TAMS 0x000000070e800000, 0x000000070e800000| Untracked 
|  41|0x000000070ea00000, 0x000000070ea00000, 0x000000070ec00000|  0%| F|  |TAMS 0x000000070ea00000, 0x000000070ea00000| Untracked 
|  42|0x000000070ec00000, 0x000000070ec00000, 0x000000070ee00000|  0%| F|  |TAMS 0x000000070ec00000, 0x000000070ec00000| Untracked 
|  43|0x000000070ee00000, 0x000000070ee00000, 0x000000070f000000|  0%| F|  |TAMS 0x000000070ee00000, 0x000000070ee00000| Untracked 
|  44|0x000000070f000000, 0x000000070f000000, 0x000000070f200000|  0%| F|  |TAMS 0x000000070f000000, 0x000000070f000000| Untracked 
|  45|0x000000070f200000, 0x000000070f200000, 0x000000070f400000|  0%| F|  |TAMS 0x000000070f200000, 0x000000070f200000| Untracked 
|  46|0x000000070f400000, 0x000000070f400000, 0x000000070f600000|  0%| F|  |TAMS 0x000000070f400000, 0x000000070f400000| Untracked 
|  47|0x000000070f600000, 0x000000070f600000, 0x000000070f800000|  0%| F|  |TAMS 0x000000070f600000, 0x000000070f600000| Untracked 
|  48|0x000000070f800000, 0x000000070f800000, 0x000000070fa00000|  0%| F|  |TAMS 0x000000070f800000, 0x000000070f800000| Untracked 
|  49|0x000000070fa00000, 0x000000070fa00000, 0x000000070fc00000|  0%| F|  |TAMS 0x000000070fa00000, 0x000000070fa00000| Untracked 
|  50|0x000000070fc00000, 0x000000070fc00000, 0x000000070fe00000|  0%| F|  |TAMS 0x000000070fc00000, 0x000000070fc00000| Untracked 
|  51|0x000000070fe00000, 0x000000070fe00000, 0x0000000710000000|  0%| F|  |TAMS 0x000000070fe00000, 0x000000070fe00000| Untracked 
|  52|0x0000000710000000, 0x0000000710000000, 0x0000000710200000|  0%| F|  |TAMS 0x0000000710000000, 0x0000000710000000| Untracked 
|  53|0x0000000710200000, 0x0000000710200000, 0x0000000710400000|  0%| F|  |TAMS 0x0000000710200000, 0x0000000710200000| Untracked 
|  54|0x0000000710400000, 0x0000000710400000, 0x0000000710600000|  0%| F|  |TAMS 0x0000000710400000, 0x0000000710400000| Untracked 
|  55|0x0000000710600000, 0x0000000710600000, 0x0000000710800000|  0%| F|  |TAMS 0x0000000710600000, 0x0000000710600000| Untracked 
|  56|0x0000000710800000, 0x0000000710800000, 0x0000000710a00000|  0%| F|  |TAMS 0x0000000710800000, 0x0000000710800000| Untracked 
|  57|0x0000000710a00000, 0x0000000710a00000, 0x0000000710c00000|  0%| F|  |TAMS 0x0000000710a00000, 0x0000000710a00000| Untracked 
|  58|0x0000000710c00000, 0x0000000710c00000, 0x0000000710e00000|  0%| F|  |TAMS 0x0000000710c00000, 0x0000000710c00000| Untracked 
|  59|0x0000000710e00000, 0x0000000710e00000, 0x0000000711000000|  0%| F|  |TAMS 0x0000000710e00000, 0x0000000710e00000| Untracked 
|  60|0x0000000711000000, 0x0000000711000000, 0x0000000711200000|  0%| F|  |TAMS 0x0000000711000000, 0x0000000711000000| Untracked 
|  61|0x0000000711200000, 0x0000000711200000, 0x0000000711400000|  0%| F|  |TAMS 0x0000000711200000, 0x0000000711200000| Untracked 
|  62|0x0000000711400000, 0x0000000711400000, 0x0000000711600000|  0%| F|  |TAMS 0x0000000711400000, 0x0000000711400000| Untracked 
|  63|0x0000000711600000, 0x0000000711600000, 0x0000000711800000|  0%| F|  |TAMS 0x0000000711600000, 0x0000000711600000| Untracked 
|  64|0x0000000711800000, 0x0000000711800000, 0x0000000711a00000|  0%| F|  |TAMS 0x0000000711800000, 0x0000000711800000| Untracked 
|  65|0x0000000711a00000, 0x0000000711a00000, 0x0000000711c00000|  0%| F|  |TAMS 0x0000000711a00000, 0x0000000711a00000| Untracked 
|  66|0x0000000711c00000, 0x0000000711c00000, 0x0000000711e00000|  0%| F|  |TAMS 0x0000000711c00000, 0x0000000711c00000| Untracked 
|  67|0x0000000711e00000, 0x0000000711e00000, 0x0000000712000000|  0%| F|  |TAMS 0x0000000711e00000, 0x0000000711e00000| Untracked 
|  68|0x0000000712000000, 0x0000000712000000, 0x0000000712200000|  0%| F|  |TAMS 0x0000000712000000, 0x0000000712000000| Untracked 
|  69|0x0000000712200000, 0x0000000712200000, 0x0000000712400000|  0%| F|  |TAMS 0x0000000712200000, 0x0000000712200000| Untracked 
|  70|0x0000000712400000, 0x0000000712400000, 0x0000000712600000|  0%| F|  |TAMS 0x0000000712400000, 0x0000000712400000| Untracked 
|  71|0x0000000712600000, 0x0000000712600000, 0x0000000712800000|  0%| F|  |TAMS 0x0000000712600000, 0x0000000712600000| Untracked 
|  72|0x0000000712800000, 0x0000000712800000, 0x0000000712a00000|  0%| F|  |TAMS 0x0000000712800000, 0x0000000712800000| Untracked 
|  73|0x0000000712a00000, 0x0000000712a00000, 0x0000000712c00000|  0%| F|  |TAMS 0x0000000712a00000, 0x0000000712a00000| Untracked 
|  74|0x0000000712c00000, 0x0000000712c00000, 0x0000000712e00000|  0%| F|  |TAMS 0x0000000712c00000, 0x0000000712c00000| Untracked 
|  75|0x0000000712e00000, 0x0000000712e00000, 0x0000000713000000|  0%| F|  |TAMS 0x0000000712e00000, 0x0000000712e00000| Untracked 
|  76|0x0000000713000000, 0x0000000713000000, 0x0000000713200000|  0%| F|  |TAMS 0x0000000713000000, 0x0000000713000000| Untracked 
|  77|0x0000000713200000, 0x0000000713200000, 0x0000000713400000|  0%| F|  |TAMS 0x0000000713200000, 0x0000000713200000| Untracked 
|  78|0x0000000713400000, 0x0000000713400000, 0x0000000713600000|  0%| F|  |TAMS 0x0000000713400000, 0x0000000713400000| Untracked 
|  79|0x0000000713600000, 0x0000000713600000, 0x0000000713800000|  0%| F|  |TAMS 0x0000000713600000, 0x0000000713600000| Untracked 
|  80|0x0000000713800000, 0x0000000713800000, 0x0000000713a00000|  0%| F|  |TAMS 0x0000000713800000, 0x0000000713800000| Untracked 
|  81|0x0000000713a00000, 0x0000000713a00000, 0x0000000713c00000|  0%| F|  |TAMS 0x0000000713a00000, 0x0000000713a00000| Untracked 
|  82|0x0000000713c00000, 0x0000000713c00000, 0x0000000713e00000|  0%| F|  |TAMS 0x0000000713c00000, 0x0000000713c00000| Untracked 
|  83|0x0000000713e00000, 0x0000000713e00000, 0x0000000714000000|  0%| F|  |TAMS 0x0000000713e00000, 0x0000000713e00000| Untracked 
|  84|0x0000000714000000, 0x0000000714000000, 0x0000000714200000|  0%| F|  |TAMS 0x0000000714000000, 0x0000000714000000| Untracked 
|  85|0x0000000714200000, 0x0000000714200000, 0x0000000714400000|  0%| F|  |TAMS 0x0000000714200000, 0x0000000714200000| Untracked 
|  86|0x0000000714400000, 0x0000000714400000, 0x0000000714600000|  0%| F|  |TAMS 0x0000000714400000, 0x0000000714400000| Untracked 
|  87|0x0000000714600000, 0x0000000714600000, 0x0000000714800000|  0%| F|  |TAMS 0x0000000714600000, 0x0000000714600000| Untracked 
|  88|0x0000000714800000, 0x0000000714800000, 0x0000000714a00000|  0%| F|  |TAMS 0x0000000714800000, 0x0000000714800000| Untracked 
|  89|0x0000000714a00000, 0x0000000714a00000, 0x0000000714c00000|  0%| F|  |TAMS 0x0000000714a00000, 0x0000000714a00000| Untracked 
|  90|0x0000000714c00000, 0x0000000714c00000, 0x0000000714e00000|  0%| F|  |TAMS 0x0000000714c00000, 0x0000000714c00000| Untracked 
|  91|0x0000000714e00000, 0x0000000714e00000, 0x0000000715000000|  0%| F|  |TAMS 0x0000000714e00000, 0x0000000714e00000| Untracked 
|  92|0x0000000715000000, 0x0000000715000000, 0x0000000715200000|  0%| F|  |TAMS 0x0000000715000000, 0x0000000715000000| Untracked 
|  93|0x0000000715200000, 0x0000000715200000, 0x0000000715400000|  0%| F|  |TAMS 0x0000000715200000, 0x0000000715200000| Untracked 
|  94|0x0000000715400000, 0x0000000715400000, 0x0000000715600000|  0%| F|  |TAMS 0x0000000715400000, 0x0000000715400000| Untracked 
|  95|0x0000000715600000, 0x0000000715600000, 0x0000000715800000|  0%| F|  |TAMS 0x0000000715600000, 0x0000000715600000| Untracked 
|  96|0x0000000715800000, 0x0000000715800000, 0x0000000715a00000|  0%| F|  |TAMS 0x0000000715800000, 0x0000000715800000| Untracked 
|  97|0x0000000715a00000, 0x0000000715a00000, 0x0000000715c00000|  0%| F|  |TAMS 0x0000000715a00000, 0x0000000715a00000| Untracked 
|  98|0x0000000715c00000, 0x0000000715c00000, 0x0000000715e00000|  0%| F|  |TAMS 0x0000000715c00000, 0x0000000715c00000| Untracked 
|  99|0x0000000715e00000, 0x0000000715e00000, 0x0000000716000000|  0%| F|  |TAMS 0x0000000715e00000, 0x0000000715e00000| Untracked 
| 100|0x0000000716000000, 0x0000000716000000, 0x0000000716200000|  0%| F|  |TAMS 0x0000000716000000, 0x0000000716000000| Untracked 
| 101|0x0000000716200000, 0x0000000716200000, 0x0000000716400000|  0%| F|  |TAMS 0x0000000716200000, 0x0000000716200000| Untracked 
| 102|0x0000000716400000, 0x0000000716400000, 0x0000000716600000|  0%| F|  |TAMS 0x0000000716400000, 0x0000000716400000| Untracked 
| 103|0x0000000716600000, 0x0000000716600000, 0x0000000716800000|  0%| F|  |TAMS 0x0000000716600000, 0x0000000716600000| Untracked 
| 104|0x0000000716800000, 0x0000000716800000, 0x0000000716a00000|  0%| F|  |TAMS 0x0000000716800000, 0x0000000716800000| Untracked 
| 105|0x0000000716a00000, 0x0000000716a00000, 0x0000000716c00000|  0%| F|  |TAMS 0x0000000716a00000, 0x0000000716a00000| Untracked 
| 106|0x0000000716c00000, 0x0000000716c00000, 0x0000000716e00000|  0%| F|  |TAMS 0x0000000716c00000, 0x0000000716c00000| Untracked 
| 107|0x0000000716e00000, 0x0000000716e00000, 0x0000000717000000|  0%| F|  |TAMS 0x0000000716e00000, 0x0000000716e00000| Untracked 
| 108|0x0000000717000000, 0x0000000717000000, 0x0000000717200000|  0%| F|  |TAMS 0x0000000717000000, 0x0000000717000000| Untracked 
| 109|0x0000000717200000, 0x0000000717200000, 0x0000000717400000|  0%| F|  |TAMS 0x0000000717200000, 0x0000000717200000| Untracked 
| 110|0x0000000717400000, 0x0000000717400000, 0x0000000717600000|  0%| F|  |TAMS 0x0000000717400000, 0x0000000717400000| Untracked 
| 111|0x0000000717600000, 0x0000000717600000, 0x0000000717800000|  0%| F|  |TAMS 0x0000000717600000, 0x0000000717600000| Untracked 
| 112|0x0000000717800000, 0x0000000717800000, 0x0000000717a00000|  0%| F|  |TAMS 0x0000000717800000, 0x0000000717800000| Untracked 
| 113|0x0000000717a00000, 0x0000000717a00000, 0x0000000717c00000|  0%| F|  |TAMS 0x0000000717a00000, 0x0000000717a00000| Untracked 
| 114|0x0000000717c00000, 0x0000000717c00000, 0x0000000717e00000|  0%| F|  |TAMS 0x0000000717c00000, 0x0000000717c00000| Untracked 
| 115|0x0000000717e00000, 0x0000000717e00000, 0x0000000718000000|  0%| F|  |TAMS 0x0000000717e00000, 0x0000000717e00000| Untracked 
| 116|0x0000000718000000, 0x0000000718000000, 0x0000000718200000|  0%| F|  |TAMS 0x0000000718000000, 0x0000000718000000| Untracked 
| 117|0x0000000718200000, 0x0000000718200000, 0x0000000718400000|  0%| F|  |TAMS 0x0000000718200000, 0x0000000718200000| Untracked 
| 118|0x0000000718400000, 0x0000000718400000, 0x0000000718600000|  0%| F|  |TAMS 0x0000000718400000, 0x0000000718400000| Untracked 
| 119|0x0000000718600000, 0x0000000718600000, 0x0000000718800000|  0%| F|  |TAMS 0x0000000718600000, 0x0000000718600000| Untracked 
| 120|0x0000000718800000, 0x00000007188ae078, 0x0000000718a00000| 33%| E|  |TAMS 0x0000000718800000, 0x0000000718800000| Complete 
| 121|0x0000000718a00000, 0x0000000718c00000, 0x0000000718c00000|100%| E|CS|TAMS 0x0000000718a00000, 0x0000000718a00000| Complete 
| 122|0x0000000718c00000, 0x0000000718e00000, 0x0000000718e00000|100%| E|CS|TAMS 0x0000000718c00000, 0x0000000718c00000| Complete 
| 123|0x0000000718e00000, 0x0000000719000000, 0x0000000719000000|100%| E|CS|TAMS 0x0000000718e00000, 0x0000000718e00000| Complete 

Card table byte_map: [0x000002271acb0000,0x000002271b470000] _byte_map_base: 0x0000022717464000

Marking Bits (Prev, Next): (CMBitMap*) 0x00000227033fee90, (CMBitMap*) 0x00000227033feed0
 Prev Bits: [0x000002271bc30000, 0x000002271f9d0000)
 Next Bits: [0x000002271f9d0000, 0x0000022723770000)

Polling page: 0x0000022702b60000

Metaspace:

Usage:
  Non-class:      2.65 MB used.
      Class:    194.27 KB used.
       Both:      2.84 MB used.

Virtual space:
  Non-class space:       64.00 MB reserved,       2.75 MB (  4%) committed,  1 nodes.
      Class space:        1.00 GB reserved,     320.00 KB ( <1%) committed,  1 nodes.
             Both:        1.06 GB reserved,       3.06 MB ( <1%) committed. 

Chunk freelists:
   Non-Class:  10.84 MB
       Class:  15.67 MB
        Both:  26.51 MB

MaxMetaspaceSize: unlimited
CompressedClassSpaceSize: 1.00 GB
Initial GC threshold: 21.00 MB
Current GC threshold: 21.00 MB
CDS: on
MetaspaceReclaimPolicy: balanced
 - commit_granule_bytes: 65536.
 - commit_granule_words: 8192.
 - virtual_space_node_default_size: 8388608.
 - enlarge_chunks_in_place: 1.
 - new_chunks_are_fully_committed: 0.
 - uncommit_free_chunks: 1.
 - use_allocation_guard: 0.
 - handle_deallocations: 1.


Internal statistics:

num_allocs_failed_limit: 0.
num_arena_births: 62.
num_arena_deaths: 0.
num_vsnodes_births: 2.
num_vsnodes_deaths: 0.
num_space_committed: 49.
num_space_uncommitted: 0.
num_chunks_returned_to_freelist: 0.
num_chunks_taken_from_freelist: 125.
num_chunk_merges: 0.
num_chunk_splits: 80.
num_chunks_enlarged: 53.
num_inconsistent_stats: 0.

CodeHeap 'non-profiled nmethods': size=119168Kb used=167Kb max_used=167Kb free=119000Kb
 bounds [0x00000227127e0000, 0x0000022712a50000, 0x0000022719c40000]
CodeHeap 'profiled nmethods': size=119104Kb used=1010Kb max_used=1010Kb free=118093Kb
 bounds [0x000002270ac40000, 0x000002270aeb0000, 0x0000022712090000]
CodeHeap 'non-nmethods': size=7488Kb used=3344Kb max_used=3359Kb free=4143Kb
 bounds [0x0000022712090000, 0x00000227123e0000, 0x00000227127e0000]
 total_blobs=1628 nmethods=613 adapters=925
 compilation: enabled
              stopped_count=0, restarted_count=0
 full_count=0

Compilation events (20 events):
Event: 0.280 Thread 0x000002276c69a770 nmethod 598 0x000002270ad39010 code [0x000002270ad39240, 0x000002270ad39998]
Event: 0.280 Thread 0x000002272692b9a0  600       3       java.util.regex.Pattern::isSupplementary (21 bytes)
Event: 0.280 Thread 0x000002276c69a770  601       3       java.lang.Character::isSurrogate (18 bytes)
Event: 0.280 Thread 0x0000022726a51cb0  602       3       java.util.regex.Pattern::peek (26 bytes)
Event: 0.280 Thread 0x000002276c69a770 nmethod 601 0x000002270ad39d90 code [0x000002270ad39f20, 0x000002270ad3a0b8]
Event: 0.280 Thread 0x000002272692b9a0 nmethod 600 0x000002270ad3a190 code [0x000002270ad3a340, 0x000002270ad3a5b8]
Event: 0.281 Thread 0x0000022726a51cb0 nmethod 602 0x000002270ad3a690 code [0x000002270ad3a840, 0x000002270ad3aac8]
Event: 0.281 Thread 0x000002272692b9a0  607       3       sun.net.www.ParseUtil::firstEncodeIndex (86 bytes)
Event: 0.282 Thread 0x000002272692b9a0 nmethod 607 0x000002270ad3ac10 code [0x000002270ad3ae60, 0x000002270ad3b868]
Event: 0.283 Thread 0x0000022726a58910  608       1       java.net.URLStreamHandler::getDefaultPort (2 bytes)
Event: 0.283 Thread 0x0000022726a58910 nmethod 608 0x0000022712808710 code [0x00000227128088a0, 0x0000022712808978]
Event: 0.283 Thread 0x0000022726a58910  610       3       sun.misc.Unsafe::putLong (11 bytes)
Event: 0.283 Thread 0x000002276c69a770  611       3       org.lwjgl.system.MemoryUtil::memPutAddress (29 bytes)
Event: 0.283 Thread 0x0000022726a58910 nmethod 610 0x000002270ad3bc90 code [0x000002270ad3be20, 0x000002270ad3bf38]
Event: 0.283 Thread 0x000002276c69a770 nmethod 611 0x000002270ad3c010 code [0x000002270ad3c1c0, 0x000002270ad3c3b8]
Event: 0.283 Thread 0x000002276c3ce390  612       4       sun.misc.Unsafe::putLong (11 bytes)
Event: 0.283 Thread 0x000002276c69a770  613       3       java.lang.ref.PhantomReference::<init> (7 bytes)
Event: 0.284 Thread 0x000002276c69a770 nmethod 613 0x000002270ad3c490 code [0x000002270ad3c640, 0x000002270ad3c938]
Event: 0.284 Thread 0x000002276c3ce390 nmethod 612 0x0000022712808e10 code [0x0000022712808f80, 0x0000022712809038]
Event: 0.284 Thread 0x000002272691f9e0 nmethod 597 0x0000022712809110 code [0x00000227128092c0, 0x0000022712809988]

GC Heap History (0 events):
No events

Deoptimization events (20 events):
Event: 0.186 Thread 0x000002270338fe10 DEOPT PACKING pc=0x000002270aca8d3c sp=0x0000009271ffd640
Event: 0.186 Thread 0x000002270338fe10 DEOPT UNPACKING pc=0x00000227120e2b43 sp=0x0000009271ffcb20 mode 1
Event: 0.186 Thread 0x000002270338fe10 DEOPT PACKING pc=0x000002270aca8d3c sp=0x0000009271ffd640
Event: 0.186 Thread 0x000002270338fe10 DEOPT UNPACKING pc=0x00000227120e2b43 sp=0x0000009271ffcb20 mode 1
Event: 0.186 Thread 0x000002270338fe10 DEOPT PACKING pc=0x000002270aca8d3c sp=0x0000009271ffd640
Event: 0.186 Thread 0x000002270338fe10 DEOPT UNPACKING pc=0x00000227120e2b43 sp=0x0000009271ffcb20 mode 1
Event: 0.190 Thread 0x000002270338fe10 DEOPT PACKING pc=0x000002270aca8d3c sp=0x0000009271ffd5c0
Event: 0.190 Thread 0x000002270338fe10 DEOPT UNPACKING pc=0x00000227120e2b43 sp=0x0000009271ffcaa0 mode 1
Event: 0.242 Thread 0x000002270338fe10 DEOPT PACKING pc=0x000002270aca8d3c sp=0x0000009271ffc9c0
Event: 0.242 Thread 0x000002270338fe10 DEOPT UNPACKING pc=0x00000227120e2b43 sp=0x0000009271ffbea0 mode 1
Event: 0.242 Thread 0x000002270338fe10 DEOPT PACKING pc=0x000002270ad02494 sp=0x0000009271ffcc90
Event: 0.242 Thread 0x000002270338fe10 DEOPT UNPACKING pc=0x00000227120e2b43 sp=0x0000009271ffc200 mode 1
Event: 0.242 Thread 0x000002270338fe10 DEOPT PACKING pc=0x000002270aca8d3c sp=0x0000009271ffc9c0
Event: 0.242 Thread 0x000002270338fe10 DEOPT UNPACKING pc=0x00000227120e2b43 sp=0x0000009271ffbea0 mode 1
Event: 0.242 Thread 0x000002270338fe10 DEOPT PACKING pc=0x000002270ad02494 sp=0x0000009271ffcc90
Event: 0.242 Thread 0x000002270338fe10 DEOPT UNPACKING pc=0x00000227120e2b43 sp=0x0000009271ffc200 mode 1
Event: 0.242 Thread 0x000002270338fe10 DEOPT PACKING pc=0x000002270aca8d3c sp=0x0000009271ffc9c0
Event: 0.242 Thread 0x000002270338fe10 DEOPT UNPACKING pc=0x00000227120e2b43 sp=0x0000009271ffbea0 mode 1
Event: 0.242 Thread 0x000002270338fe10 DEOPT PACKING pc=0x000002270ad02494 sp=0x0000009271ffcc90
Event: 0.242 Thread 0x000002270338fe10 DEOPT UNPACKING pc=0x00000227120e2b43 sp=0x0000009271ffc200 mode 1

Classes unloaded (0 events):
No events

Classes redefined (0 events):
No events

Internal exceptions (20 events):
Event: 0.142 Thread 0x000002270338fe10 Exception <a 'java/lang/NoSuchMethodError'{0x0000000718d70758}: 'void java.lang.invoke.DirectMethodHandle$Holder.invokeStatic(java.lang.Object, java.lang.Object)'> (0x0000000718d70758) 
thrown [s\open\src\hotspot\share\interpreter\linkResolver.cpp, line 759]
Event: 0.143 Thread 0x000002270338fe10 Exception <a 'java/lang/NoSuchMethodError'{0x0000000718d79170}: 'void java.lang.invoke.DirectMethodHandle$Holder.invokeSpecial(java.lang.Object, java.lang.Object, java.lang.Object)'> (0x0000000718d79170) 
thrown [s\open\src\hotspot\share\interpreter\linkResolver.cpp, line 759]
Event: 0.145 Thread 0x000002270338fe10 Exception <a 'java/lang/NoSuchMethodError'{0x0000000718d8c4f8}: 'java.lang.Object java.lang.invoke.DirectMethodHandle$Holder.invokeStatic(java.lang.Object, java.lang.Object, int)'> (0x0000000718d8c4f8) 
thrown [s\open\src\hotspot\share\interpreter\linkResolver.cpp, line 759]
Event: 0.146 Thread 0x000002270338fe10 Exception <a 'java/lang/NoSuchMethodError'{0x0000000718d98268}: 'void java.lang.invoke.DelegatingMethodHandle$Holder.delegate(java.lang.Object, java.lang.Object, int, java.lang.Object)'> (0x0000000718d98268) 
thrown [s\open\src\hotspot\share\interpreter\linkResolver.cpp, line 759]
Event: 0.147 Thread 0x000002270338fe10 Exception <a 'java/lang/NoSuchMethodError'{0x0000000718d9c4a8}: 'int java.lang.invoke.DirectMethodHandle$Holder.invokeSpecial(java.lang.Object, java.lang.Object, java.lang.Object)'> (0x0000000718d9c4a8) 
thrown [s\open\src\hotspot\share\interpreter\linkResolver.cpp, line 759]
Event: 0.180 Thread 0x000002270338fe10 Exception <a 'sun/nio/fs/WindowsException'{0x0000000718a3a4c8}> (0x0000000718a3a4c8) 
thrown [s\open\src\hotspot\share\prims\jni.cpp, line 516]
Event: 0.181 Thread 0x000002270338fe10 Exception <a 'sun/nio/fs/WindowsException'{0x0000000718a3aa08}> (0x0000000718a3aa08) 
thrown [s\open\src\hotspot\share\prims\jni.cpp, line 516]
Event: 0.225 Thread 0x000002270338fe10 Exception <a 'sun/nio/fs/WindowsException'{0x0000000718af51a0}> (0x0000000718af51a0) 
thrown [s\open\src\hotspot\share\prims\jni.cpp, line 516]
Event: 0.225 Thread 0x000002270338fe10 Exception <a 'sun/nio/fs/WindowsException'{0x0000000718af54f8}> (0x0000000718af54f8) 
thrown [s\open\src\hotspot\share\prims\jni.cpp, line 516]
Event: 0.230 Thread 0x000002270338fe10 Exception <a 'java/lang/NoSuchMethodError'{0x0000000718b2c0f0}: 'java.lang.Object java.lang.invoke.DirectMethodHandle$Holder.invokeStaticInit(java.lang.Object)'> (0x0000000718b2c0f0) 
thrown [s\open\src\hotspot\share\interpreter\linkResolver.cpp, line 759]
Event: 0.234 Thread 0x000002270338fe10 Exception <a 'java/lang/NoSuchMethodError'{0x0000000718b4a6b0}: 'int java.lang.invoke.DirectMethodHandle$Holder.invokeStaticInit(java.lang.Object, java.lang.Object, int, long)'> (0x0000000718b4a6b0) 
thrown [s\open\src\hotspot\share\interpreter\linkResolver.cpp, line 759]
Event: 0.235 Thread 0x000002270338fe10 Exception <a 'java/lang/NoSuchMethodError'{0x0000000718b4ff78}: 'java.lang.Object java.lang.invoke.DirectMethodHandle$Holder.newInvokeSpecial(java.lang.Object, java.lang.Object, int)'> (0x0000000718b4ff78) 
thrown [s\open\src\hotspot\share\interpreter\linkResolver.cpp, line 759]
Event: 0.236 Thread 0x000002270338fe10 Exception <a 'java/lang/NoSuchMethodError'{0x0000000718b604e0}: 'int java.lang.invoke.DirectMethodHandle$Holder.invokeStaticInit(java.lang.Object, java.lang.Object, long, long)'> (0x0000000718b604e0) 
thrown [s\open\src\hotspot\share\interpreter\linkResolver.cpp, line 759]
Event: 0.237 Thread 0x000002270338fe10 Exception <a 'java/lang/NoSuchMethodError'{0x0000000718b665f0}: 'java.lang.Object java.lang.invoke.DirectMethodHandle$Holder.newInvokeSpecial(java.lang.Object, java.lang.Object, long)'> (0x0000000718b665f0) 
thrown [s\open\src\hotspot\share\interpreter\linkResolver.cpp, line 759]
Event: 0.237 Thread 0x000002270338fe10 Exception <a 'java/lang/NoSuchMethodError'{0x0000000718b6a638}: 'java.lang.Object java.lang.invoke.Invokers$Holder.linkToTargetMethod(java.lang.Object, long, java.lang.Object)'> (0x0000000718b6a638) 
thrown [s\open\src\hotspot\share\interpreter\linkResolver.cpp, line 759]
Event: 0.238 Thread 0x000002270338fe10 Exception <a 'java/lang/NoSuchMethodError'{0x0000000718b71d50}: 'int java.lang.invoke.DirectMethodHandle$Holder.invokeStaticInit(java.lang.Object, java.lang.Object, java.lang.Object, long)'> (0x0000000718b71d50) 
thrown [s\open\src\hotspot\share\interpreter\linkResolver.cpp, line 759]
Event: 0.273 Thread 0x000002270338fe10 Exception <a 'sun/nio/fs/WindowsException'{0x0000000718854680}> (0x0000000718854680) 
thrown [s\open\src\hotspot\share\prims\jni.cpp, line 516]
Event: 0.273 Thread 0x000002270338fe10 Exception <a 'sun/nio/fs/WindowsException'{0x0000000718854a10}> (0x0000000718854a10) 
thrown [s\open\src\hotspot\share\prims\jni.cpp, line 516]
Event: 0.278 Thread 0x000002270338fe10 Exception <a 'sun/nio/fs/WindowsException'{0x000000071885f4e8}> (0x000000071885f4e8) 
thrown [s\open\src\hotspot\share\prims\jni.cpp, line 516]
Event: 0.278 Thread 0x000002270338fe10 Exception <a 'sun/nio/fs/WindowsException'{0x000000071885f7b8}> (0x000000071885f7b8) 
thrown [s\open\src\hotspot\share\prims\jni.cpp, line 516]

VM Operations (8 events):
Event: 0.066 Executing VM operation: ChangeBreakpoints
Event: 0.066 Executing VM operation: ChangeBreakpoints done
Event: 0.104 Executing VM operation: HandshakeAllThreads
Event: 0.104 Executing VM operation: HandshakeAllThreads done
Event: 0.169 Executing VM operation: HandshakeAllThreads
Event: 0.169 Executing VM operation: HandshakeAllThreads done
Event: 0.196 Executing VM operation: HandshakeAllThreads
Event: 0.196 Executing VM operation: HandshakeAllThreads done

Events (20 events):
Event: 0.232 loading class sun/misc/Unsafe
Event: 0.232 loading class sun/misc/Unsafe done
Event: 0.232 loading class jdk/internal/reflect/UnsafeFieldAccessorFactory
Event: 0.232 loading class jdk/internal/reflect/UnsafeFieldAccessorFactory done
Event: 0.232 loading class jdk/internal/reflect/UnsafeQualifiedStaticObjectFieldAccessorImpl
Event: 0.232 loading class jdk/internal/reflect/UnsafeQualifiedStaticFieldAccessorImpl
Event: 0.232 loading class jdk/internal/reflect/UnsafeQualifiedStaticFieldAccessorImpl done
Event: 0.232 loading class jdk/internal/reflect/UnsafeQualifiedStaticObjectFieldAccessorImpl done
Event: 0.233 loading class java/util/function/LongPredicate
Event: 0.233 loading class java/util/function/LongPredicate done
Event: 0.235 loading class jdk/internal/access/foreign/MemorySegmentProxy
Event: 0.235 loading class jdk/internal/access/foreign/MemorySegmentProxy done
Event: 0.239 loading class java/nio/InvalidMarkException
Event: 0.239 loading class java/nio/InvalidMarkException done
Event: 0.239 loading class java/nio/BufferUnderflowException
Event: 0.239 loading class java/nio/BufferUnderflowException done
Event: 0.275 Loaded shared library C:\Users\Asus\AppData\Local\Temp\lwjgl_Asus\3.3.4+7\x64\lwjgl_opengl.dll
Event: 0.277 Thread 0x000002276c69a770 Thread added: 0x000002276c69a770
Event: 0.281 loading class java/util/Formatter$FixedString
Event: 0.281 loading class java/util/Formatter$FixedString done


Dynamic libraries:
0x00007ff66bb30000 - 0x00007ff66bb40000 	C:\Program Files\Java\jdk-17\bin\java.exe
0x00007ffc41cf0000 - 0x00007ffc41f07000 	C:\Windows\SYSTEM32\ntdll.dll
0x00007ffc40990000 - 0x00007ffc40a54000 	C:\Windows\System32\KERNEL32.DLL
0x00007ffc3f250000 - 0x00007ffc3f5f6000 	C:\Windows\System32\KERNELBASE.dll
0x00007ffc3f130000 - 0x00007ffc3f241000 	C:\Windows\System32\ucrtbase.dll
0x00007ffc2cc00000 - 0x00007ffc2cc19000 	C:\Program Files\Java\jdk-17\bin\jli.dll
0x00007ffc2cc20000 - 0x00007ffc2cc3b000 	C:\Program Files\Java\jdk-17\bin\VCRUNTIME140.dll
0x00007ffc40ab0000 - 0x00007ffc40b60000 	C:\Windows\System32\ADVAPI32.dll
0x00007ffc41870000 - 0x00007ffc41917000 	C:\Windows\System32\msvcrt.dll
0x00007ffc41960000 - 0x00007ffc41a06000 	C:\Windows\System32\sechost.dll
0x00007ffc40ed0000 - 0x00007ffc40fe7000 	C:\Windows\System32\RPCRT4.dll
0x00007ffc3fa50000 - 0x00007ffc3fbfd000 	C:\Windows\System32\USER32.dll
0x00007ffc3f9b0000 - 0x00007ffc3f9d6000 	C:\Windows\System32\win32u.dll
0x00007ffc27450000 - 0x00007ffc276e3000 	C:\Windows\WinSxS\amd64_microsoft.windows.common-controls_6595b64144ccf1df_6.0.22621.2361_none_2712ced57382f843\COMCTL32.dll
0x00007ffc40b60000 - 0x00007ffc40b89000 	C:\Windows\System32\GDI32.dll
0x00007ffc3f890000 - 0x00007ffc3f9a8000 	C:\Windows\System32\gdi32full.dll
0x00007ffc3f680000 - 0x00007ffc3f71a000 	C:\Windows\System32\msvcp_win.dll
0x00007ffc36360000 - 0x00007ffc3636a000 	C:\Windows\SYSTEM32\VERSION.dll
0x00007ffc41920000 - 0x00007ffc41951000 	C:\Windows\System32\IMM32.DLL
0x00007ffc2dcb0000 - 0x00007ffc2dcbc000 	C:\Program Files\Java\jdk-17\bin\vcruntime140_1.dll
0x00007ffc21cc0000 - 0x00007ffc21d4e000 	C:\Program Files\Java\jdk-17\bin\msvcp140.dll
0x00007ffbdad70000 - 0x00007ffbdb94f000 	C:\Program Files\Java\jdk-17\bin\server\jvm.dll
0x00007ffc40e50000 - 0x00007ffc40e58000 	C:\Windows\System32\PSAPI.DLL
0x00007ffc363c0000 - 0x00007ffc363f4000 	C:\Windows\SYSTEM32\WINMM.dll
0x00007ffc2cbf0000 - 0x00007ffc2cbf9000 	C:\Windows\SYSTEM32\WSOCK32.dll
0x00007ffc40570000 - 0x00007ffc405e1000 	C:\Windows\System32\WS2_32.dll
0x00007ffc3e0b0000 - 0x00007ffc3e0c8000 	C:\Windows\SYSTEM32\kernel.appcore.dll
0x00007ffc2b450000 - 0x00007ffc2b45a000 	C:\Program Files\Java\jdk-17\bin\jimage.dll
0x00007ffc33b90000 - 0x00007ffc33dbe000 	C:\Windows\SYSTEM32\DBGHELP.DLL
0x00007ffc40600000 - 0x00007ffc4098a000 	C:\Windows\System32\combase.dll
0x00007ffc41bd0000 - 0x00007ffc41ca7000 	C:\Windows\System32\OLEAUT32.dll
0x00007ffc32510000 - 0x00007ffc32542000 	C:\Windows\SYSTEM32\dbgcore.DLL
0x00007ffc3f600000 - 0x00007ffc3f67a000 	C:\Windows\System32\bcryptPrimitives.dll
0x00007ffc21970000 - 0x00007ffc219ab000 	C:\Program Files\Java\jdk-17\bin\jdwp.dll
0x00007ffc21940000 - 0x00007ffc21965000 	C:\Program Files\Java\jdk-17\bin\java.dll
0x00007ffc0f860000 - 0x00007ffc0f937000 	C:\Program Files\Java\jdk-17\bin\jsvml.dll
0x00007ffc41010000 - 0x00007ffc41868000 	C:\Windows\System32\SHELL32.dll
0x00007ffc3cfd0000 - 0x00007ffc3d8c2000 	C:\Windows\SYSTEM32\windows.storage.dll
0x00007ffc3ce90000 - 0x00007ffc3cfce000 	C:\Windows\SYSTEM32\wintypes.dll
0x00007ffc402f0000 - 0x00007ffc403e3000 	C:\Windows\System32\SHCORE.dll
0x00007ffc40e60000 - 0x00007ffc40ebe000 	C:\Windows\System32\shlwapi.dll
0x00007ffc3efa0000 - 0x00007ffc3efc6000 	C:\Windows\SYSTEM32\profapi.dll
0x00007ffc2dcc0000 - 0x00007ffc2dccc000 	C:\Program Files\Java\jdk-17\bin\dt_socket.dll
0x00007ffc3db20000 - 0x00007ffc3db4d000 	C:\Windows\SYSTEM32\IPHLPAPI.DLL
0x00007ffc3e530000 - 0x00007ffc3e599000 	C:\Windows\system32\mswsock.dll
0x00007ffc3db50000 - 0x00007ffc3dc49000 	C:\Windows\SYSTEM32\DNSAPI.dll
0x00007ffc40ec0000 - 0x00007ffc40ec9000 	C:\Windows\System32\NSI.dll
0x00007ffc37840000 - 0x00007ffc3784a000 	C:\Windows\System32\rasadhlp.dll
0x00007ffc365f0000 - 0x00007ffc36674000 	C:\Windows\System32\fwpuclnt.dll
0x00007ffc2a640000 - 0x00007ffc2a659000 	C:\Program Files\Java\jdk-17\bin\net.dll
0x00007ffc385d0000 - 0x00007ffc38707000 	C:\Windows\SYSTEM32\WINHTTP.dll
0x00007ffc29e80000 - 0x00007ffc29e96000 	C:\Program Files\Java\jdk-17\bin\nio.dll
0x00007ffc26180000 - 0x00007ffc26198000 	C:\Program Files\Java\jdk-17\bin\zip.dll
0x00007ffc1e5e0000 - 0x00007ffc1e65b000 	C:\Users\Asus\AppData\Local\Temp\lwjgl_Asus\3.3.4+7\x64\lwjgl.dll
0x00007ffc0f7d0000 - 0x00007ffc0f855000 	C:\Users\Asus\AppData\Local\Temp\lwjgl_Asus\3.3.4+7\x64\glfw.dll
0x00007ffc1d270000 - 0x00007ffc1d2b6000 	C:\Windows\SYSTEM32\dinput8.dll
0x00007ffc20aa0000 - 0x00007ffc20ab1000 	C:\Windows\SYSTEM32\xinput1_4.dll
0x00007ffc3ece0000 - 0x00007ffc3ed2e000 	C:\Windows\SYSTEM32\cfgmgr32.dll
0x00007ffc3ecb0000 - 0x00007ffc3ecdc000 	C:\Windows\SYSTEM32\DEVOBJ.dll
0x00007ffc3c820000 - 0x00007ffc3c84b000 	C:\Windows\SYSTEM32\dwmapi.dll
0x00007ffc26330000 - 0x00007ffc2653a000 	C:\Windows\SYSTEM32\inputhost.dll
0x00007ffc3c120000 - 0x00007ffc3c253000 	C:\Windows\SYSTEM32\CoreMessaging.dll
0x00007ffc3c570000 - 0x00007ffc3c61b000 	C:\Windows\system32\uxtheme.dll
0x00007ffc3e7a0000 - 0x00007ffc3e7ac000 	C:\Windows\SYSTEM32\CRYPTBASE.DLL
0x00007ffc40110000 - 0x00007ffc4025c000 	C:\Windows\System32\MSCTF.dll
0x00007ffc09c30000 - 0x00007ffc09c91000 	C:\Users\Asus\AppData\Local\Temp\lwjgl_Asus\3.3.4+7\x64\lwjgl_opengl.dll
0x00007ffbfc830000 - 0x00007ffbfc930000 	C:\Windows\SYSTEM32\opengl32.dll
0x00007ffbfc7c0000 - 0x00007ffbfc7ed000 	C:\Windows\SYSTEM32\GLU32.dll
0x00007ffc3c6b0000 - 0x00007ffc3c6e6000 	C:\Windows\SYSTEM32\dxcore.dll

dbghelp: loaded successfully - version: 4.0.5 - missing functions: none
symbol engine: initialized successfully - sym options: 0x614 - pdb path: .;C:\Program Files\Java\jdk-17\bin;C:\Windows\SYSTEM32;C:\Windows\WinSxS\amd64_microsoft.windows.common-controls_6595b64144ccf1df_6.0.22621.2361_none_2712ced57382f843;C:\Program Files\Java\jdk-17\bin\server;C:\Users\Asus\AppData\Local\Temp\lwjgl_Asus\3.3.4+7\x64

VM Arguments:
jvm_args: -agentlib:jdwp=transport=dt_socket,server=n,suspend=y,address=localhost:59520 -XX:+ShowCodeDetailsInExceptionMessages 
java_command: org.PiEngine.Main
java_class_path (initial): D:\Project\Git\Pi-Engine\bin\main;C:\Users\Asus\.gradle\caches\modules-2\files-2.1\io.github.spair\imgui-java-app\1.89.0\b489c73b9762cd339860450dba936a0db5052d86\imgui-java-app-1.89.0.jar;C:\Users\Asus\.gradle\caches\modules-2\files-2.1\org.joml\joml-primitives\1.10.0\b3ae3ae0dfee0bf5aef9f7964205cca0f3c6ea07\joml-primitives-1.10.0.jar;C:\Users\Asus\.gradle\caches\modules-2\files-2.1\org.joml\joml\1.10.0\a29b8bf72dc1478e9ceea256db214188da94f313\joml-1.10.0.jar;C:\Users\Asus\.gradle\caches\modules-2\files-2.1\org.lwjgl\lwjgl-glfw\3.3.4\7e46ecdec85db8738053cfde1414352cd62dab74\lwjgl-glfw-3.3.4.jar;C:\Users\Asus\.gradle\caches\modules-2\files-2.1\org.lwjgl\lwjgl-glfw\3.3.4\91e3d4b56d6d1369ef107b9d7801c9f38125c590\lwjgl-glfw-3.3.4-natives-linux.jar;C:\Users\Asus\.gradle\caches\modules-2\files-2.1\org.lwjgl\lwjgl-glfw\3.3.4\370ef92d15819a123c643dd2b0fc3a2d40bb263c\lwjgl-glfw-3.3.4-natives-windows.jar;C:\Users\Asus\.gradle\caches\modules-2\files-2.1\org.lwjgl\lwjgl-glfw\3.3.4\753fa860987242ceefa990a6062a18dff4908a33\lwjgl-glfw-3.3.4-natives-macos.jar;C:\Users\Asus\.gradle\caches\modules-2\files-2.1\org.lwjgl\lwjgl-glfw\3.3.4\4c358e983516fb6318b76c892ac35b79e8f2f8d9\lwjgl-glfw-3.3.4-natives-macos-arm64.jar;C:\Users\Asus\.gradle\caches\modules-2\files-2.1\org.lwjgl\lwjgl-opengl\3.3.4\2852ac7d9f6fc71349f1ce28e2708ff1977f18af\lwjgl-opengl-3.3.4.jar;C:\Users\Asus\.gradle\caches\modules-2\files-2.1\org.lwjgl\lwjgl-opengl\3.3.4\789df76d2e3da55349d858dfb81442149af7c7f4\lwjgl-opengl-3.3.4-natives-linux.jar;C:\Users\Asus\.gradle\caches\modules-2\files-2.1\org.lwjgl\lwjgl-opengl\3.3.4\f7ca4e75573a9ce83075bd86bc8a3e49ff106696\lwjgl-opengl-3.3.4-natives-windows.jar;C:\Users\Asus\.gradle\caches\modules-2\files-2.1\org.lwjgl\lwjgl-opengl\3.3.4\ae0dd9d292744114f54d268a98cf1cd748b9994d\lwjgl-opengl-3.3.4-natives-macos.jar;C:\Users\Asus\.gradle\caches\modules-2\files-2.1\org.lwjgl\lwjgl-opengl\3.3.4\832e7deef981577ee7aeb3b9e1c74bc0e5d26cce\lwjgl-opengl-3.3.4-nat
Launcher Type: SUN_STANDARD

[Global flags]
     intx CICompilerCount                          = 12                                        {product} {ergonomic}
     uint ConcGCThreads                            = 3                                         {product} {ergonomic}
     uint G1ConcRefinementThreads                  = 13                                        {product} {ergonomic}
   size_t G1HeapRegionSize                         = 2097152                                   {product} {ergonomic}
    uintx GCDrainStackTargetSize                   = 64                                        {product} {ergonomic}
   size_t InitialHeapSize                          = 260046848                                 {product} {ergonomic}
   size_t MarkStackSize                            = 4194304                                   {product} {ergonomic}
   size_t MaxHeapSize                              = 4135583744                                {product} {ergonomic}
   size_t MaxNewSize                               = 2480930816                                {product} {ergonomic}
   size_t MinHeapDeltaBytes                        = 2097152                                   {product} {ergonomic}
   size_t MinHeapSize                              = 8388608                                   {product} {ergonomic}
    uintx NonNMethodCodeHeapSize                   = 7602480                                {pd product} {ergonomic}
    uintx NonProfiledCodeHeapSize                  = 122027880                              {pd product} {ergonomic}
    uintx ProfiledCodeHeapSize                     = 122027880                              {pd product} {ergonomic}
    uintx ReservedCodeCacheSize                    = 251658240                              {pd product} {ergonomic}
     bool SegmentedCodeCache                       = true                                      {product} {ergonomic}
     bool ShowCodeDetailsInExceptionMessages       = true                                   {manageable} {command line}
   size_t SoftMaxHeapSize                          = 4135583744                             {manageable} {ergonomic}
     bool UseCompressedClassPointers               = true                           {product lp64_product} {ergonomic}
     bool UseCompressedOops                        = true                           {product lp64_product} {ergonomic}
     bool UseG1GC                                  = true                                      {product} {ergonomic}
     bool UseLargePagesIndividualAllocation        = false                                  {pd product} {ergonomic}

Logging:
Log output configuration:
 #0: stdout all=warning uptime,level,tags
 #1: stderr all=off uptime,level,tags

Environment Variables:
PATH=C:\Program Files\NVIDIA GPU Computing Toolkit\CUDA\v12.4\bin;C:\Program Files\NVIDIA GPU Computing Toolkit\CUDA\v12.4\libnvvp;C:\Program Files\Common Files\Oracle\Java\javapath;C:\Program Files (x86)\Common Files\Oracle\Java\java8path;C:\Program Files (x86)\Common Files\Oracle\Java\javapath;C:\Program Files (x86)\Common Files\Intel\Shared Libraries\redist\intel64\compiler;C:\Windows\system32;C:\Windows;C:\Windows\System32\Wbem;C:\Windows\System32\WindowsPowerShell\v1.0\;C:\Windows\System32\OpenSSH\;C:\Program Files\dotnet\;C:\Program Files\Intel\PresentMon\PresentMonApplication\;C:\Program Files (x86)\NVIDIA Corporation\PhysX\Common;C:\Program Files (x86)\Windows Kits\10\Windows Performance Toolkit\;C:\Program Files\Git\cmd;C:\scrcpy-win64-v2.4;C:\Program Files (x86)\cloudflared\;D:\Programs\SWIG\swig;C:\Users\Asus\AppData\Local\Programs\Python\Python312\Scripts;C:\Program Files\nodejs\;C:\Program Files\NVIDIA Corporation\NVIDIA app\NvDLISR;C:\Program Files\MySQL\MySQL Shell 8.0\bin\;C:\Users\Asus\AppData\Local\Microsoft\WindowsApps;C:\Users\Asus\AppData\Local\Programs\Microsoft VS Code\bin;C:\MinGW\bin;C:\Users\Asus\AppData\Local\GitHubDesktop\bin;C:\Users\Asus\AppData\Roaming\npm;C:\Users\Asus\.deno\bin;C:\Program Files\JetBrains\IntelliJ IDEA Community Edition 2024.3.3\bin;
USERNAME=Asus
OS=Windows_NT
PROCESSOR_IDENTIFIER=AMD64 Family 25 Model 80 Stepping 0, AuthenticAMD



---------------  S Y S T E M  ---------------

OS:
 Windows 11 , 64 bit Build 22621 (10.0.22621.2428)
OS uptime: 0 days 11:14 hours

CPU: total 16 (initial active 16) (16 cores per cpu, 2 threads per core) family 25 model 80 stepping 0 microcode 0x0, cx8, cmov, fxsr, ht, mmx, 3dnowpref, sse, sse2, sse3, ssse3, sse4a, sse4.1, sse4.2, popcnt, lzcnt, tsc, tscinvbit, avx, avx2, aes, erms, clmul, bmi1, bmi2, adx, sha, fma, vzeroupper, clflush, clflushopt

Memory: 4k page, system-wide physical 15773M (3696M free)
TotalPageFile size 24477M (AvailPageFile size 5556M)
current process WorkingSet (physical memory assigned to process): 55M, peak: 55M
current process commit charge ("private bytes"): 356M, peak: 356M

vm_info: Java HotSpot(TM) 64-Bit Server VM (17.0.10+11-LTS-240) for windows-amd64 JRE (17.0.10+11-LTS-240), built on Dec 19 2023 21:47:25 by "mach5one" with MS VC++ 17.1 (VS2022)

END.
